[2025-04-13T21:01:01.190+0000] {taskinstance.py:1157} INFO - Dependencies all met for dep_context=non-requeueable deps ti=<TaskInstance: daily_search_volume_aggregation.aggregate_search_volume scheduled__2025-04-13T20:01:00+00:00 [queued]>
[2025-04-13T21:01:01.197+0000] {taskinstance.py:1157} INFO - Dependencies all met for dep_context=requeueable deps ti=<TaskInstance: daily_search_volume_aggregation.aggregate_search_volume scheduled__2025-04-13T20:01:00+00:00 [queued]>
[2025-04-13T21:01:01.198+0000] {taskinstance.py:1359} INFO - Starting attempt 1 of 2
[2025-04-13T21:01:01.209+0000] {taskinstance.py:1380} INFO - Executing <Task(SparkSubmitOperator): aggregate_search_volume> on 2025-04-13 20:01:00+00:00
[2025-04-13T21:01:01.214+0000] {standard_task_runner.py:57} INFO - Started process 584 to run task
[2025-04-13T21:01:01.219+0000] {standard_task_runner.py:84} INFO - Running: ['airflow', 'tasks', 'run', 'daily_search_volume_aggregation', 'aggregate_search_volume', 'scheduled__2025-04-13T20:01:00+00:00', '--job-id', '4', '--raw', '--subdir', 'DAGS_FOLDER/daily_search_volume_aggregation.py', '--cfg-path', '/tmp/tmpzil88kqb']
[2025-04-13T21:01:01.222+0000] {standard_task_runner.py:85} INFO - Job 4: Subtask aggregate_search_volume
[2025-04-13T21:01:01.280+0000] {task_command.py:415} INFO - Running <TaskInstance: daily_search_volume_aggregation.aggregate_search_volume scheduled__2025-04-13T20:01:00+00:00 [running]> on host c83515e07597
[2025-04-13T21:01:01.367+0000] {taskinstance.py:1660} INFO - Exporting env vars: AIRFLOW_CTX_DAG_OWNER='airflow' AIRFLOW_CTX_DAG_ID='daily_search_volume_aggregation' AIRFLOW_CTX_TASK_ID='aggregate_search_volume' AIRFLOW_CTX_EXECUTION_DATE='2025-04-13T20:01:00+00:00' AIRFLOW_CTX_TRY_NUMBER='1' AIRFLOW_CTX_DAG_RUN_ID='scheduled__2025-04-13T20:01:00+00:00'
[2025-04-13T21:01:01.369+0000] {base.py:73} INFO - Using connection ID 'spark_default' for task execution.
[2025-04-13T21:01:01.370+0000] {spark_submit.py:340} INFO - Spark-Submit cmd: spark-submit --master spark:7077 --conf spark.driver.memory=1g --conf spark.executor.memory=1g --conf spark.jars.packages=mysql:mysql-connector-java:8.0.28 --name arrow-spark --verbose /opt/airflow/dags/spark/daily_aggregation.py
[2025-04-13T21:01:04.682+0000] {spark_submit.py:491} INFO - Using properties file: null
[2025-04-13T21:01:04.850+0000] {spark_submit.py:491} INFO - Parsed arguments:
[2025-04-13T21:01:04.850+0000] {spark_submit.py:491} INFO - master                  spark:7077
[2025-04-13T21:01:04.851+0000] {spark_submit.py:491} INFO - remote                  null
[2025-04-13T21:01:04.851+0000] {spark_submit.py:491} INFO - deployMode              null
[2025-04-13T21:01:04.851+0000] {spark_submit.py:491} INFO - executorMemory          1g
[2025-04-13T21:01:04.851+0000] {spark_submit.py:491} INFO - executorCores           null
[2025-04-13T21:01:04.851+0000] {spark_submit.py:491} INFO - totalExecutorCores      null
[2025-04-13T21:01:04.852+0000] {spark_submit.py:491} INFO - propertiesFile          null
[2025-04-13T21:01:04.852+0000] {spark_submit.py:491} INFO - driverMemory            1g
[2025-04-13T21:01:04.852+0000] {spark_submit.py:491} INFO - driverCores             null
[2025-04-13T21:01:04.852+0000] {spark_submit.py:491} INFO - driverExtraClassPath    null
[2025-04-13T21:01:04.852+0000] {spark_submit.py:491} INFO - driverExtraLibraryPath  null
[2025-04-13T21:01:04.852+0000] {spark_submit.py:491} INFO - driverExtraJavaOptions  null
[2025-04-13T21:01:04.853+0000] {spark_submit.py:491} INFO - supervise               false
[2025-04-13T21:01:04.853+0000] {spark_submit.py:491} INFO - queue                   null
[2025-04-13T21:01:04.853+0000] {spark_submit.py:491} INFO - numExecutors            null
[2025-04-13T21:01:04.853+0000] {spark_submit.py:491} INFO - files                   null
[2025-04-13T21:01:04.853+0000] {spark_submit.py:491} INFO - pyFiles                 null
[2025-04-13T21:01:04.854+0000] {spark_submit.py:491} INFO - archives                null
[2025-04-13T21:01:04.854+0000] {spark_submit.py:491} INFO - mainClass               null
[2025-04-13T21:01:04.854+0000] {spark_submit.py:491} INFO - primaryResource         file:/opt/airflow/dags/spark/daily_aggregation.py
[2025-04-13T21:01:04.854+0000] {spark_submit.py:491} INFO - name                    arrow-spark
[2025-04-13T21:01:04.855+0000] {spark_submit.py:491} INFO - childArgs               []
[2025-04-13T21:01:04.855+0000] {spark_submit.py:491} INFO - jars                    null
[2025-04-13T21:01:04.855+0000] {spark_submit.py:491} INFO - packages                mysql:mysql-connector-java:8.0.28
[2025-04-13T21:01:04.856+0000] {spark_submit.py:491} INFO - packagesExclusions      null
[2025-04-13T21:01:04.856+0000] {spark_submit.py:491} INFO - repositories            null
[2025-04-13T21:01:04.856+0000] {spark_submit.py:491} INFO - verbose                 true
[2025-04-13T21:01:04.856+0000] {spark_submit.py:491} INFO - 
[2025-04-13T21:01:04.857+0000] {spark_submit.py:491} INFO - Spark properties used, including those specified through
[2025-04-13T21:01:04.857+0000] {spark_submit.py:491} INFO - --conf and those from the properties file null:
[2025-04-13T21:01:04.857+0000] {spark_submit.py:491} INFO - (spark.driver.memory,1g)
[2025-04-13T21:01:04.857+0000] {spark_submit.py:491} INFO - (spark.executor.memory,1g)
[2025-04-13T21:01:04.857+0000] {spark_submit.py:491} INFO - (spark.jars.packages,mysql:mysql-connector-java:8.0.28)
[2025-04-13T21:01:04.857+0000] {spark_submit.py:491} INFO - 
[2025-04-13T21:01:04.858+0000] {spark_submit.py:491} INFO - 
[2025-04-13T21:01:05.010+0000] {spark_submit.py:491} INFO - :: loading settings :: url = jar:file:/home/airflow/.local/lib/python3.8/site-packages/pyspark/jars/ivy-2.5.1.jar!/org/apache/ivy/core/settings/ivysettings.xml
[2025-04-13T21:01:05.252+0000] {spark_submit.py:491} INFO - Ivy Default Cache set to: /home/airflow/.ivy2/cache
[2025-04-13T21:01:05.253+0000] {spark_submit.py:491} INFO - The jars for the packages stored in: /home/airflow/.ivy2/jars
[2025-04-13T21:01:05.259+0000] {spark_submit.py:491} INFO - mysql#mysql-connector-java added as a dependency
[2025-04-13T21:01:05.261+0000] {spark_submit.py:491} INFO - :: resolving dependencies :: org.apache.spark#spark-submit-parent-6da69cc4-5c32-4f30-8ed3-65e94e765a68;1.0
[2025-04-13T21:01:05.261+0000] {spark_submit.py:491} INFO - confs: [default]
[2025-04-13T21:01:07.231+0000] {spark_submit.py:491} INFO - found mysql#mysql-connector-java;8.0.28 in central
[2025-04-13T21:01:10.817+0000] {spark_submit.py:491} INFO - found com.google.protobuf#protobuf-java;3.11.4 in central
[2025-04-13T21:01:11.058+0000] {spark_submit.py:491} INFO - downloading https://repo1.maven.org/maven2/mysql/mysql-connector-java/8.0.28/mysql-connector-java-8.0.28.jar ...
[2025-04-13T21:01:13.809+0000] {spark_submit.py:491} INFO - [SUCCESSFUL ] mysql#mysql-connector-java;8.0.28!mysql-connector-java.jar (2966ms)
[2025-04-13T21:01:14.030+0000] {spark_submit.py:491} INFO - downloading https://repo1.maven.org/maven2/com/google/protobuf/protobuf-java/3.11.4/protobuf-java-3.11.4.jar ...
[2025-04-13T21:01:15.628+0000] {spark_submit.py:491} INFO - [SUCCESSFUL ] com.google.protobuf#protobuf-java;3.11.4!protobuf-java.jar(bundle) (1813ms)
[2025-04-13T21:01:15.635+0000] {spark_submit.py:491} INFO - :: resolution report :: resolve 5571ms :: artifacts dl 4803ms
[2025-04-13T21:01:15.636+0000] {spark_submit.py:491} INFO - :: modules in use:
[2025-04-13T21:01:15.636+0000] {spark_submit.py:491} INFO - com.google.protobuf#protobuf-java;3.11.4 from central in [default]
[2025-04-13T21:01:15.637+0000] {spark_submit.py:491} INFO - mysql#mysql-connector-java;8.0.28 from central in [default]
[2025-04-13T21:01:15.637+0000] {spark_submit.py:491} INFO - ---------------------------------------------------------------------
[2025-04-13T21:01:15.637+0000] {spark_submit.py:491} INFO - |                  |            modules            ||   artifacts   |
[2025-04-13T21:01:15.638+0000] {spark_submit.py:491} INFO - |       conf       | number| search|dwnlded|evicted|| number|dwnlded|
[2025-04-13T21:01:15.638+0000] {spark_submit.py:491} INFO - ---------------------------------------------------------------------
[2025-04-13T21:01:15.638+0000] {spark_submit.py:491} INFO - |      default     |   2   |   2   |   2   |   0   ||   2   |   2   |
[2025-04-13T21:01:15.638+0000] {spark_submit.py:491} INFO - ---------------------------------------------------------------------
[2025-04-13T21:01:15.646+0000] {spark_submit.py:491} INFO - :: retrieving :: org.apache.spark#spark-submit-parent-6da69cc4-5c32-4f30-8ed3-65e94e765a68
[2025-04-13T21:01:15.647+0000] {spark_submit.py:491} INFO - confs: [default]
[2025-04-13T21:01:15.666+0000] {spark_submit.py:491} INFO - 2 artifacts copied, 0 already retrieved (4040kB/20ms)
[2025-04-13T21:01:15.977+0000] {spark_submit.py:491} INFO - 25/04/13 21:01:15 WARN NativeCodeLoader: Unable to load native-hadoop library for your platform... using builtin-java classes where applicable
[2025-04-13T21:01:16.343+0000] {spark_submit.py:491} INFO - Main class:
[2025-04-13T21:01:16.344+0000] {spark_submit.py:491} INFO - org.apache.spark.deploy.PythonRunner
[2025-04-13T21:01:16.345+0000] {spark_submit.py:491} INFO - Arguments:
[2025-04-13T21:01:16.345+0000] {spark_submit.py:491} INFO - file:/opt/airflow/dags/spark/daily_aggregation.py
[2025-04-13T21:01:16.346+0000] {spark_submit.py:491} INFO - file:///home/airflow/.ivy2/jars/mysql_mysql-connector-java-8.0.28.jar,file:///home/airflow/.ivy2/jars/com.google.protobuf_protobuf-java-3.11.4.jar
[2025-04-13T21:01:16.352+0000] {spark_submit.py:491} INFO - Spark config:
[2025-04-13T21:01:16.352+0000] {spark_submit.py:491} INFO - (spark.app.name,arrow-spark)
[2025-04-13T21:01:16.352+0000] {spark_submit.py:491} INFO - (spark.app.submitTime,1744578076294)
[2025-04-13T21:01:16.352+0000] {spark_submit.py:491} INFO - (spark.driver.memory,1g)
[2025-04-13T21:01:16.353+0000] {spark_submit.py:491} INFO - (spark.executor.memory,1g)
[2025-04-13T21:01:16.353+0000] {spark_submit.py:491} INFO - (spark.files,file:///home/airflow/.ivy2/jars/mysql_mysql-connector-java-8.0.28.jar,file:///home/airflow/.ivy2/jars/com.google.protobuf_protobuf-java-3.11.4.jar)
[2025-04-13T21:01:16.353+0000] {spark_submit.py:491} INFO - (spark.jars,file:///home/airflow/.ivy2/jars/mysql_mysql-connector-java-8.0.28.jar,file:///home/airflow/.ivy2/jars/com.google.protobuf_protobuf-java-3.11.4.jar)
[2025-04-13T21:01:16.353+0000] {spark_submit.py:491} INFO - (spark.jars.packages,mysql:mysql-connector-java:8.0.28)
[2025-04-13T21:01:16.353+0000] {spark_submit.py:491} INFO - (spark.master,spark:7077)
[2025-04-13T21:01:16.353+0000] {spark_submit.py:491} INFO - (spark.repl.local.jars,file:///home/airflow/.ivy2/jars/mysql_mysql-connector-java-8.0.28.jar,file:///home/airflow/.ivy2/jars/com.google.protobuf_protobuf-java-3.11.4.jar)
[2025-04-13T21:01:16.353+0000] {spark_submit.py:491} INFO - (spark.submit.deployMode,client)
[2025-04-13T21:01:16.354+0000] {spark_submit.py:491} INFO - (spark.submit.pyFiles,/home/airflow/.ivy2/jars/mysql_mysql-connector-java-8.0.28.jar,/home/airflow/.ivy2/jars/com.google.protobuf_protobuf-java-3.11.4.jar)
[2025-04-13T21:01:16.354+0000] {spark_submit.py:491} INFO - Classpath elements:
[2025-04-13T21:01:16.354+0000] {spark_submit.py:491} INFO - file:///home/airflow/.ivy2/jars/mysql_mysql-connector-java-8.0.28.jar
[2025-04-13T21:01:16.354+0000] {spark_submit.py:491} INFO - file:///home/airflow/.ivy2/jars/com.google.protobuf_protobuf-java-3.11.4.jar
[2025-04-13T21:01:16.354+0000] {spark_submit.py:491} INFO - 
[2025-04-13T21:01:16.354+0000] {spark_submit.py:491} INFO - 
[2025-04-13T21:01:17.641+0000] {spark_submit.py:491} INFO - 25/04/13 21:01:17 INFO SparkContext: Running Spark version 3.5.5
[2025-04-13T21:01:17.642+0000] {spark_submit.py:491} INFO - 25/04/13 21:01:17 INFO SparkContext: OS info Linux, 6.12.5-linuxkit, amd64
[2025-04-13T21:01:17.642+0000] {spark_submit.py:491} INFO - 25/04/13 21:01:17 INFO SparkContext: Java version 11.0.26
[2025-04-13T21:01:17.678+0000] {spark_submit.py:491} INFO - 25/04/13 21:01:17 INFO ResourceUtils: ==============================================================
[2025-04-13T21:01:17.678+0000] {spark_submit.py:491} INFO - 25/04/13 21:01:17 INFO ResourceUtils: No custom resources configured for spark.driver.
[2025-04-13T21:01:17.679+0000] {spark_submit.py:491} INFO - 25/04/13 21:01:17 INFO ResourceUtils: ==============================================================
[2025-04-13T21:01:17.679+0000] {spark_submit.py:491} INFO - 25/04/13 21:01:17 INFO SparkContext: Submitted application: DailySearchVolumeAggregation
[2025-04-13T21:01:17.715+0000] {spark_submit.py:491} INFO - 25/04/13 21:01:17 INFO ResourceProfile: Default ResourceProfile created, executor resources: Map(cores -> name: cores, amount: 1, script: , vendor: , memory -> name: memory, amount: 1024, script: , vendor: , offHeap -> name: offHeap, amount: 0, script: , vendor: ), task resources: Map(cpus -> name: cpus, amount: 1.0)
[2025-04-13T21:01:17.726+0000] {spark_submit.py:491} INFO - 25/04/13 21:01:17 INFO ResourceProfile: Limiting resource is cpu
[2025-04-13T21:01:17.727+0000] {spark_submit.py:491} INFO - 25/04/13 21:01:17 INFO ResourceProfileManager: Added ResourceProfile id: 0
[2025-04-13T21:01:17.796+0000] {spark_submit.py:491} INFO - 25/04/13 21:01:17 INFO SecurityManager: Changing view acls to: airflow
[2025-04-13T21:01:17.797+0000] {spark_submit.py:491} INFO - 25/04/13 21:01:17 INFO SecurityManager: Changing modify acls to: airflow
[2025-04-13T21:01:17.797+0000] {spark_submit.py:491} INFO - 25/04/13 21:01:17 INFO SecurityManager: Changing view acls groups to:
[2025-04-13T21:01:17.798+0000] {spark_submit.py:491} INFO - 25/04/13 21:01:17 INFO SecurityManager: Changing modify acls groups to:
[2025-04-13T21:01:17.799+0000] {spark_submit.py:491} INFO - 25/04/13 21:01:17 INFO SecurityManager: SecurityManager: authentication disabled; ui acls disabled; users with view permissions: airflow; groups with view permissions: EMPTY; users with modify permissions: airflow; groups with modify permissions: EMPTY
[2025-04-13T21:01:18.068+0000] {spark_submit.py:491} INFO - 25/04/13 21:01:18 INFO Utils: Successfully started service 'sparkDriver' on port 44791.
[2025-04-13T21:01:18.111+0000] {spark_submit.py:491} INFO - 25/04/13 21:01:18 INFO SparkEnv: Registering MapOutputTracker
[2025-04-13T21:01:18.155+0000] {spark_submit.py:491} INFO - 25/04/13 21:01:18 INFO SparkEnv: Registering BlockManagerMaster
[2025-04-13T21:01:18.169+0000] {spark_submit.py:491} INFO - 25/04/13 21:01:18 INFO BlockManagerMasterEndpoint: Using org.apache.spark.storage.DefaultTopologyMapper for getting topology information
[2025-04-13T21:01:18.170+0000] {spark_submit.py:491} INFO - 25/04/13 21:01:18 INFO BlockManagerMasterEndpoint: BlockManagerMasterEndpoint up
[2025-04-13T21:01:18.175+0000] {spark_submit.py:491} INFO - 25/04/13 21:01:18 INFO SparkEnv: Registering BlockManagerMasterHeartbeat
[2025-04-13T21:01:18.192+0000] {spark_submit.py:491} INFO - 25/04/13 21:01:18 INFO DiskBlockManager: Created local directory at /tmp/blockmgr-308fdf22-9430-44e3-bb66-9d6ffa765eb6
[2025-04-13T21:01:18.206+0000] {spark_submit.py:491} INFO - 25/04/13 21:01:18 INFO MemoryStore: MemoryStore started with capacity 434.4 MiB
[2025-04-13T21:01:18.223+0000] {spark_submit.py:491} INFO - 25/04/13 21:01:18 INFO SparkEnv: Registering OutputCommitCoordinator
[2025-04-13T21:01:18.392+0000] {spark_submit.py:491} INFO - 25/04/13 21:01:18 INFO JettyUtils: Start Jetty 0.0.0.0:4040 for SparkUI
[2025-04-13T21:01:18.564+0000] {spark_submit.py:491} INFO - 25/04/13 21:01:18 INFO Utils: Successfully started service 'SparkUI' on port 4040.
[2025-04-13T21:01:18.633+0000] {spark_submit.py:491} INFO - 25/04/13 21:01:18 INFO SparkContext: Added JAR file:///home/airflow/.ivy2/jars/mysql_mysql-connector-java-8.0.28.jar at spark://c83515e07597:44791/jars/mysql_mysql-connector-java-8.0.28.jar with timestamp 1744578077628
[2025-04-13T21:01:18.634+0000] {spark_submit.py:491} INFO - 25/04/13 21:01:18 INFO SparkContext: Added JAR file:///home/airflow/.ivy2/jars/com.google.protobuf_protobuf-java-3.11.4.jar at spark://c83515e07597:44791/jars/com.google.protobuf_protobuf-java-3.11.4.jar with timestamp 1744578077628
[2025-04-13T21:01:18.643+0000] {spark_submit.py:491} INFO - 25/04/13 21:01:18 INFO SparkContext: Added file file:///home/airflow/.ivy2/jars/mysql_mysql-connector-java-8.0.28.jar at file:///home/airflow/.ivy2/jars/mysql_mysql-connector-java-8.0.28.jar with timestamp 1744578077628
[2025-04-13T21:01:18.645+0000] {spark_submit.py:491} INFO - 25/04/13 21:01:18 INFO Utils: Copying /home/airflow/.ivy2/jars/mysql_mysql-connector-java-8.0.28.jar to /tmp/spark-13e3eb1e-bc4e-4e82-90d8-0fd2e91f442e/userFiles-490eed92-279b-4aca-b4f0-54c1ba9725d7/mysql_mysql-connector-java-8.0.28.jar
[2025-04-13T21:01:18.696+0000] {spark_submit.py:491} INFO - 25/04/13 21:01:18 INFO SparkContext: Added file file:///home/airflow/.ivy2/jars/com.google.protobuf_protobuf-java-3.11.4.jar at file:///home/airflow/.ivy2/jars/com.google.protobuf_protobuf-java-3.11.4.jar with timestamp 1744578077628
[2025-04-13T21:01:18.697+0000] {spark_submit.py:491} INFO - 25/04/13 21:01:18 INFO Utils: Copying /home/airflow/.ivy2/jars/com.google.protobuf_protobuf-java-3.11.4.jar to /tmp/spark-13e3eb1e-bc4e-4e82-90d8-0fd2e91f442e/userFiles-490eed92-279b-4aca-b4f0-54c1ba9725d7/com.google.protobuf_protobuf-java-3.11.4.jar
[2025-04-13T21:01:18.860+0000] {spark_submit.py:491} INFO - 25/04/13 21:01:18 INFO Executor: Starting executor ID driver on host c83515e07597
[2025-04-13T21:01:18.861+0000] {spark_submit.py:491} INFO - 25/04/13 21:01:18 INFO Executor: OS info Linux, 6.12.5-linuxkit, amd64
[2025-04-13T21:01:18.861+0000] {spark_submit.py:491} INFO - 25/04/13 21:01:18 INFO Executor: Java version 11.0.26
[2025-04-13T21:01:18.881+0000] {spark_submit.py:491} INFO - 25/04/13 21:01:18 INFO Executor: Starting executor with user classpath (userClassPathFirst = false): ''
[2025-04-13T21:01:18.882+0000] {spark_submit.py:491} INFO - 25/04/13 21:01:18 INFO Executor: Created or updated repl class loader org.apache.spark.util.MutableURLClassLoader@3749a090 for default.
[2025-04-13T21:01:18.894+0000] {spark_submit.py:491} INFO - 25/04/13 21:01:18 INFO Executor: Fetching file:///home/airflow/.ivy2/jars/mysql_mysql-connector-java-8.0.28.jar with timestamp 1744578077628
[2025-04-13T21:01:18.912+0000] {spark_submit.py:491} INFO - 25/04/13 21:01:18 INFO Utils: /home/airflow/.ivy2/jars/mysql_mysql-connector-java-8.0.28.jar has been previously copied to /tmp/spark-13e3eb1e-bc4e-4e82-90d8-0fd2e91f442e/userFiles-490eed92-279b-4aca-b4f0-54c1ba9725d7/mysql_mysql-connector-java-8.0.28.jar
[2025-04-13T21:01:18.939+0000] {spark_submit.py:491} INFO - 25/04/13 21:01:18 INFO Executor: Fetching file:///home/airflow/.ivy2/jars/com.google.protobuf_protobuf-java-3.11.4.jar with timestamp 1744578077628
[2025-04-13T21:01:18.941+0000] {spark_submit.py:491} INFO - 25/04/13 21:01:18 INFO Utils: /home/airflow/.ivy2/jars/com.google.protobuf_protobuf-java-3.11.4.jar has been previously copied to /tmp/spark-13e3eb1e-bc4e-4e82-90d8-0fd2e91f442e/userFiles-490eed92-279b-4aca-b4f0-54c1ba9725d7/com.google.protobuf_protobuf-java-3.11.4.jar
[2025-04-13T21:01:18.971+0000] {spark_submit.py:491} INFO - 25/04/13 21:01:18 INFO Executor: Fetching spark://c83515e07597:44791/jars/com.google.protobuf_protobuf-java-3.11.4.jar with timestamp 1744578077628
[2025-04-13T21:01:19.034+0000] {spark_submit.py:491} INFO - 25/04/13 21:01:19 INFO TransportClientFactory: Successfully created connection to c83515e07597/172.18.0.8:44791 after 48 ms (0 ms spent in bootstraps)
[2025-04-13T21:01:19.051+0000] {spark_submit.py:491} INFO - 25/04/13 21:01:19 INFO Utils: Fetching spark://c83515e07597:44791/jars/com.google.protobuf_protobuf-java-3.11.4.jar to /tmp/spark-13e3eb1e-bc4e-4e82-90d8-0fd2e91f442e/userFiles-490eed92-279b-4aca-b4f0-54c1ba9725d7/fetchFileTemp11062286339612395654.tmp
[2025-04-13T21:01:19.086+0000] {spark_submit.py:491} INFO - 25/04/13 21:01:19 INFO Utils: /tmp/spark-13e3eb1e-bc4e-4e82-90d8-0fd2e91f442e/userFiles-490eed92-279b-4aca-b4f0-54c1ba9725d7/fetchFileTemp11062286339612395654.tmp has been previously copied to /tmp/spark-13e3eb1e-bc4e-4e82-90d8-0fd2e91f442e/userFiles-490eed92-279b-4aca-b4f0-54c1ba9725d7/com.google.protobuf_protobuf-java-3.11.4.jar
[2025-04-13T21:01:19.115+0000] {spark_submit.py:491} INFO - 25/04/13 21:01:19 INFO Executor: Adding file:/tmp/spark-13e3eb1e-bc4e-4e82-90d8-0fd2e91f442e/userFiles-490eed92-279b-4aca-b4f0-54c1ba9725d7/com.google.protobuf_protobuf-java-3.11.4.jar to class loader default
[2025-04-13T21:01:19.115+0000] {spark_submit.py:491} INFO - 25/04/13 21:01:19 INFO Executor: Fetching spark://c83515e07597:44791/jars/mysql_mysql-connector-java-8.0.28.jar with timestamp 1744578077628
[2025-04-13T21:01:19.116+0000] {spark_submit.py:491} INFO - 25/04/13 21:01:19 INFO Utils: Fetching spark://c83515e07597:44791/jars/mysql_mysql-connector-java-8.0.28.jar to /tmp/spark-13e3eb1e-bc4e-4e82-90d8-0fd2e91f442e/userFiles-490eed92-279b-4aca-b4f0-54c1ba9725d7/fetchFileTemp8015187496715818898.tmp
[2025-04-13T21:01:19.141+0000] {spark_submit.py:491} INFO - 25/04/13 21:01:19 INFO Utils: /tmp/spark-13e3eb1e-bc4e-4e82-90d8-0fd2e91f442e/userFiles-490eed92-279b-4aca-b4f0-54c1ba9725d7/fetchFileTemp8015187496715818898.tmp has been previously copied to /tmp/spark-13e3eb1e-bc4e-4e82-90d8-0fd2e91f442e/userFiles-490eed92-279b-4aca-b4f0-54c1ba9725d7/mysql_mysql-connector-java-8.0.28.jar
[2025-04-13T21:01:19.170+0000] {spark_submit.py:491} INFO - 25/04/13 21:01:19 INFO Executor: Adding file:/tmp/spark-13e3eb1e-bc4e-4e82-90d8-0fd2e91f442e/userFiles-490eed92-279b-4aca-b4f0-54c1ba9725d7/mysql_mysql-connector-java-8.0.28.jar to class loader default
[2025-04-13T21:01:19.191+0000] {spark_submit.py:491} INFO - 25/04/13 21:01:19 INFO Utils: Successfully started service 'org.apache.spark.network.netty.NettyBlockTransferService' on port 33223.
[2025-04-13T21:01:19.191+0000] {spark_submit.py:491} INFO - 25/04/13 21:01:19 INFO NettyBlockTransferService: Server created on c83515e07597:33223
[2025-04-13T21:01:19.193+0000] {spark_submit.py:491} INFO - 25/04/13 21:01:19 INFO BlockManager: Using org.apache.spark.storage.RandomBlockReplicationPolicy for block replication policy
[2025-04-13T21:01:19.198+0000] {spark_submit.py:491} INFO - 25/04/13 21:01:19 INFO BlockManagerMaster: Registering BlockManager BlockManagerId(driver, c83515e07597, 33223, None)
[2025-04-13T21:01:19.202+0000] {spark_submit.py:491} INFO - 25/04/13 21:01:19 INFO BlockManagerMasterEndpoint: Registering block manager c83515e07597:33223 with 434.4 MiB RAM, BlockManagerId(driver, c83515e07597, 33223, None)
[2025-04-13T21:01:19.206+0000] {spark_submit.py:491} INFO - 25/04/13 21:01:19 INFO BlockManagerMaster: Registered BlockManager BlockManagerId(driver, c83515e07597, 33223, None)
[2025-04-13T21:01:19.207+0000] {spark_submit.py:491} INFO - 25/04/13 21:01:19 INFO BlockManager: Initialized BlockManager: BlockManagerId(driver, c83515e07597, 33223, None)
[2025-04-13T21:01:19.767+0000] {spark_submit.py:491} INFO - 25/04/13 21:01:19 INFO SharedState: Setting hive.metastore.warehouse.dir ('null') to the value of spark.sql.warehouse.dir.
[2025-04-13T21:01:19.774+0000] {spark_submit.py:491} INFO - 25/04/13 21:01:19 INFO SharedState: Warehouse path is 'file:/opt/airflow/spark-warehouse'.
[2025-04-13T21:01:24.053+0000] {spark_submit.py:491} INFO - 25/04/13 21:01:24 INFO CodeGenerator: Code generated in 308.833042 ms
[2025-04-13T21:01:24.331+0000] {spark_submit.py:491} INFO - 25/04/13 21:01:24 INFO DAGScheduler: Registering RDD 3 (save at NativeMethodAccessorImpl.java:0) as input to shuffle 0
[2025-04-13T21:01:24.337+0000] {spark_submit.py:491} INFO - 25/04/13 21:01:24 INFO DAGScheduler: Got map stage job 0 (save at NativeMethodAccessorImpl.java:0) with 1 output partitions
[2025-04-13T21:01:24.337+0000] {spark_submit.py:491} INFO - 25/04/13 21:01:24 INFO DAGScheduler: Final stage: ShuffleMapStage 0 (save at NativeMethodAccessorImpl.java:0)
[2025-04-13T21:01:24.338+0000] {spark_submit.py:491} INFO - 25/04/13 21:01:24 INFO DAGScheduler: Parents of final stage: List()
[2025-04-13T21:01:24.342+0000] {spark_submit.py:491} INFO - 25/04/13 21:01:24 INFO DAGScheduler: Missing parents: List()
[2025-04-13T21:01:24.346+0000] {spark_submit.py:491} INFO - 25/04/13 21:01:24 INFO DAGScheduler: Submitting ShuffleMapStage 0 (MapPartitionsRDD[3] at save at NativeMethodAccessorImpl.java:0), which has no missing parents
[2025-04-13T21:01:24.538+0000] {spark_submit.py:491} INFO - 25/04/13 21:01:24 INFO MemoryStore: Block broadcast_0 stored as values in memory (estimated size 32.2 KiB, free 434.4 MiB)
[2025-04-13T21:01:24.578+0000] {spark_submit.py:491} INFO - 25/04/13 21:01:24 INFO MemoryStore: Block broadcast_0_piece0 stored as bytes in memory (estimated size 15.2 KiB, free 434.4 MiB)
[2025-04-13T21:01:24.580+0000] {spark_submit.py:491} INFO - 25/04/13 21:01:24 INFO BlockManagerInfo: Added broadcast_0_piece0 in memory on c83515e07597:33223 (size: 15.2 KiB, free: 434.4 MiB)
[2025-04-13T21:01:24.585+0000] {spark_submit.py:491} INFO - 25/04/13 21:01:24 INFO SparkContext: Created broadcast 0 from broadcast at DAGScheduler.scala:1585
[2025-04-13T21:01:24.604+0000] {spark_submit.py:491} INFO - 25/04/13 21:01:24 INFO DAGScheduler: Submitting 1 missing tasks from ShuffleMapStage 0 (MapPartitionsRDD[3] at save at NativeMethodAccessorImpl.java:0) (first 15 tasks are for partitions Vector(0))
[2025-04-13T21:01:24.605+0000] {spark_submit.py:491} INFO - 25/04/13 21:01:24 INFO TaskSchedulerImpl: Adding task set 0.0 with 1 tasks resource profile 0
[2025-04-13T21:01:24.661+0000] {spark_submit.py:491} INFO - 25/04/13 21:01:24 INFO TaskSetManager: Starting task 0.0 in stage 0.0 (TID 0) (c83515e07597, executor driver, partition 0, PROCESS_LOCAL, 9329 bytes)
[2025-04-13T21:01:24.679+0000] {spark_submit.py:491} INFO - 25/04/13 21:01:24 INFO Executor: Running task 0.0 in stage 0.0 (TID 0)
[2025-04-13T21:01:25.106+0000] {spark_submit.py:491} INFO - 25/04/13 21:01:25 INFO CodeGenerator: Code generated in 71.060917 ms
[2025-04-13T21:01:25.165+0000] {spark_submit.py:491} INFO - 25/04/13 21:01:25 INFO CodeGenerator: Code generated in 38.887084 ms
[2025-04-13T21:01:25.232+0000] {spark_submit.py:491} INFO - 25/04/13 21:01:25 INFO CodeGenerator: Code generated in 53.952959 ms
[2025-04-13T21:01:25.275+0000] {spark_submit.py:491} INFO - 25/04/13 21:01:25 INFO CodeGenerator: Code generated in 22.402833 ms
[2025-04-13T21:01:26.270+0000] {spark_submit.py:491} INFO - 25/04/13 21:01:26 INFO JDBCRDD: closed connection
[2025-04-13T21:01:26.475+0000] {spark_submit.py:491} INFO - 25/04/13 21:01:26 INFO CodeGenerator: Code generated in 59.465875 ms
[2025-04-13T21:01:26.935+0000] {spark_submit.py:491} INFO - 25/04/13 21:01:26 INFO Executor: Finished task 0.0 in stage 0.0 (TID 0). 2341 bytes result sent to driver
[2025-04-13T21:01:26.964+0000] {spark_submit.py:491} INFO - 25/04/13 21:01:26 INFO TaskSetManager: Finished task 0.0 in stage 0.0 (TID 0) in 2317 ms on c83515e07597 (executor driver) (1/1)
[2025-04-13T21:01:26.966+0000] {spark_submit.py:491} INFO - 25/04/13 21:01:26 INFO TaskSchedulerImpl: Removed TaskSet 0.0, whose tasks have all completed, from pool
[2025-04-13T21:01:26.980+0000] {spark_submit.py:491} INFO - 25/04/13 21:01:26 INFO DAGScheduler: ShuffleMapStage 0 (save at NativeMethodAccessorImpl.java:0) finished in 2.597 s
[2025-04-13T21:01:26.981+0000] {spark_submit.py:491} INFO - 25/04/13 21:01:26 INFO DAGScheduler: looking for newly runnable stages
[2025-04-13T21:01:26.983+0000] {spark_submit.py:491} INFO - 25/04/13 21:01:26 INFO DAGScheduler: running: Set()
[2025-04-13T21:01:26.983+0000] {spark_submit.py:491} INFO - 25/04/13 21:01:26 INFO DAGScheduler: waiting: Set()
[2025-04-13T21:01:26.984+0000] {spark_submit.py:491} INFO - 25/04/13 21:01:26 INFO DAGScheduler: failed: Set()
[2025-04-13T21:01:27.100+0000] {spark_submit.py:491} INFO - 25/04/13 21:01:27 INFO ShufflePartitionsUtil: For shuffle(0), advisory target size: 67108864, actual target size 1048576, minimum partition size: 1048576
[2025-04-13T21:01:27.228+0000] {spark_submit.py:491} INFO - 25/04/13 21:01:27 INFO CodeGenerator: Code generated in 40.470291 ms
[2025-04-13T21:01:27.280+0000] {spark_submit.py:491} INFO - 25/04/13 21:01:27 INFO CodeGenerator: Code generated in 41.843917 ms
[2025-04-13T21:01:27.467+0000] {spark_submit.py:491} INFO - 25/04/13 21:01:27 INFO SparkContext: Starting job: save at NativeMethodAccessorImpl.java:0
[2025-04-13T21:01:27.471+0000] {spark_submit.py:491} INFO - 25/04/13 21:01:27 INFO DAGScheduler: Got job 1 (save at NativeMethodAccessorImpl.java:0) with 1 output partitions
[2025-04-13T21:01:27.473+0000] {spark_submit.py:491} INFO - 25/04/13 21:01:27 INFO DAGScheduler: Final stage: ResultStage 2 (save at NativeMethodAccessorImpl.java:0)
[2025-04-13T21:01:27.474+0000] {spark_submit.py:491} INFO - 25/04/13 21:01:27 INFO DAGScheduler: Parents of final stage: List(ShuffleMapStage 1)
[2025-04-13T21:01:27.477+0000] {spark_submit.py:491} INFO - 25/04/13 21:01:27 INFO DAGScheduler: Missing parents: List()
[2025-04-13T21:01:27.483+0000] {spark_submit.py:491} INFO - 25/04/13 21:01:27 INFO DAGScheduler: Submitting ResultStage 2 (MapPartitionsRDD[11] at save at NativeMethodAccessorImpl.java:0), which has no missing parents
[2025-04-13T21:01:27.543+0000] {spark_submit.py:491} INFO - 25/04/13 21:01:27 INFO MemoryStore: Block broadcast_1 stored as values in memory (estimated size 49.8 KiB, free 434.3 MiB)
[2025-04-13T21:01:27.552+0000] {spark_submit.py:491} INFO - 25/04/13 21:01:27 INFO MemoryStore: Block broadcast_1_piece0 stored as bytes in memory (estimated size 22.6 KiB, free 434.3 MiB)
[2025-04-13T21:01:27.553+0000] {spark_submit.py:491} INFO - 25/04/13 21:01:27 INFO BlockManagerInfo: Added broadcast_1_piece0 in memory on c83515e07597:33223 (size: 22.6 KiB, free: 434.4 MiB)
[2025-04-13T21:01:27.558+0000] {spark_submit.py:491} INFO - 25/04/13 21:01:27 INFO SparkContext: Created broadcast 1 from broadcast at DAGScheduler.scala:1585
[2025-04-13T21:01:27.562+0000] {spark_submit.py:491} INFO - 25/04/13 21:01:27 INFO DAGScheduler: Submitting 1 missing tasks from ResultStage 2 (MapPartitionsRDD[11] at save at NativeMethodAccessorImpl.java:0) (first 15 tasks are for partitions Vector(0))
[2025-04-13T21:01:27.563+0000] {spark_submit.py:491} INFO - 25/04/13 21:01:27 INFO TaskSchedulerImpl: Adding task set 2.0 with 1 tasks resource profile 0
[2025-04-13T21:01:27.760+0000] {spark_submit.py:491} INFO - 25/04/13 21:01:27 INFO TaskSetManager: Starting task 0.0 in stage 2.0 (TID 1) (c83515e07597, executor driver, partition 0, NODE_LOCAL, 9494 bytes)
[2025-04-13T21:01:27.761+0000] {spark_submit.py:491} INFO - 25/04/13 21:01:27 INFO BlockManagerInfo: Removed broadcast_0_piece0 on c83515e07597:33223 in memory (size: 15.2 KiB, free: 434.4 MiB)
[2025-04-13T21:01:27.771+0000] {spark_submit.py:491} INFO - 25/04/13 21:01:27 INFO Executor: Running task 0.0 in stage 2.0 (TID 1)
[2025-04-13T21:01:27.933+0000] {spark_submit.py:491} INFO - 25/04/13 21:01:27 INFO ShuffleBlockFetcherIterator: Getting 1 (109.0 KiB) non-empty blocks including 1 (109.0 KiB) local and 0 (0.0 B) host-local and 0 (0.0 B) push-merged-local and 0 (0.0 B) remote blocks
[2025-04-13T21:01:27.936+0000] {spark_submit.py:491} INFO - 25/04/13 21:01:27 INFO ShuffleBlockFetcherIterator: Started 0 remote fetches in 17 ms
[2025-04-13T21:01:28.001+0000] {spark_submit.py:491} INFO - 25/04/13 21:01:28 INFO CodeGenerator: Code generated in 55.0965 ms
[2025-04-13T21:01:28.306+0000] {spark_submit.py:491} INFO - 25/04/13 21:01:28 INFO CodeGenerator: Code generated in 56.153834 ms
[2025-04-13T21:01:28.344+0000] {spark_submit.py:491} INFO - 25/04/13 21:01:28 INFO CodeGenerator: Code generated in 17.248334 ms
[2025-04-13T21:01:28.388+0000] {spark_submit.py:491} INFO - 25/04/13 21:01:28 INFO CodeGenerator: Code generated in 33.34625 ms
[2025-04-13T21:01:28.407+0000] {spark_submit.py:491} INFO - 25/04/13 21:01:28 INFO CodeGenerator: Code generated in 15.115375 ms
[2025-04-13T21:01:28.439+0000] {spark_submit.py:491} INFO - 25/04/13 21:01:28 INFO CodeGenerator: Code generated in 29.095167 ms
[2025-04-13T21:01:28.538+0000] {spark_submit.py:491} INFO - 25/04/13 21:01:28 INFO CodeGenerator: Code generated in 78.965 ms
[2025-04-13T21:01:29.309+0000] {spark_submit.py:491} INFO - 25/04/13 21:01:29 INFO Executor: Finished task 0.0 in stage 2.0 (TID 1). 4601 bytes result sent to driver
[2025-04-13T21:01:29.326+0000] {spark_submit.py:491} INFO - 25/04/13 21:01:29 INFO TaskSetManager: Finished task 0.0 in stage 2.0 (TID 1) in 1604 ms on c83515e07597 (executor driver) (1/1)
[2025-04-13T21:01:29.327+0000] {spark_submit.py:491} INFO - 25/04/13 21:01:29 INFO TaskSchedulerImpl: Removed TaskSet 2.0, whose tasks have all completed, from pool
[2025-04-13T21:01:29.340+0000] {spark_submit.py:491} INFO - 25/04/13 21:01:29 INFO DAGScheduler: ResultStage 2 (save at NativeMethodAccessorImpl.java:0) finished in 1.823 s
[2025-04-13T21:01:29.350+0000] {spark_submit.py:491} INFO - 25/04/13 21:01:29 INFO DAGScheduler: Job 1 is finished. Cancelling potential speculative or zombie tasks for this job
[2025-04-13T21:01:29.351+0000] {spark_submit.py:491} INFO - 25/04/13 21:01:29 INFO TaskSchedulerImpl: Killing all running tasks in stage 2: Stage finished
[2025-04-13T21:01:29.353+0000] {spark_submit.py:491} INFO - 25/04/13 21:01:29 INFO DAGScheduler: Job 1 finished: save at NativeMethodAccessorImpl.java:0, took 1.887044 s
[2025-04-13T21:01:29.483+0000] {spark_submit.py:491} INFO - 25/04/13 21:01:29 INFO SparkContext: Invoking stop() from shutdown hook
[2025-04-13T21:01:29.484+0000] {spark_submit.py:491} INFO - 25/04/13 21:01:29 INFO SparkContext: SparkContext is stopping with exitCode 0.
[2025-04-13T21:01:29.499+0000] {spark_submit.py:491} INFO - 25/04/13 21:01:29 INFO SparkUI: Stopped Spark web UI at http://c83515e07597:4040
[2025-04-13T21:01:29.516+0000] {spark_submit.py:491} INFO - 25/04/13 21:01:29 INFO MapOutputTrackerMasterEndpoint: MapOutputTrackerMasterEndpoint stopped!
[2025-04-13T21:01:29.581+0000] {spark_submit.py:491} INFO - 25/04/13 21:01:29 INFO MemoryStore: MemoryStore cleared
[2025-04-13T21:01:29.581+0000] {spark_submit.py:491} INFO - 25/04/13 21:01:29 INFO BlockManager: BlockManager stopped
[2025-04-13T21:01:29.585+0000] {spark_submit.py:491} INFO - 25/04/13 21:01:29 INFO BlockManagerMaster: BlockManagerMaster stopped
[2025-04-13T21:01:29.587+0000] {spark_submit.py:491} INFO - 25/04/13 21:01:29 INFO OutputCommitCoordinator$OutputCommitCoordinatorEndpoint: OutputCommitCoordinator stopped!
[2025-04-13T21:01:29.631+0000] {spark_submit.py:491} INFO - 25/04/13 21:01:29 INFO SparkContext: Successfully stopped SparkContext
[2025-04-13T21:01:29.632+0000] {spark_submit.py:491} INFO - 25/04/13 21:01:29 INFO ShutdownHookManager: Shutdown hook called
[2025-04-13T21:01:29.633+0000] {spark_submit.py:491} INFO - 25/04/13 21:01:29 INFO ShutdownHookManager: Deleting directory /tmp/spark-13e3eb1e-bc4e-4e82-90d8-0fd2e91f442e/pyspark-766d72bb-b1d2-4903-8f05-06e44256e5e3
[2025-04-13T21:01:29.665+0000] {spark_submit.py:491} INFO - 25/04/13 21:01:29 INFO ShutdownHookManager: Deleting directory /tmp/spark-4c95b8c0-8b80-4b39-b6c2-688d744f9931
[2025-04-13T21:01:29.697+0000] {spark_submit.py:491} INFO - 25/04/13 21:01:29 INFO ShutdownHookManager: Deleting directory /tmp/spark-13e3eb1e-bc4e-4e82-90d8-0fd2e91f442e
[2025-04-13T21:01:29.796+0000] {taskinstance.py:1398} INFO - Marking task as SUCCESS. dag_id=daily_search_volume_aggregation, task_id=aggregate_search_volume, execution_date=20250413T200100, start_date=20250413T210101, end_date=20250413T210129
[2025-04-13T21:01:29.813+0000] {local_task_job_runner.py:228} INFO - Task exited with return code 0
[2025-04-13T21:01:29.835+0000] {taskinstance.py:2776} INFO - 0 downstream tasks scheduled from follow-on schedule check
