[2025-04-13T19:18:05.332+0000] {taskinstance.py:1157} INFO - Dependencies all met for dep_context=non-requeueable deps ti=<TaskInstance: daily_search_volume_aggregation.aggregate_search_volume scheduled__2025-04-13T18:01:00+00:00 [queued]>
[2025-04-13T19:18:05.340+0000] {taskinstance.py:1157} INFO - Dependencies all met for dep_context=requeueable deps ti=<TaskInstance: daily_search_volume_aggregation.aggregate_search_volume scheduled__2025-04-13T18:01:00+00:00 [queued]>
[2025-04-13T19:18:05.341+0000] {taskinstance.py:1359} INFO - Starting attempt 8 of 9
[2025-04-13T19:18:05.351+0000] {taskinstance.py:1380} INFO - Executing <Task(SparkSubmitOperator): aggregate_search_volume> on 2025-04-13 18:01:00+00:00
[2025-04-13T19:18:05.354+0000] {standard_task_runner.py:57} INFO - Started process 1032 to run task
[2025-04-13T19:18:05.359+0000] {standard_task_runner.py:84} INFO - Running: ['airflow', 'tasks', 'run', 'daily_search_volume_aggregation', 'aggregate_search_volume', 'scheduled__2025-04-13T18:01:00+00:00', '--job-id', '10', '--raw', '--subdir', 'DAGS_FOLDER/daily_search_volume_aggregation.py', '--cfg-path', '/tmp/tmpvbbg4sb9']
[2025-04-13T19:18:05.361+0000] {standard_task_runner.py:85} INFO - Job 10: Subtask aggregate_search_volume
[2025-04-13T19:18:05.433+0000] {task_command.py:415} INFO - Running <TaskInstance: daily_search_volume_aggregation.aggregate_search_volume scheduled__2025-04-13T18:01:00+00:00 [running]> on host fd358b7daeb3
[2025-04-13T19:18:05.525+0000] {taskinstance.py:1660} INFO - Exporting env vars: AIRFLOW_CTX_DAG_OWNER='airflow' AIRFLOW_CTX_DAG_ID='daily_search_volume_aggregation' AIRFLOW_CTX_TASK_ID='aggregate_search_volume' AIRFLOW_CTX_EXECUTION_DATE='2025-04-13T18:01:00+00:00' AIRFLOW_CTX_TRY_NUMBER='8' AIRFLOW_CTX_DAG_RUN_ID='scheduled__2025-04-13T18:01:00+00:00'
[2025-04-13T19:18:05.527+0000] {base.py:73} INFO - Using connection ID 'spark_default' for task execution.
[2025-04-13T19:18:05.528+0000] {spark_submit.py:340} INFO - Spark-Submit cmd: spark-submit --master spark:7077 --conf spark.driver.memory=1g --conf spark.executor.memory=1g --conf spark.jars.packages=mysql:mysql-connector-java:8.0.28 --name arrow-spark --verbose /opt/airflow/dags/spark/daily_aggregation.py
[2025-04-13T19:18:08.943+0000] {spark_submit.py:491} INFO - Using properties file: null
[2025-04-13T19:18:09.096+0000] {spark_submit.py:491} INFO - Parsed arguments:
[2025-04-13T19:18:09.097+0000] {spark_submit.py:491} INFO - master                  spark:7077
[2025-04-13T19:18:09.097+0000] {spark_submit.py:491} INFO - remote                  null
[2025-04-13T19:18:09.097+0000] {spark_submit.py:491} INFO - deployMode              null
[2025-04-13T19:18:09.097+0000] {spark_submit.py:491} INFO - executorMemory          1g
[2025-04-13T19:18:09.097+0000] {spark_submit.py:491} INFO - executorCores           null
[2025-04-13T19:18:09.097+0000] {spark_submit.py:491} INFO - totalExecutorCores      null
[2025-04-13T19:18:09.098+0000] {spark_submit.py:491} INFO - propertiesFile          null
[2025-04-13T19:18:09.098+0000] {spark_submit.py:491} INFO - driverMemory            1g
[2025-04-13T19:18:09.098+0000] {spark_submit.py:491} INFO - driverCores             null
[2025-04-13T19:18:09.098+0000] {spark_submit.py:491} INFO - driverExtraClassPath    null
[2025-04-13T19:18:09.098+0000] {spark_submit.py:491} INFO - driverExtraLibraryPath  null
[2025-04-13T19:18:09.098+0000] {spark_submit.py:491} INFO - driverExtraJavaOptions  null
[2025-04-13T19:18:09.099+0000] {spark_submit.py:491} INFO - supervise               false
[2025-04-13T19:18:09.099+0000] {spark_submit.py:491} INFO - queue                   null
[2025-04-13T19:18:09.099+0000] {spark_submit.py:491} INFO - numExecutors            null
[2025-04-13T19:18:09.099+0000] {spark_submit.py:491} INFO - files                   null
[2025-04-13T19:18:09.099+0000] {spark_submit.py:491} INFO - pyFiles                 null
[2025-04-13T19:18:09.099+0000] {spark_submit.py:491} INFO - archives                null
[2025-04-13T19:18:09.099+0000] {spark_submit.py:491} INFO - mainClass               null
[2025-04-13T19:18:09.100+0000] {spark_submit.py:491} INFO - primaryResource         file:/opt/airflow/dags/spark/daily_aggregation.py
[2025-04-13T19:18:09.100+0000] {spark_submit.py:491} INFO - name                    arrow-spark
[2025-04-13T19:18:09.100+0000] {spark_submit.py:491} INFO - childArgs               []
[2025-04-13T19:18:09.100+0000] {spark_submit.py:491} INFO - jars                    null
[2025-04-13T19:18:09.100+0000] {spark_submit.py:491} INFO - packages                mysql:mysql-connector-java:8.0.28
[2025-04-13T19:18:09.100+0000] {spark_submit.py:491} INFO - packagesExclusions      null
[2025-04-13T19:18:09.101+0000] {spark_submit.py:491} INFO - repositories            null
[2025-04-13T19:18:09.101+0000] {spark_submit.py:491} INFO - verbose                 true
[2025-04-13T19:18:09.101+0000] {spark_submit.py:491} INFO - 
[2025-04-13T19:18:09.101+0000] {spark_submit.py:491} INFO - Spark properties used, including those specified through
[2025-04-13T19:18:09.101+0000] {spark_submit.py:491} INFO - --conf and those from the properties file null:
[2025-04-13T19:18:09.101+0000] {spark_submit.py:491} INFO - (spark.driver.memory,1g)
[2025-04-13T19:18:09.102+0000] {spark_submit.py:491} INFO - (spark.executor.memory,1g)
[2025-04-13T19:18:09.102+0000] {spark_submit.py:491} INFO - (spark.jars.packages,mysql:mysql-connector-java:8.0.28)
[2025-04-13T19:18:09.102+0000] {spark_submit.py:491} INFO - 
[2025-04-13T19:18:09.102+0000] {spark_submit.py:491} INFO - 
[2025-04-13T19:18:09.272+0000] {spark_submit.py:491} INFO - :: loading settings :: url = jar:file:/home/airflow/.local/lib/python3.8/site-packages/pyspark/jars/ivy-2.5.1.jar!/org/apache/ivy/core/settings/ivysettings.xml
[2025-04-13T19:18:09.515+0000] {spark_submit.py:491} INFO - Ivy Default Cache set to: /home/airflow/.ivy2/cache
[2025-04-13T19:18:09.516+0000] {spark_submit.py:491} INFO - The jars for the packages stored in: /home/airflow/.ivy2/jars
[2025-04-13T19:18:09.523+0000] {spark_submit.py:491} INFO - mysql#mysql-connector-java added as a dependency
[2025-04-13T19:18:09.526+0000] {spark_submit.py:491} INFO - :: resolving dependencies :: org.apache.spark#spark-submit-parent-8519e96f-dcf6-468e-828c-3a996495dda3;1.0
[2025-04-13T19:18:09.526+0000] {spark_submit.py:491} INFO - confs: [default]
[2025-04-13T19:18:09.664+0000] {spark_submit.py:491} INFO - found mysql#mysql-connector-java;8.0.28 in central
[2025-04-13T19:18:09.723+0000] {spark_submit.py:491} INFO - found com.google.protobuf#protobuf-java;3.11.4 in central
[2025-04-13T19:18:09.748+0000] {spark_submit.py:491} INFO - :: resolution report :: resolve 211ms :: artifacts dl 10ms
[2025-04-13T19:18:09.748+0000] {spark_submit.py:491} INFO - :: modules in use:
[2025-04-13T19:18:09.749+0000] {spark_submit.py:491} INFO - com.google.protobuf#protobuf-java;3.11.4 from central in [default]
[2025-04-13T19:18:09.749+0000] {spark_submit.py:491} INFO - mysql#mysql-connector-java;8.0.28 from central in [default]
[2025-04-13T19:18:09.749+0000] {spark_submit.py:491} INFO - ---------------------------------------------------------------------
[2025-04-13T19:18:09.749+0000] {spark_submit.py:491} INFO - |                  |            modules            ||   artifacts   |
[2025-04-13T19:18:09.749+0000] {spark_submit.py:491} INFO - |       conf       | number| search|dwnlded|evicted|| number|dwnlded|
[2025-04-13T19:18:09.750+0000] {spark_submit.py:491} INFO - ---------------------------------------------------------------------
[2025-04-13T19:18:09.750+0000] {spark_submit.py:491} INFO - |      default     |   2   |   0   |   0   |   0   ||   2   |   0   |
[2025-04-13T19:18:09.750+0000] {spark_submit.py:491} INFO - ---------------------------------------------------------------------
[2025-04-13T19:18:09.753+0000] {spark_submit.py:491} INFO - :: retrieving :: org.apache.spark#spark-submit-parent-8519e96f-dcf6-468e-828c-3a996495dda3
[2025-04-13T19:18:09.753+0000] {spark_submit.py:491} INFO - confs: [default]
[2025-04-13T19:18:09.763+0000] {spark_submit.py:491} INFO - 0 artifacts copied, 2 already retrieved (0kB/10ms)
[2025-04-13T19:18:10.047+0000] {spark_submit.py:491} INFO - 25/04/13 19:18:10 WARN NativeCodeLoader: Unable to load native-hadoop library for your platform... using builtin-java classes where applicable
[2025-04-13T19:18:10.408+0000] {spark_submit.py:491} INFO - Main class:
[2025-04-13T19:18:10.408+0000] {spark_submit.py:491} INFO - org.apache.spark.deploy.PythonRunner
[2025-04-13T19:18:10.409+0000] {spark_submit.py:491} INFO - Arguments:
[2025-04-13T19:18:10.409+0000] {spark_submit.py:491} INFO - file:/opt/airflow/dags/spark/daily_aggregation.py
[2025-04-13T19:18:10.409+0000] {spark_submit.py:491} INFO - file:///home/airflow/.ivy2/jars/mysql_mysql-connector-java-8.0.28.jar,file:///home/airflow/.ivy2/jars/com.google.protobuf_protobuf-java-3.11.4.jar
[2025-04-13T19:18:10.423+0000] {spark_submit.py:491} INFO - Spark config:
[2025-04-13T19:18:10.423+0000] {spark_submit.py:491} INFO - (spark.app.name,arrow-spark)
[2025-04-13T19:18:10.423+0000] {spark_submit.py:491} INFO - (spark.app.submitTime,1744571890289)
[2025-04-13T19:18:10.424+0000] {spark_submit.py:491} INFO - (spark.driver.memory,1g)
[2025-04-13T19:18:10.424+0000] {spark_submit.py:491} INFO - (spark.executor.memory,1g)
[2025-04-13T19:18:10.424+0000] {spark_submit.py:491} INFO - (spark.files,file:///home/airflow/.ivy2/jars/mysql_mysql-connector-java-8.0.28.jar,file:///home/airflow/.ivy2/jars/com.google.protobuf_protobuf-java-3.11.4.jar)
[2025-04-13T19:18:10.424+0000] {spark_submit.py:491} INFO - (spark.jars,file:///home/airflow/.ivy2/jars/mysql_mysql-connector-java-8.0.28.jar,file:///home/airflow/.ivy2/jars/com.google.protobuf_protobuf-java-3.11.4.jar)
[2025-04-13T19:18:10.424+0000] {spark_submit.py:491} INFO - (spark.jars.packages,mysql:mysql-connector-java:8.0.28)
[2025-04-13T19:18:10.425+0000] {spark_submit.py:491} INFO - (spark.master,spark:7077)
[2025-04-13T19:18:10.425+0000] {spark_submit.py:491} INFO - (spark.repl.local.jars,file:///home/airflow/.ivy2/jars/mysql_mysql-connector-java-8.0.28.jar,file:///home/airflow/.ivy2/jars/com.google.protobuf_protobuf-java-3.11.4.jar)
[2025-04-13T19:18:10.425+0000] {spark_submit.py:491} INFO - (spark.submit.deployMode,client)
[2025-04-13T19:18:10.425+0000] {spark_submit.py:491} INFO - (spark.submit.pyFiles,/home/airflow/.ivy2/jars/mysql_mysql-connector-java-8.0.28.jar,/home/airflow/.ivy2/jars/com.google.protobuf_protobuf-java-3.11.4.jar)
[2025-04-13T19:18:10.425+0000] {spark_submit.py:491} INFO - Classpath elements:
[2025-04-13T19:18:10.425+0000] {spark_submit.py:491} INFO - file:///home/airflow/.ivy2/jars/mysql_mysql-connector-java-8.0.28.jar
[2025-04-13T19:18:10.426+0000] {spark_submit.py:491} INFO - file:///home/airflow/.ivy2/jars/com.google.protobuf_protobuf-java-3.11.4.jar
[2025-04-13T19:18:10.426+0000] {spark_submit.py:491} INFO - 
[2025-04-13T19:18:10.426+0000] {spark_submit.py:491} INFO - 
[2025-04-13T19:18:11.705+0000] {spark_submit.py:491} INFO - 25/04/13 19:18:11 INFO SparkContext: Running Spark version 3.5.5
[2025-04-13T19:18:11.706+0000] {spark_submit.py:491} INFO - 25/04/13 19:18:11 INFO SparkContext: OS info Linux, 6.12.5-linuxkit, amd64
[2025-04-13T19:18:11.706+0000] {spark_submit.py:491} INFO - 25/04/13 19:18:11 INFO SparkContext: Java version 11.0.26
[2025-04-13T19:18:11.755+0000] {spark_submit.py:491} INFO - 25/04/13 19:18:11 INFO ResourceUtils: ==============================================================
[2025-04-13T19:18:11.755+0000] {spark_submit.py:491} INFO - 25/04/13 19:18:11 INFO ResourceUtils: No custom resources configured for spark.driver.
[2025-04-13T19:18:11.756+0000] {spark_submit.py:491} INFO - 25/04/13 19:18:11 INFO ResourceUtils: ==============================================================
[2025-04-13T19:18:11.756+0000] {spark_submit.py:491} INFO - 25/04/13 19:18:11 INFO SparkContext: Submitted application: DailySearchVolumeAggregation
[2025-04-13T19:18:11.796+0000] {spark_submit.py:491} INFO - 25/04/13 19:18:11 INFO ResourceProfile: Default ResourceProfile created, executor resources: Map(cores -> name: cores, amount: 1, script: , vendor: , memory -> name: memory, amount: 1024, script: , vendor: , offHeap -> name: offHeap, amount: 0, script: , vendor: ), task resources: Map(cpus -> name: cpus, amount: 1.0)
[2025-04-13T19:18:11.816+0000] {spark_submit.py:491} INFO - 25/04/13 19:18:11 INFO ResourceProfile: Limiting resource is cpu
[2025-04-13T19:18:11.817+0000] {spark_submit.py:491} INFO - 25/04/13 19:18:11 INFO ResourceProfileManager: Added ResourceProfile id: 0
[2025-04-13T19:18:11.899+0000] {spark_submit.py:491} INFO - 25/04/13 19:18:11 INFO SecurityManager: Changing view acls to: airflow
[2025-04-13T19:18:11.899+0000] {spark_submit.py:491} INFO - 25/04/13 19:18:11 INFO SecurityManager: Changing modify acls to: airflow
[2025-04-13T19:18:11.900+0000] {spark_submit.py:491} INFO - 25/04/13 19:18:11 INFO SecurityManager: Changing view acls groups to:
[2025-04-13T19:18:11.901+0000] {spark_submit.py:491} INFO - 25/04/13 19:18:11 INFO SecurityManager: Changing modify acls groups to:
[2025-04-13T19:18:11.901+0000] {spark_submit.py:491} INFO - 25/04/13 19:18:11 INFO SecurityManager: SecurityManager: authentication disabled; ui acls disabled; users with view permissions: airflow; groups with view permissions: EMPTY; users with modify permissions: airflow; groups with modify permissions: EMPTY
[2025-04-13T19:18:12.194+0000] {spark_submit.py:491} INFO - 25/04/13 19:18:12 INFO Utils: Successfully started service 'sparkDriver' on port 37379.
[2025-04-13T19:18:12.242+0000] {spark_submit.py:491} INFO - 25/04/13 19:18:12 INFO SparkEnv: Registering MapOutputTracker
[2025-04-13T19:18:12.287+0000] {spark_submit.py:491} INFO - 25/04/13 19:18:12 INFO SparkEnv: Registering BlockManagerMaster
[2025-04-13T19:18:12.302+0000] {spark_submit.py:491} INFO - 25/04/13 19:18:12 INFO BlockManagerMasterEndpoint: Using org.apache.spark.storage.DefaultTopologyMapper for getting topology information
[2025-04-13T19:18:12.304+0000] {spark_submit.py:491} INFO - 25/04/13 19:18:12 INFO BlockManagerMasterEndpoint: BlockManagerMasterEndpoint up
[2025-04-13T19:18:12.311+0000] {spark_submit.py:491} INFO - 25/04/13 19:18:12 INFO SparkEnv: Registering BlockManagerMasterHeartbeat
[2025-04-13T19:18:12.330+0000] {spark_submit.py:491} INFO - 25/04/13 19:18:12 INFO DiskBlockManager: Created local directory at /tmp/blockmgr-47b79d12-1697-4921-80ef-9269ff834a6e
[2025-04-13T19:18:12.345+0000] {spark_submit.py:491} INFO - 25/04/13 19:18:12 INFO MemoryStore: MemoryStore started with capacity 434.4 MiB
[2025-04-13T19:18:12.370+0000] {spark_submit.py:491} INFO - 25/04/13 19:18:12 INFO SparkEnv: Registering OutputCommitCoordinator
[2025-04-13T19:18:12.548+0000] {spark_submit.py:491} INFO - 25/04/13 19:18:12 INFO JettyUtils: Start Jetty 0.0.0.0:4040 for SparkUI
[2025-04-13T19:18:12.620+0000] {spark_submit.py:491} INFO - 25/04/13 19:18:12 INFO Utils: Successfully started service 'SparkUI' on port 4040.
[2025-04-13T19:18:12.684+0000] {spark_submit.py:491} INFO - 25/04/13 19:18:12 INFO SparkContext: Added JAR file:///home/airflow/.ivy2/jars/mysql_mysql-connector-java-8.0.28.jar at spark://fd358b7daeb3:37379/jars/mysql_mysql-connector-java-8.0.28.jar with timestamp 1744571891687
[2025-04-13T19:18:12.685+0000] {spark_submit.py:491} INFO - 25/04/13 19:18:12 INFO SparkContext: Added JAR file:///home/airflow/.ivy2/jars/com.google.protobuf_protobuf-java-3.11.4.jar at spark://fd358b7daeb3:37379/jars/com.google.protobuf_protobuf-java-3.11.4.jar with timestamp 1744571891687
[2025-04-13T19:18:12.690+0000] {spark_submit.py:491} INFO - 25/04/13 19:18:12 INFO SparkContext: Added file file:///home/airflow/.ivy2/jars/mysql_mysql-connector-java-8.0.28.jar at file:///home/airflow/.ivy2/jars/mysql_mysql-connector-java-8.0.28.jar with timestamp 1744571891687
[2025-04-13T19:18:12.692+0000] {spark_submit.py:491} INFO - 25/04/13 19:18:12 INFO Utils: Copying /home/airflow/.ivy2/jars/mysql_mysql-connector-java-8.0.28.jar to /tmp/spark-14542b92-6c7a-40c8-8cb0-0a6fd40af6d7/userFiles-00ae559b-2977-4d8a-b6f3-5b1cc77fb6b8/mysql_mysql-connector-java-8.0.28.jar
[2025-04-13T19:18:12.726+0000] {spark_submit.py:491} INFO - 25/04/13 19:18:12 INFO SparkContext: Added file file:///home/airflow/.ivy2/jars/com.google.protobuf_protobuf-java-3.11.4.jar at file:///home/airflow/.ivy2/jars/com.google.protobuf_protobuf-java-3.11.4.jar with timestamp 1744571891687
[2025-04-13T19:18:12.726+0000] {spark_submit.py:491} INFO - 25/04/13 19:18:12 INFO Utils: Copying /home/airflow/.ivy2/jars/com.google.protobuf_protobuf-java-3.11.4.jar to /tmp/spark-14542b92-6c7a-40c8-8cb0-0a6fd40af6d7/userFiles-00ae559b-2977-4d8a-b6f3-5b1cc77fb6b8/com.google.protobuf_protobuf-java-3.11.4.jar
[2025-04-13T19:18:12.833+0000] {spark_submit.py:491} INFO - 25/04/13 19:18:12 INFO Executor: Starting executor ID driver on host fd358b7daeb3
[2025-04-13T19:18:12.834+0000] {spark_submit.py:491} INFO - 25/04/13 19:18:12 INFO Executor: OS info Linux, 6.12.5-linuxkit, amd64
[2025-04-13T19:18:12.834+0000] {spark_submit.py:491} INFO - 25/04/13 19:18:12 INFO Executor: Java version 11.0.26
[2025-04-13T19:18:12.849+0000] {spark_submit.py:491} INFO - 25/04/13 19:18:12 INFO Executor: Starting executor with user classpath (userClassPathFirst = false): ''
[2025-04-13T19:18:12.851+0000] {spark_submit.py:491} INFO - 25/04/13 19:18:12 INFO Executor: Created or updated repl class loader org.apache.spark.util.MutableURLClassLoader@398a5993 for default.
[2025-04-13T19:18:12.865+0000] {spark_submit.py:491} INFO - 25/04/13 19:18:12 INFO Executor: Fetching file:///home/airflow/.ivy2/jars/mysql_mysql-connector-java-8.0.28.jar with timestamp 1744571891687
[2025-04-13T19:18:12.893+0000] {spark_submit.py:491} INFO - 25/04/13 19:18:12 INFO Utils: /home/airflow/.ivy2/jars/mysql_mysql-connector-java-8.0.28.jar has been previously copied to /tmp/spark-14542b92-6c7a-40c8-8cb0-0a6fd40af6d7/userFiles-00ae559b-2977-4d8a-b6f3-5b1cc77fb6b8/mysql_mysql-connector-java-8.0.28.jar
[2025-04-13T19:18:12.921+0000] {spark_submit.py:491} INFO - 25/04/13 19:18:12 INFO Executor: Fetching file:///home/airflow/.ivy2/jars/com.google.protobuf_protobuf-java-3.11.4.jar with timestamp 1744571891687
[2025-04-13T19:18:12.923+0000] {spark_submit.py:491} INFO - 25/04/13 19:18:12 INFO Utils: /home/airflow/.ivy2/jars/com.google.protobuf_protobuf-java-3.11.4.jar has been previously copied to /tmp/spark-14542b92-6c7a-40c8-8cb0-0a6fd40af6d7/userFiles-00ae559b-2977-4d8a-b6f3-5b1cc77fb6b8/com.google.protobuf_protobuf-java-3.11.4.jar
[2025-04-13T19:18:12.955+0000] {spark_submit.py:491} INFO - 25/04/13 19:18:12 INFO Executor: Fetching spark://fd358b7daeb3:37379/jars/com.google.protobuf_protobuf-java-3.11.4.jar with timestamp 1744571891687
[2025-04-13T19:18:13.003+0000] {spark_submit.py:491} INFO - 25/04/13 19:18:13 INFO TransportClientFactory: Successfully created connection to fd358b7daeb3/172.18.0.9:37379 after 36 ms (0 ms spent in bootstraps)
[2025-04-13T19:18:13.019+0000] {spark_submit.py:491} INFO - 25/04/13 19:18:13 INFO Utils: Fetching spark://fd358b7daeb3:37379/jars/com.google.protobuf_protobuf-java-3.11.4.jar to /tmp/spark-14542b92-6c7a-40c8-8cb0-0a6fd40af6d7/userFiles-00ae559b-2977-4d8a-b6f3-5b1cc77fb6b8/fetchFileTemp18433474526287785308.tmp
[2025-04-13T19:18:13.046+0000] {spark_submit.py:491} INFO - 25/04/13 19:18:13 INFO Utils: /tmp/spark-14542b92-6c7a-40c8-8cb0-0a6fd40af6d7/userFiles-00ae559b-2977-4d8a-b6f3-5b1cc77fb6b8/fetchFileTemp18433474526287785308.tmp has been previously copied to /tmp/spark-14542b92-6c7a-40c8-8cb0-0a6fd40af6d7/userFiles-00ae559b-2977-4d8a-b6f3-5b1cc77fb6b8/com.google.protobuf_protobuf-java-3.11.4.jar
[2025-04-13T19:18:13.072+0000] {spark_submit.py:491} INFO - 25/04/13 19:18:13 INFO Executor: Adding file:/tmp/spark-14542b92-6c7a-40c8-8cb0-0a6fd40af6d7/userFiles-00ae559b-2977-4d8a-b6f3-5b1cc77fb6b8/com.google.protobuf_protobuf-java-3.11.4.jar to class loader default
[2025-04-13T19:18:13.073+0000] {spark_submit.py:491} INFO - 25/04/13 19:18:13 INFO Executor: Fetching spark://fd358b7daeb3:37379/jars/mysql_mysql-connector-java-8.0.28.jar with timestamp 1744571891687
[2025-04-13T19:18:13.074+0000] {spark_submit.py:491} INFO - 25/04/13 19:18:13 INFO Utils: Fetching spark://fd358b7daeb3:37379/jars/mysql_mysql-connector-java-8.0.28.jar to /tmp/spark-14542b92-6c7a-40c8-8cb0-0a6fd40af6d7/userFiles-00ae559b-2977-4d8a-b6f3-5b1cc77fb6b8/fetchFileTemp4376755805059411442.tmp
[2025-04-13T19:18:13.094+0000] {spark_submit.py:491} INFO - 25/04/13 19:18:13 INFO Utils: /tmp/spark-14542b92-6c7a-40c8-8cb0-0a6fd40af6d7/userFiles-00ae559b-2977-4d8a-b6f3-5b1cc77fb6b8/fetchFileTemp4376755805059411442.tmp has been previously copied to /tmp/spark-14542b92-6c7a-40c8-8cb0-0a6fd40af6d7/userFiles-00ae559b-2977-4d8a-b6f3-5b1cc77fb6b8/mysql_mysql-connector-java-8.0.28.jar
[2025-04-13T19:18:13.120+0000] {spark_submit.py:491} INFO - 25/04/13 19:18:13 INFO Executor: Adding file:/tmp/spark-14542b92-6c7a-40c8-8cb0-0a6fd40af6d7/userFiles-00ae559b-2977-4d8a-b6f3-5b1cc77fb6b8/mysql_mysql-connector-java-8.0.28.jar to class loader default
[2025-04-13T19:18:13.137+0000] {spark_submit.py:491} INFO - 25/04/13 19:18:13 INFO Utils: Successfully started service 'org.apache.spark.network.netty.NettyBlockTransferService' on port 37063.
[2025-04-13T19:18:13.137+0000] {spark_submit.py:491} INFO - 25/04/13 19:18:13 INFO NettyBlockTransferService: Server created on fd358b7daeb3:37063
[2025-04-13T19:18:13.139+0000] {spark_submit.py:491} INFO - 25/04/13 19:18:13 INFO BlockManager: Using org.apache.spark.storage.RandomBlockReplicationPolicy for block replication policy
[2025-04-13T19:18:13.144+0000] {spark_submit.py:491} INFO - 25/04/13 19:18:13 INFO BlockManagerMaster: Registering BlockManager BlockManagerId(driver, fd358b7daeb3, 37063, None)
[2025-04-13T19:18:13.149+0000] {spark_submit.py:491} INFO - 25/04/13 19:18:13 INFO BlockManagerMasterEndpoint: Registering block manager fd358b7daeb3:37063 with 434.4 MiB RAM, BlockManagerId(driver, fd358b7daeb3, 37063, None)
[2025-04-13T19:18:13.151+0000] {spark_submit.py:491} INFO - 25/04/13 19:18:13 INFO BlockManagerMaster: Registered BlockManager BlockManagerId(driver, fd358b7daeb3, 37063, None)
[2025-04-13T19:18:13.152+0000] {spark_submit.py:491} INFO - 25/04/13 19:18:13 INFO BlockManager: Initialized BlockManager: BlockManagerId(driver, fd358b7daeb3, 37063, None)
[2025-04-13T19:18:13.737+0000] {spark_submit.py:491} INFO - 25/04/13 19:18:13 INFO SharedState: Setting hive.metastore.warehouse.dir ('null') to the value of spark.sql.warehouse.dir.
[2025-04-13T19:18:13.743+0000] {spark_submit.py:491} INFO - 25/04/13 19:18:13 INFO SharedState: Warehouse path is 'file:/opt/airflow/spark-warehouse'.
[2025-04-13T19:18:18.091+0000] {spark_submit.py:491} INFO - 25/04/13 19:18:18 INFO CodeGenerator: Code generated in 315.625584 ms
[2025-04-13T19:18:18.389+0000] {spark_submit.py:491} INFO - 25/04/13 19:18:18 INFO DAGScheduler: Registering RDD 3 (save at NativeMethodAccessorImpl.java:0) as input to shuffle 0
[2025-04-13T19:18:18.397+0000] {spark_submit.py:491} INFO - 25/04/13 19:18:18 INFO DAGScheduler: Got map stage job 0 (save at NativeMethodAccessorImpl.java:0) with 1 output partitions
[2025-04-13T19:18:18.397+0000] {spark_submit.py:491} INFO - 25/04/13 19:18:18 INFO DAGScheduler: Final stage: ShuffleMapStage 0 (save at NativeMethodAccessorImpl.java:0)
[2025-04-13T19:18:18.398+0000] {spark_submit.py:491} INFO - 25/04/13 19:18:18 INFO DAGScheduler: Parents of final stage: List()
[2025-04-13T19:18:18.401+0000] {spark_submit.py:491} INFO - 25/04/13 19:18:18 INFO DAGScheduler: Missing parents: List()
[2025-04-13T19:18:18.405+0000] {spark_submit.py:491} INFO - 25/04/13 19:18:18 INFO DAGScheduler: Submitting ShuffleMapStage 0 (MapPartitionsRDD[3] at save at NativeMethodAccessorImpl.java:0), which has no missing parents
[2025-04-13T19:18:18.603+0000] {spark_submit.py:491} INFO - 25/04/13 19:18:18 INFO MemoryStore: Block broadcast_0 stored as values in memory (estimated size 31.9 KiB, free 434.4 MiB)
[2025-04-13T19:18:18.645+0000] {spark_submit.py:491} INFO - 25/04/13 19:18:18 INFO MemoryStore: Block broadcast_0_piece0 stored as bytes in memory (estimated size 15.1 KiB, free 434.4 MiB)
[2025-04-13T19:18:18.647+0000] {spark_submit.py:491} INFO - 25/04/13 19:18:18 INFO BlockManagerInfo: Added broadcast_0_piece0 in memory on fd358b7daeb3:37063 (size: 15.1 KiB, free: 434.4 MiB)
[2025-04-13T19:18:18.651+0000] {spark_submit.py:491} INFO - 25/04/13 19:18:18 INFO SparkContext: Created broadcast 0 from broadcast at DAGScheduler.scala:1585
[2025-04-13T19:18:18.670+0000] {spark_submit.py:491} INFO - 25/04/13 19:18:18 INFO DAGScheduler: Submitting 1 missing tasks from ShuffleMapStage 0 (MapPartitionsRDD[3] at save at NativeMethodAccessorImpl.java:0) (first 15 tasks are for partitions Vector(0))
[2025-04-13T19:18:18.671+0000] {spark_submit.py:491} INFO - 25/04/13 19:18:18 INFO TaskSchedulerImpl: Adding task set 0.0 with 1 tasks resource profile 0
[2025-04-13T19:18:18.723+0000] {spark_submit.py:491} INFO - 25/04/13 19:18:18 INFO TaskSetManager: Starting task 0.0 in stage 0.0 (TID 0) (fd358b7daeb3, executor driver, partition 0, PROCESS_LOCAL, 9329 bytes)
[2025-04-13T19:18:18.748+0000] {spark_submit.py:491} INFO - 25/04/13 19:18:18 INFO Executor: Running task 0.0 in stage 0.0 (TID 0)
[2025-04-13T19:18:19.946+0000] {spark_submit.py:491} INFO - 25/04/13 19:18:19 INFO CodeGenerator: Code generated in 108.763042 ms
[2025-04-13T19:18:20.057+0000] {spark_submit.py:491} INFO - 25/04/13 19:18:20 INFO CodeGenerator: Code generated in 69.553 ms
[2025-04-13T19:18:20.112+0000] {spark_submit.py:491} INFO - 25/04/13 19:18:20 INFO CodeGenerator: Code generated in 37.425458 ms
[2025-04-13T19:18:20.159+0000] {spark_submit.py:491} INFO - 25/04/13 19:18:20 INFO CodeGenerator: Code generated in 18.99275 ms
[2025-04-13T19:18:21.625+0000] {spark_submit.py:491} INFO - 25/04/13 19:18:21 INFO JDBCRDD: closed connection
[2025-04-13T19:18:21.878+0000] {spark_submit.py:491} INFO - 25/04/13 19:18:21 INFO CodeGenerator: Code generated in 63.261625 ms
[2025-04-13T19:18:22.125+0000] {spark_submit.py:491} INFO - 25/04/13 19:18:22 INFO Executor: Finished task 0.0 in stage 0.0 (TID 0). 2341 bytes result sent to driver
[2025-04-13T19:18:22.145+0000] {spark_submit.py:491} INFO - 25/04/13 19:18:22 INFO TaskSetManager: Finished task 0.0 in stage 0.0 (TID 0) in 3436 ms on fd358b7daeb3 (executor driver) (1/1)
[2025-04-13T19:18:22.147+0000] {spark_submit.py:491} INFO - 25/04/13 19:18:22 INFO TaskSchedulerImpl: Removed TaskSet 0.0, whose tasks have all completed, from pool
[2025-04-13T19:18:22.156+0000] {spark_submit.py:491} INFO - 25/04/13 19:18:22 INFO DAGScheduler: ShuffleMapStage 0 (save at NativeMethodAccessorImpl.java:0) finished in 3.728 s
[2025-04-13T19:18:22.157+0000] {spark_submit.py:491} INFO - 25/04/13 19:18:22 INFO DAGScheduler: looking for newly runnable stages
[2025-04-13T19:18:22.159+0000] {spark_submit.py:491} INFO - 25/04/13 19:18:22 INFO DAGScheduler: running: Set()
[2025-04-13T19:18:22.160+0000] {spark_submit.py:491} INFO - 25/04/13 19:18:22 INFO DAGScheduler: waiting: Set()
[2025-04-13T19:18:22.161+0000] {spark_submit.py:491} INFO - 25/04/13 19:18:22 INFO DAGScheduler: failed: Set()
[2025-04-13T19:18:22.208+0000] {spark_submit.py:491} INFO - 25/04/13 19:18:22 INFO ShufflePartitionsUtil: For shuffle(0), advisory target size: 67108864, actual target size 1048576, minimum partition size: 1048576
[2025-04-13T19:18:22.293+0000] {spark_submit.py:491} INFO - 25/04/13 19:18:22 INFO CodeGenerator: Code generated in 24.934541 ms
[2025-04-13T19:18:22.329+0000] {spark_submit.py:491} INFO - 25/04/13 19:18:22 INFO CodeGenerator: Code generated in 24.060292 ms
[2025-04-13T19:18:22.501+0000] {spark_submit.py:491} INFO - 25/04/13 19:18:22 INFO SparkContext: Starting job: save at NativeMethodAccessorImpl.java:0
[2025-04-13T19:18:22.512+0000] {spark_submit.py:491} INFO - 25/04/13 19:18:22 INFO DAGScheduler: Got job 1 (save at NativeMethodAccessorImpl.java:0) with 1 output partitions
[2025-04-13T19:18:22.513+0000] {spark_submit.py:491} INFO - 25/04/13 19:18:22 INFO DAGScheduler: Final stage: ResultStage 2 (save at NativeMethodAccessorImpl.java:0)
[2025-04-13T19:18:22.514+0000] {spark_submit.py:491} INFO - 25/04/13 19:18:22 INFO DAGScheduler: Parents of final stage: List(ShuffleMapStage 1)
[2025-04-13T19:18:22.517+0000] {spark_submit.py:491} INFO - 25/04/13 19:18:22 INFO DAGScheduler: Missing parents: List()
[2025-04-13T19:18:22.521+0000] {spark_submit.py:491} INFO - 25/04/13 19:18:22 INFO DAGScheduler: Submitting ResultStage 2 (MapPartitionsRDD[11] at save at NativeMethodAccessorImpl.java:0), which has no missing parents
[2025-04-13T19:18:22.581+0000] {spark_submit.py:491} INFO - 25/04/13 19:18:22 INFO MemoryStore: Block broadcast_1 stored as values in memory (estimated size 49.0 KiB, free 434.3 MiB)
[2025-04-13T19:18:22.588+0000] {spark_submit.py:491} INFO - 25/04/13 19:18:22 INFO MemoryStore: Block broadcast_1_piece0 stored as bytes in memory (estimated size 22.4 KiB, free 434.3 MiB)
[2025-04-13T19:18:22.589+0000] {spark_submit.py:491} INFO - 25/04/13 19:18:22 INFO BlockManagerInfo: Added broadcast_1_piece0 in memory on fd358b7daeb3:37063 (size: 22.4 KiB, free: 434.4 MiB)
[2025-04-13T19:18:22.591+0000] {spark_submit.py:491} INFO - 25/04/13 19:18:22 INFO SparkContext: Created broadcast 1 from broadcast at DAGScheduler.scala:1585
[2025-04-13T19:18:22.595+0000] {spark_submit.py:491} INFO - 25/04/13 19:18:22 INFO DAGScheduler: Submitting 1 missing tasks from ResultStage 2 (MapPartitionsRDD[11] at save at NativeMethodAccessorImpl.java:0) (first 15 tasks are for partitions Vector(0))
[2025-04-13T19:18:22.595+0000] {spark_submit.py:491} INFO - 25/04/13 19:18:22 INFO TaskSchedulerImpl: Adding task set 2.0 with 1 tasks resource profile 0
[2025-04-13T19:18:22.609+0000] {spark_submit.py:491} INFO - 25/04/13 19:18:22 INFO TaskSetManager: Starting task 0.0 in stage 2.0 (TID 1) (fd358b7daeb3, executor driver, partition 0, NODE_LOCAL, 9494 bytes)
[2025-04-13T19:18:22.611+0000] {spark_submit.py:491} INFO - 25/04/13 19:18:22 INFO Executor: Running task 0.0 in stage 2.0 (TID 1)
[2025-04-13T19:18:22.766+0000] {spark_submit.py:491} INFO - 25/04/13 19:18:22 INFO ShuffleBlockFetcherIterator: Getting 1 (405.6 KiB) non-empty blocks including 1 (405.6 KiB) local and 0 (0.0 B) host-local and 0 (0.0 B) push-merged-local and 0 (0.0 B) remote blocks
[2025-04-13T19:18:22.768+0000] {spark_submit.py:491} INFO - 25/04/13 19:18:22 INFO ShuffleBlockFetcherIterator: Started 0 remote fetches in 15 ms
[2025-04-13T19:18:22.819+0000] {spark_submit.py:491} INFO - 25/04/13 19:18:22 INFO CodeGenerator: Code generated in 43.592917 ms
[2025-04-13T19:18:23.123+0000] {spark_submit.py:491} INFO - 25/04/13 19:18:23 INFO BlockManagerInfo: Removed broadcast_0_piece0 on fd358b7daeb3:37063 in memory (size: 15.1 KiB, free: 434.4 MiB)
[2025-04-13T19:18:23.188+0000] {spark_submit.py:491} INFO - 25/04/13 19:18:23 INFO CodeGenerator: Code generated in 48.108167 ms
[2025-04-13T19:18:23.226+0000] {spark_submit.py:491} INFO - 25/04/13 19:18:23 INFO CodeGenerator: Code generated in 21.153042 ms
[2025-04-13T19:18:23.245+0000] {spark_submit.py:491} INFO - 25/04/13 19:18:23 INFO CodeGenerator: Code generated in 12.56475 ms
[2025-04-13T19:18:23.260+0000] {spark_submit.py:491} INFO - 25/04/13 19:18:23 INFO CodeGenerator: Code generated in 12.98675 ms
[2025-04-13T19:18:23.278+0000] {spark_submit.py:491} INFO - 25/04/13 19:18:23 INFO CodeGenerator: Code generated in 16.769084 ms
[2025-04-13T19:18:23.360+0000] {spark_submit.py:491} INFO - 25/04/13 19:18:23 INFO CodeGenerator: Code generated in 64.296334 ms
[2025-04-13T19:18:25.765+0000] {spark_submit.py:491} INFO - 25/04/13 19:18:25 INFO Executor: Finished task 0.0 in stage 2.0 (TID 1). 4601 bytes result sent to driver
[2025-04-13T19:18:25.780+0000] {spark_submit.py:491} INFO - 25/04/13 19:18:25 INFO TaskSetManager: Finished task 0.0 in stage 2.0 (TID 1) in 3176 ms on fd358b7daeb3 (executor driver) (1/1)
[2025-04-13T19:18:25.780+0000] {spark_submit.py:491} INFO - 25/04/13 19:18:25 INFO TaskSchedulerImpl: Removed TaskSet 2.0, whose tasks have all completed, from pool
[2025-04-13T19:18:25.785+0000] {spark_submit.py:491} INFO - 25/04/13 19:18:25 INFO DAGScheduler: ResultStage 2 (save at NativeMethodAccessorImpl.java:0) finished in 3.234 s
[2025-04-13T19:18:25.788+0000] {spark_submit.py:491} INFO - 25/04/13 19:18:25 INFO DAGScheduler: Job 1 is finished. Cancelling potential speculative or zombie tasks for this job
[2025-04-13T19:18:25.788+0000] {spark_submit.py:491} INFO - 25/04/13 19:18:25 INFO TaskSchedulerImpl: Killing all running tasks in stage 2: Stage finished
[2025-04-13T19:18:25.790+0000] {spark_submit.py:491} INFO - 25/04/13 19:18:25 INFO DAGScheduler: Job 1 finished: save at NativeMethodAccessorImpl.java:0, took 3.288598 s
[2025-04-13T19:18:25.922+0000] {spark_submit.py:491} INFO - 25/04/13 19:18:25 INFO SparkContext: Invoking stop() from shutdown hook
[2025-04-13T19:18:25.922+0000] {spark_submit.py:491} INFO - 25/04/13 19:18:25 INFO SparkContext: SparkContext is stopping with exitCode 0.
[2025-04-13T19:18:25.936+0000] {spark_submit.py:491} INFO - 25/04/13 19:18:25 INFO SparkUI: Stopped Spark web UI at http://fd358b7daeb3:4040
[2025-04-13T19:18:25.953+0000] {spark_submit.py:491} INFO - 25/04/13 19:18:25 INFO MapOutputTrackerMasterEndpoint: MapOutputTrackerMasterEndpoint stopped!
[2025-04-13T19:18:26.008+0000] {spark_submit.py:491} INFO - 25/04/13 19:18:26 INFO MemoryStore: MemoryStore cleared
[2025-04-13T19:18:26.009+0000] {spark_submit.py:491} INFO - 25/04/13 19:18:26 INFO BlockManager: BlockManager stopped
[2025-04-13T19:18:26.013+0000] {spark_submit.py:491} INFO - 25/04/13 19:18:26 INFO BlockManagerMaster: BlockManagerMaster stopped
[2025-04-13T19:18:26.017+0000] {spark_submit.py:491} INFO - 25/04/13 19:18:26 INFO OutputCommitCoordinator$OutputCommitCoordinatorEndpoint: OutputCommitCoordinator stopped!
[2025-04-13T19:18:26.070+0000] {spark_submit.py:491} INFO - 25/04/13 19:18:26 INFO SparkContext: Successfully stopped SparkContext
[2025-04-13T19:18:26.071+0000] {spark_submit.py:491} INFO - 25/04/13 19:18:26 INFO ShutdownHookManager: Shutdown hook called
[2025-04-13T19:18:26.071+0000] {spark_submit.py:491} INFO - 25/04/13 19:18:26 INFO ShutdownHookManager: Deleting directory /tmp/spark-14542b92-6c7a-40c8-8cb0-0a6fd40af6d7/pyspark-06d63d5a-e28a-4bcf-8e53-ec1efccd9a81
[2025-04-13T19:18:26.110+0000] {spark_submit.py:491} INFO - 25/04/13 19:18:26 INFO ShutdownHookManager: Deleting directory /tmp/spark-478b9cee-ba9f-4f18-a7a3-30d303a0cdaf
[2025-04-13T19:18:26.151+0000] {spark_submit.py:491} INFO - 25/04/13 19:18:26 INFO ShutdownHookManager: Deleting directory /tmp/spark-14542b92-6c7a-40c8-8cb0-0a6fd40af6d7
[2025-04-13T19:18:26.274+0000] {taskinstance.py:1398} INFO - Marking task as SUCCESS. dag_id=daily_search_volume_aggregation, task_id=aggregate_search_volume, execution_date=20250413T180100, start_date=20250413T191805, end_date=20250413T191826
[2025-04-13T19:18:26.290+0000] {local_task_job_runner.py:228} INFO - Task exited with return code 0
[2025-04-13T19:18:26.305+0000] {taskinstance.py:2776} INFO - 0 downstream tasks scheduled from follow-on schedule check
