[2025-04-13T19:15:53.769+0000] {taskinstance.py:1157} INFO - Dependencies all met for dep_context=non-requeueable deps ti=<TaskInstance: daily_search_volume_aggregation.aggregate_search_volume scheduled__2025-04-13T18:01:00+00:00 [queued]>
[2025-04-13T19:15:53.777+0000] {taskinstance.py:1157} INFO - Dependencies all met for dep_context=requeueable deps ti=<TaskInstance: daily_search_volume_aggregation.aggregate_search_volume scheduled__2025-04-13T18:01:00+00:00 [queued]>
[2025-04-13T19:15:53.778+0000] {taskinstance.py:1359} INFO - Starting attempt 7 of 8
[2025-04-13T19:15:53.791+0000] {taskinstance.py:1380} INFO - Executing <Task(SparkSubmitOperator): aggregate_search_volume> on 2025-04-13 18:01:00+00:00
[2025-04-13T19:15:53.795+0000] {standard_task_runner.py:57} INFO - Started process 813 to run task
[2025-04-13T19:15:53.799+0000] {standard_task_runner.py:84} INFO - Running: ['airflow', 'tasks', 'run', 'daily_search_volume_aggregation', 'aggregate_search_volume', 'scheduled__2025-04-13T18:01:00+00:00', '--job-id', '9', '--raw', '--subdir', 'DAGS_FOLDER/daily_search_volume_aggregation.py', '--cfg-path', '/tmp/tmpb7jd7gbi']
[2025-04-13T19:15:53.802+0000] {standard_task_runner.py:85} INFO - Job 9: Subtask aggregate_search_volume
[2025-04-13T19:15:53.868+0000] {task_command.py:415} INFO - Running <TaskInstance: daily_search_volume_aggregation.aggregate_search_volume scheduled__2025-04-13T18:01:00+00:00 [running]> on host fd358b7daeb3
[2025-04-13T19:15:53.941+0000] {taskinstance.py:1660} INFO - Exporting env vars: AIRFLOW_CTX_DAG_OWNER='airflow' AIRFLOW_CTX_DAG_ID='daily_search_volume_aggregation' AIRFLOW_CTX_TASK_ID='aggregate_search_volume' AIRFLOW_CTX_EXECUTION_DATE='2025-04-13T18:01:00+00:00' AIRFLOW_CTX_TRY_NUMBER='7' AIRFLOW_CTX_DAG_RUN_ID='scheduled__2025-04-13T18:01:00+00:00'
[2025-04-13T19:15:53.943+0000] {base.py:73} INFO - Using connection ID 'spark_default' for task execution.
[2025-04-13T19:15:53.944+0000] {spark_submit.py:340} INFO - Spark-Submit cmd: spark-submit --master spark:7077 --conf spark.driver.memory=1g --conf spark.executor.memory=1g --conf spark.jars.packages=mysql:mysql-connector-java:8.0.28 --name arrow-spark --verbose /opt/airflow/dags/spark/daily_aggregation.py
[2025-04-13T19:15:57.267+0000] {spark_submit.py:491} INFO - Using properties file: null
[2025-04-13T19:15:57.416+0000] {spark_submit.py:491} INFO - Parsed arguments:
[2025-04-13T19:15:57.417+0000] {spark_submit.py:491} INFO - master                  spark:7077
[2025-04-13T19:15:57.417+0000] {spark_submit.py:491} INFO - remote                  null
[2025-04-13T19:15:57.417+0000] {spark_submit.py:491} INFO - deployMode              null
[2025-04-13T19:15:57.418+0000] {spark_submit.py:491} INFO - executorMemory          1g
[2025-04-13T19:15:57.418+0000] {spark_submit.py:491} INFO - executorCores           null
[2025-04-13T19:15:57.418+0000] {spark_submit.py:491} INFO - totalExecutorCores      null
[2025-04-13T19:15:57.418+0000] {spark_submit.py:491} INFO - propertiesFile          null
[2025-04-13T19:15:57.418+0000] {spark_submit.py:491} INFO - driverMemory            1g
[2025-04-13T19:15:57.419+0000] {spark_submit.py:491} INFO - driverCores             null
[2025-04-13T19:15:57.419+0000] {spark_submit.py:491} INFO - driverExtraClassPath    null
[2025-04-13T19:15:57.419+0000] {spark_submit.py:491} INFO - driverExtraLibraryPath  null
[2025-04-13T19:15:57.419+0000] {spark_submit.py:491} INFO - driverExtraJavaOptions  null
[2025-04-13T19:15:57.419+0000] {spark_submit.py:491} INFO - supervise               false
[2025-04-13T19:15:57.420+0000] {spark_submit.py:491} INFO - queue                   null
[2025-04-13T19:15:57.420+0000] {spark_submit.py:491} INFO - numExecutors            null
[2025-04-13T19:15:57.420+0000] {spark_submit.py:491} INFO - files                   null
[2025-04-13T19:15:57.420+0000] {spark_submit.py:491} INFO - pyFiles                 null
[2025-04-13T19:15:57.420+0000] {spark_submit.py:491} INFO - archives                null
[2025-04-13T19:15:57.421+0000] {spark_submit.py:491} INFO - mainClass               null
[2025-04-13T19:15:57.421+0000] {spark_submit.py:491} INFO - primaryResource         file:/opt/airflow/dags/spark/daily_aggregation.py
[2025-04-13T19:15:57.421+0000] {spark_submit.py:491} INFO - name                    arrow-spark
[2025-04-13T19:15:57.421+0000] {spark_submit.py:491} INFO - childArgs               []
[2025-04-13T19:15:57.421+0000] {spark_submit.py:491} INFO - jars                    null
[2025-04-13T19:15:57.422+0000] {spark_submit.py:491} INFO - packages                mysql:mysql-connector-java:8.0.28
[2025-04-13T19:15:57.422+0000] {spark_submit.py:491} INFO - packagesExclusions      null
[2025-04-13T19:15:57.422+0000] {spark_submit.py:491} INFO - repositories            null
[2025-04-13T19:15:57.422+0000] {spark_submit.py:491} INFO - verbose                 true
[2025-04-13T19:15:57.422+0000] {spark_submit.py:491} INFO - 
[2025-04-13T19:15:57.422+0000] {spark_submit.py:491} INFO - Spark properties used, including those specified through
[2025-04-13T19:15:57.423+0000] {spark_submit.py:491} INFO - --conf and those from the properties file null:
[2025-04-13T19:15:57.423+0000] {spark_submit.py:491} INFO - (spark.driver.memory,1g)
[2025-04-13T19:15:57.423+0000] {spark_submit.py:491} INFO - (spark.executor.memory,1g)
[2025-04-13T19:15:57.423+0000] {spark_submit.py:491} INFO - (spark.jars.packages,mysql:mysql-connector-java:8.0.28)
[2025-04-13T19:15:57.423+0000] {spark_submit.py:491} INFO - 
[2025-04-13T19:15:57.424+0000] {spark_submit.py:491} INFO - 
[2025-04-13T19:15:57.572+0000] {spark_submit.py:491} INFO - :: loading settings :: url = jar:file:/home/airflow/.local/lib/python3.8/site-packages/pyspark/jars/ivy-2.5.1.jar!/org/apache/ivy/core/settings/ivysettings.xml
[2025-04-13T19:15:57.829+0000] {spark_submit.py:491} INFO - Ivy Default Cache set to: /home/airflow/.ivy2/cache
[2025-04-13T19:15:57.829+0000] {spark_submit.py:491} INFO - The jars for the packages stored in: /home/airflow/.ivy2/jars
[2025-04-13T19:15:57.836+0000] {spark_submit.py:491} INFO - mysql#mysql-connector-java added as a dependency
[2025-04-13T19:15:57.838+0000] {spark_submit.py:491} INFO - :: resolving dependencies :: org.apache.spark#spark-submit-parent-1d113e69-ad0c-4f38-b1a9-60e55399a4f6;1.0
[2025-04-13T19:15:57.838+0000] {spark_submit.py:491} INFO - confs: [default]
[2025-04-13T19:15:57.982+0000] {spark_submit.py:491} INFO - found mysql#mysql-connector-java;8.0.28 in central
[2025-04-13T19:15:58.039+0000] {spark_submit.py:491} INFO - found com.google.protobuf#protobuf-java;3.11.4 in central
[2025-04-13T19:15:58.072+0000] {spark_submit.py:491} INFO - :: resolution report :: resolve 220ms :: artifacts dl 13ms
[2025-04-13T19:15:58.073+0000] {spark_submit.py:491} INFO - :: modules in use:
[2025-04-13T19:15:58.074+0000] {spark_submit.py:491} INFO - com.google.protobuf#protobuf-java;3.11.4 from central in [default]
[2025-04-13T19:15:58.074+0000] {spark_submit.py:491} INFO - mysql#mysql-connector-java;8.0.28 from central in [default]
[2025-04-13T19:15:58.075+0000] {spark_submit.py:491} INFO - ---------------------------------------------------------------------
[2025-04-13T19:15:58.076+0000] {spark_submit.py:491} INFO - |                  |            modules            ||   artifacts   |
[2025-04-13T19:15:58.076+0000] {spark_submit.py:491} INFO - |       conf       | number| search|dwnlded|evicted|| number|dwnlded|
[2025-04-13T19:15:58.076+0000] {spark_submit.py:491} INFO - ---------------------------------------------------------------------
[2025-04-13T19:15:58.077+0000] {spark_submit.py:491} INFO - |      default     |   2   |   0   |   0   |   0   ||   2   |   0   |
[2025-04-13T19:15:58.077+0000] {spark_submit.py:491} INFO - ---------------------------------------------------------------------
[2025-04-13T19:15:58.080+0000] {spark_submit.py:491} INFO - :: retrieving :: org.apache.spark#spark-submit-parent-1d113e69-ad0c-4f38-b1a9-60e55399a4f6
[2025-04-13T19:15:58.081+0000] {spark_submit.py:491} INFO - confs: [default]
[2025-04-13T19:15:58.090+0000] {spark_submit.py:491} INFO - 0 artifacts copied, 2 already retrieved (0kB/10ms)
[2025-04-13T19:15:58.475+0000] {spark_submit.py:491} INFO - 25/04/13 19:15:58 WARN NativeCodeLoader: Unable to load native-hadoop library for your platform... using builtin-java classes where applicable
[2025-04-13T19:15:58.740+0000] {spark_submit.py:491} INFO - Main class:
[2025-04-13T19:15:58.740+0000] {spark_submit.py:491} INFO - org.apache.spark.deploy.PythonRunner
[2025-04-13T19:15:58.741+0000] {spark_submit.py:491} INFO - Arguments:
[2025-04-13T19:15:58.741+0000] {spark_submit.py:491} INFO - file:/opt/airflow/dags/spark/daily_aggregation.py
[2025-04-13T19:15:58.741+0000] {spark_submit.py:491} INFO - file:///home/airflow/.ivy2/jars/mysql_mysql-connector-java-8.0.28.jar,file:///home/airflow/.ivy2/jars/com.google.protobuf_protobuf-java-3.11.4.jar
[2025-04-13T19:15:58.748+0000] {spark_submit.py:491} INFO - Spark config:
[2025-04-13T19:15:58.748+0000] {spark_submit.py:491} INFO - (spark.app.name,arrow-spark)
[2025-04-13T19:15:58.749+0000] {spark_submit.py:491} INFO - (spark.app.submitTime,1744571758699)
[2025-04-13T19:15:58.749+0000] {spark_submit.py:491} INFO - (spark.driver.memory,1g)
[2025-04-13T19:15:58.749+0000] {spark_submit.py:491} INFO - (spark.executor.memory,1g)
[2025-04-13T19:15:58.749+0000] {spark_submit.py:491} INFO - (spark.files,file:///home/airflow/.ivy2/jars/mysql_mysql-connector-java-8.0.28.jar,file:///home/airflow/.ivy2/jars/com.google.protobuf_protobuf-java-3.11.4.jar)
[2025-04-13T19:15:58.749+0000] {spark_submit.py:491} INFO - (spark.jars,file:///home/airflow/.ivy2/jars/mysql_mysql-connector-java-8.0.28.jar,file:///home/airflow/.ivy2/jars/com.google.protobuf_protobuf-java-3.11.4.jar)
[2025-04-13T19:15:58.750+0000] {spark_submit.py:491} INFO - (spark.jars.packages,mysql:mysql-connector-java:8.0.28)
[2025-04-13T19:15:58.750+0000] {spark_submit.py:491} INFO - (spark.master,spark:7077)
[2025-04-13T19:15:58.750+0000] {spark_submit.py:491} INFO - (spark.repl.local.jars,file:///home/airflow/.ivy2/jars/mysql_mysql-connector-java-8.0.28.jar,file:///home/airflow/.ivy2/jars/com.google.protobuf_protobuf-java-3.11.4.jar)
[2025-04-13T19:15:58.750+0000] {spark_submit.py:491} INFO - (spark.submit.deployMode,client)
[2025-04-13T19:15:58.750+0000] {spark_submit.py:491} INFO - (spark.submit.pyFiles,/home/airflow/.ivy2/jars/mysql_mysql-connector-java-8.0.28.jar,/home/airflow/.ivy2/jars/com.google.protobuf_protobuf-java-3.11.4.jar)
[2025-04-13T19:15:58.750+0000] {spark_submit.py:491} INFO - Classpath elements:
[2025-04-13T19:15:58.751+0000] {spark_submit.py:491} INFO - file:///home/airflow/.ivy2/jars/mysql_mysql-connector-java-8.0.28.jar
[2025-04-13T19:15:58.751+0000] {spark_submit.py:491} INFO - file:///home/airflow/.ivy2/jars/com.google.protobuf_protobuf-java-3.11.4.jar
[2025-04-13T19:15:58.751+0000] {spark_submit.py:491} INFO - 
[2025-04-13T19:15:58.751+0000] {spark_submit.py:491} INFO - 
[2025-04-13T19:15:59.960+0000] {spark_submit.py:491} INFO - 25/04/13 19:15:59 INFO SparkContext: Running Spark version 3.5.5
[2025-04-13T19:15:59.960+0000] {spark_submit.py:491} INFO - 25/04/13 19:15:59 INFO SparkContext: OS info Linux, 6.12.5-linuxkit, amd64
[2025-04-13T19:15:59.961+0000] {spark_submit.py:491} INFO - 25/04/13 19:15:59 INFO SparkContext: Java version 11.0.26
[2025-04-13T19:16:00.000+0000] {spark_submit.py:491} INFO - 25/04/13 19:15:59 INFO ResourceUtils: ==============================================================
[2025-04-13T19:16:00.000+0000] {spark_submit.py:491} INFO - 25/04/13 19:16:00 INFO ResourceUtils: No custom resources configured for spark.driver.
[2025-04-13T19:16:00.001+0000] {spark_submit.py:491} INFO - 25/04/13 19:16:00 INFO ResourceUtils: ==============================================================
[2025-04-13T19:16:00.021+0000] {spark_submit.py:491} INFO - 25/04/13 19:16:00 INFO SparkContext: Submitted application: DailySearchVolumeAggregation
[2025-04-13T19:16:00.126+0000] {spark_submit.py:491} INFO - 25/04/13 19:16:00 INFO ResourceProfile: Default ResourceProfile created, executor resources: Map(cores -> name: cores, amount: 1, script: , vendor: , memory -> name: memory, amount: 1024, script: , vendor: , offHeap -> name: offHeap, amount: 0, script: , vendor: ), task resources: Map(cpus -> name: cpus, amount: 1.0)
[2025-04-13T19:16:00.145+0000] {spark_submit.py:491} INFO - 25/04/13 19:16:00 INFO ResourceProfile: Limiting resource is cpu
[2025-04-13T19:16:00.146+0000] {spark_submit.py:491} INFO - 25/04/13 19:16:00 INFO ResourceProfileManager: Added ResourceProfile id: 0
[2025-04-13T19:16:00.216+0000] {spark_submit.py:491} INFO - 25/04/13 19:16:00 INFO SecurityManager: Changing view acls to: airflow
[2025-04-13T19:16:00.216+0000] {spark_submit.py:491} INFO - 25/04/13 19:16:00 INFO SecurityManager: Changing modify acls to: airflow
[2025-04-13T19:16:00.217+0000] {spark_submit.py:491} INFO - 25/04/13 19:16:00 INFO SecurityManager: Changing view acls groups to:
[2025-04-13T19:16:00.217+0000] {spark_submit.py:491} INFO - 25/04/13 19:16:00 INFO SecurityManager: Changing modify acls groups to:
[2025-04-13T19:16:00.217+0000] {spark_submit.py:491} INFO - 25/04/13 19:16:00 INFO SecurityManager: SecurityManager: authentication disabled; ui acls disabled; users with view permissions: airflow; groups with view permissions: EMPTY; users with modify permissions: airflow; groups with modify permissions: EMPTY
[2025-04-13T19:16:00.515+0000] {spark_submit.py:491} INFO - 25/04/13 19:16:00 INFO Utils: Successfully started service 'sparkDriver' on port 40311.
[2025-04-13T19:16:00.564+0000] {spark_submit.py:491} INFO - 25/04/13 19:16:00 INFO SparkEnv: Registering MapOutputTracker
[2025-04-13T19:16:00.605+0000] {spark_submit.py:491} INFO - 25/04/13 19:16:00 INFO SparkEnv: Registering BlockManagerMaster
[2025-04-13T19:16:00.620+0000] {spark_submit.py:491} INFO - 25/04/13 19:16:00 INFO BlockManagerMasterEndpoint: Using org.apache.spark.storage.DefaultTopologyMapper for getting topology information
[2025-04-13T19:16:00.622+0000] {spark_submit.py:491} INFO - 25/04/13 19:16:00 INFO BlockManagerMasterEndpoint: BlockManagerMasterEndpoint up
[2025-04-13T19:16:00.628+0000] {spark_submit.py:491} INFO - 25/04/13 19:16:00 INFO SparkEnv: Registering BlockManagerMasterHeartbeat
[2025-04-13T19:16:00.648+0000] {spark_submit.py:491} INFO - 25/04/13 19:16:00 INFO DiskBlockManager: Created local directory at /tmp/blockmgr-0805f88a-b26e-49b0-8b42-c402af627c66
[2025-04-13T19:16:00.663+0000] {spark_submit.py:491} INFO - 25/04/13 19:16:00 INFO MemoryStore: MemoryStore started with capacity 434.4 MiB
[2025-04-13T19:16:00.683+0000] {spark_submit.py:491} INFO - 25/04/13 19:16:00 INFO SparkEnv: Registering OutputCommitCoordinator
[2025-04-13T19:16:00.858+0000] {spark_submit.py:491} INFO - 25/04/13 19:16:00 INFO JettyUtils: Start Jetty 0.0.0.0:4040 for SparkUI
[2025-04-13T19:16:00.922+0000] {spark_submit.py:491} INFO - 25/04/13 19:16:00 INFO Utils: Successfully started service 'SparkUI' on port 4040.
[2025-04-13T19:16:00.973+0000] {spark_submit.py:491} INFO - 25/04/13 19:16:00 INFO SparkContext: Added JAR file:///home/airflow/.ivy2/jars/mysql_mysql-connector-java-8.0.28.jar at spark://fd358b7daeb3:40311/jars/mysql_mysql-connector-java-8.0.28.jar with timestamp 1744571759945
[2025-04-13T19:16:00.973+0000] {spark_submit.py:491} INFO - 25/04/13 19:16:00 INFO SparkContext: Added JAR file:///home/airflow/.ivy2/jars/com.google.protobuf_protobuf-java-3.11.4.jar at spark://fd358b7daeb3:40311/jars/com.google.protobuf_protobuf-java-3.11.4.jar with timestamp 1744571759945
[2025-04-13T19:16:00.978+0000] {spark_submit.py:491} INFO - 25/04/13 19:16:00 INFO SparkContext: Added file file:///home/airflow/.ivy2/jars/mysql_mysql-connector-java-8.0.28.jar at file:///home/airflow/.ivy2/jars/mysql_mysql-connector-java-8.0.28.jar with timestamp 1744571759945
[2025-04-13T19:16:00.979+0000] {spark_submit.py:491} INFO - 25/04/13 19:16:00 INFO Utils: Copying /home/airflow/.ivy2/jars/mysql_mysql-connector-java-8.0.28.jar to /tmp/spark-6a730d5c-9872-47bc-97c2-69c1d1f0ffde/userFiles-709c5b64-3d63-4b25-ace0-b8feed6329f0/mysql_mysql-connector-java-8.0.28.jar
[2025-04-13T19:16:01.012+0000] {spark_submit.py:491} INFO - 25/04/13 19:16:01 INFO SparkContext: Added file file:///home/airflow/.ivy2/jars/com.google.protobuf_protobuf-java-3.11.4.jar at file:///home/airflow/.ivy2/jars/com.google.protobuf_protobuf-java-3.11.4.jar with timestamp 1744571759945
[2025-04-13T19:16:01.013+0000] {spark_submit.py:491} INFO - 25/04/13 19:16:01 INFO Utils: Copying /home/airflow/.ivy2/jars/com.google.protobuf_protobuf-java-3.11.4.jar to /tmp/spark-6a730d5c-9872-47bc-97c2-69c1d1f0ffde/userFiles-709c5b64-3d63-4b25-ace0-b8feed6329f0/com.google.protobuf_protobuf-java-3.11.4.jar
[2025-04-13T19:16:01.125+0000] {spark_submit.py:491} INFO - 25/04/13 19:16:01 INFO Executor: Starting executor ID driver on host fd358b7daeb3
[2025-04-13T19:16:01.126+0000] {spark_submit.py:491} INFO - 25/04/13 19:16:01 INFO Executor: OS info Linux, 6.12.5-linuxkit, amd64
[2025-04-13T19:16:01.126+0000] {spark_submit.py:491} INFO - 25/04/13 19:16:01 INFO Executor: Java version 11.0.26
[2025-04-13T19:16:01.138+0000] {spark_submit.py:491} INFO - 25/04/13 19:16:01 INFO Executor: Starting executor with user classpath (userClassPathFirst = false): ''
[2025-04-13T19:16:01.142+0000] {spark_submit.py:491} INFO - 25/04/13 19:16:01 INFO Executor: Created or updated repl class loader org.apache.spark.util.MutableURLClassLoader@12f7934c for default.
[2025-04-13T19:16:01.156+0000] {spark_submit.py:491} INFO - 25/04/13 19:16:01 INFO Executor: Fetching file:///home/airflow/.ivy2/jars/mysql_mysql-connector-java-8.0.28.jar with timestamp 1744571759945
[2025-04-13T19:16:01.181+0000] {spark_submit.py:491} INFO - 25/04/13 19:16:01 INFO Utils: /home/airflow/.ivy2/jars/mysql_mysql-connector-java-8.0.28.jar has been previously copied to /tmp/spark-6a730d5c-9872-47bc-97c2-69c1d1f0ffde/userFiles-709c5b64-3d63-4b25-ace0-b8feed6329f0/mysql_mysql-connector-java-8.0.28.jar
[2025-04-13T19:16:01.210+0000] {spark_submit.py:491} INFO - 25/04/13 19:16:01 INFO Executor: Fetching file:///home/airflow/.ivy2/jars/com.google.protobuf_protobuf-java-3.11.4.jar with timestamp 1744571759945
[2025-04-13T19:16:01.212+0000] {spark_submit.py:491} INFO - 25/04/13 19:16:01 INFO Utils: /home/airflow/.ivy2/jars/com.google.protobuf_protobuf-java-3.11.4.jar has been previously copied to /tmp/spark-6a730d5c-9872-47bc-97c2-69c1d1f0ffde/userFiles-709c5b64-3d63-4b25-ace0-b8feed6329f0/com.google.protobuf_protobuf-java-3.11.4.jar
[2025-04-13T19:16:01.250+0000] {spark_submit.py:491} INFO - 25/04/13 19:16:01 INFO Executor: Fetching spark://fd358b7daeb3:40311/jars/com.google.protobuf_protobuf-java-3.11.4.jar with timestamp 1744571759945
[2025-04-13T19:16:01.317+0000] {spark_submit.py:491} INFO - 25/04/13 19:16:01 INFO TransportClientFactory: Successfully created connection to fd358b7daeb3/172.18.0.9:40311 after 51 ms (0 ms spent in bootstraps)
[2025-04-13T19:16:01.332+0000] {spark_submit.py:491} INFO - 25/04/13 19:16:01 INFO Utils: Fetching spark://fd358b7daeb3:40311/jars/com.google.protobuf_protobuf-java-3.11.4.jar to /tmp/spark-6a730d5c-9872-47bc-97c2-69c1d1f0ffde/userFiles-709c5b64-3d63-4b25-ace0-b8feed6329f0/fetchFileTemp1018010685812778564.tmp
[2025-04-13T19:16:01.371+0000] {spark_submit.py:491} INFO - 25/04/13 19:16:01 INFO Utils: /tmp/spark-6a730d5c-9872-47bc-97c2-69c1d1f0ffde/userFiles-709c5b64-3d63-4b25-ace0-b8feed6329f0/fetchFileTemp1018010685812778564.tmp has been previously copied to /tmp/spark-6a730d5c-9872-47bc-97c2-69c1d1f0ffde/userFiles-709c5b64-3d63-4b25-ace0-b8feed6329f0/com.google.protobuf_protobuf-java-3.11.4.jar
[2025-04-13T19:16:01.405+0000] {spark_submit.py:491} INFO - 25/04/13 19:16:01 INFO Executor: Adding file:/tmp/spark-6a730d5c-9872-47bc-97c2-69c1d1f0ffde/userFiles-709c5b64-3d63-4b25-ace0-b8feed6329f0/com.google.protobuf_protobuf-java-3.11.4.jar to class loader default
[2025-04-13T19:16:01.406+0000] {spark_submit.py:491} INFO - 25/04/13 19:16:01 INFO Executor: Fetching spark://fd358b7daeb3:40311/jars/mysql_mysql-connector-java-8.0.28.jar with timestamp 1744571759945
[2025-04-13T19:16:01.409+0000] {spark_submit.py:491} INFO - 25/04/13 19:16:01 INFO Utils: Fetching spark://fd358b7daeb3:40311/jars/mysql_mysql-connector-java-8.0.28.jar to /tmp/spark-6a730d5c-9872-47bc-97c2-69c1d1f0ffde/userFiles-709c5b64-3d63-4b25-ace0-b8feed6329f0/fetchFileTemp2463852622805113167.tmp
[2025-04-13T19:16:01.432+0000] {spark_submit.py:491} INFO - 25/04/13 19:16:01 INFO Utils: /tmp/spark-6a730d5c-9872-47bc-97c2-69c1d1f0ffde/userFiles-709c5b64-3d63-4b25-ace0-b8feed6329f0/fetchFileTemp2463852622805113167.tmp has been previously copied to /tmp/spark-6a730d5c-9872-47bc-97c2-69c1d1f0ffde/userFiles-709c5b64-3d63-4b25-ace0-b8feed6329f0/mysql_mysql-connector-java-8.0.28.jar
[2025-04-13T19:16:01.458+0000] {spark_submit.py:491} INFO - 25/04/13 19:16:01 INFO Executor: Adding file:/tmp/spark-6a730d5c-9872-47bc-97c2-69c1d1f0ffde/userFiles-709c5b64-3d63-4b25-ace0-b8feed6329f0/mysql_mysql-connector-java-8.0.28.jar to class loader default
[2025-04-13T19:16:01.473+0000] {spark_submit.py:491} INFO - 25/04/13 19:16:01 INFO Utils: Successfully started service 'org.apache.spark.network.netty.NettyBlockTransferService' on port 33969.
[2025-04-13T19:16:01.474+0000] {spark_submit.py:491} INFO - 25/04/13 19:16:01 INFO NettyBlockTransferService: Server created on fd358b7daeb3:33969
[2025-04-13T19:16:01.477+0000] {spark_submit.py:491} INFO - 25/04/13 19:16:01 INFO BlockManager: Using org.apache.spark.storage.RandomBlockReplicationPolicy for block replication policy
[2025-04-13T19:16:01.483+0000] {spark_submit.py:491} INFO - 25/04/13 19:16:01 INFO BlockManagerMaster: Registering BlockManager BlockManagerId(driver, fd358b7daeb3, 33969, None)
[2025-04-13T19:16:01.488+0000] {spark_submit.py:491} INFO - 25/04/13 19:16:01 INFO BlockManagerMasterEndpoint: Registering block manager fd358b7daeb3:33969 with 434.4 MiB RAM, BlockManagerId(driver, fd358b7daeb3, 33969, None)
[2025-04-13T19:16:01.492+0000] {spark_submit.py:491} INFO - 25/04/13 19:16:01 INFO BlockManagerMaster: Registered BlockManager BlockManagerId(driver, fd358b7daeb3, 33969, None)
[2025-04-13T19:16:01.493+0000] {spark_submit.py:491} INFO - 25/04/13 19:16:01 INFO BlockManager: Initialized BlockManager: BlockManagerId(driver, fd358b7daeb3, 33969, None)
[2025-04-13T19:16:02.110+0000] {spark_submit.py:491} INFO - 25/04/13 19:16:02 INFO SharedState: Setting hive.metastore.warehouse.dir ('null') to the value of spark.sql.warehouse.dir.
[2025-04-13T19:16:02.117+0000] {spark_submit.py:491} INFO - 25/04/13 19:16:02 INFO SharedState: Warehouse path is 'file:/opt/airflow/spark-warehouse'.
[2025-04-13T19:16:03.975+0000] {spark_submit.py:491} INFO - Traceback (most recent call last):
[2025-04-13T19:16:03.976+0000] {spark_submit.py:491} INFO - File "/opt/airflow/dags/spark/daily_aggregation.py", line 42, in <module>
[2025-04-13T19:16:03.977+0000] {spark_submit.py:491} INFO - aggregate_daily_data()
[2025-04-13T19:16:03.977+0000] {spark_submit.py:491} INFO - File "/opt/airflow/dags/spark/daily_aggregation.py", line 12, in aggregate_daily_data
[2025-04-13T19:16:03.977+0000] {spark_submit.py:491} INFO - df = spark.read \
[2025-04-13T19:16:03.977+0000] {spark_submit.py:491} INFO - File "/home/airflow/.local/lib/python3.8/site-packages/pyspark/python/lib/pyspark.zip/pyspark/sql/readwriter.py", line 314, in load
[2025-04-13T19:16:03.978+0000] {spark_submit.py:491} INFO - File "/home/airflow/.local/lib/python3.8/site-packages/pyspark/python/lib/py4j-0.10.9.7-src.zip/py4j/java_gateway.py", line 1322, in __call__
[2025-04-13T19:16:03.978+0000] {spark_submit.py:491} INFO - File "/home/airflow/.local/lib/python3.8/site-packages/pyspark/python/lib/pyspark.zip/pyspark/errors/exceptions/captured.py", line 179, in deco
[2025-04-13T19:16:03.978+0000] {spark_submit.py:491} INFO - File "/home/airflow/.local/lib/python3.8/site-packages/pyspark/python/lib/py4j-0.10.9.7-src.zip/py4j/protocol.py", line 326, in get_return_value
[2025-04-13T19:16:03.979+0000] {spark_submit.py:491} INFO - py4j.protocol.Py4JJavaError: An error occurred while calling o37.load.
[2025-04-13T19:16:03.979+0000] {spark_submit.py:491} INFO - : com.mysql.cj.jdbc.exceptions.CommunicationsException: Communications link failure
[2025-04-13T19:16:03.979+0000] {spark_submit.py:491} INFO - 
[2025-04-13T19:16:03.979+0000] {spark_submit.py:491} INFO - The last packet sent successfully to the server was 0 milliseconds ago. The driver has not received any packets from the server.
[2025-04-13T19:16:03.980+0000] {spark_submit.py:491} INFO - at com.mysql.cj.jdbc.exceptions.SQLError.createCommunicationsException(SQLError.java:174)
[2025-04-13T19:16:03.980+0000] {spark_submit.py:491} INFO - at com.mysql.cj.jdbc.exceptions.SQLExceptionsMapping.translateException(SQLExceptionsMapping.java:64)
[2025-04-13T19:16:03.980+0000] {spark_submit.py:491} INFO - at com.mysql.cj.jdbc.ConnectionImpl.createNewIO(ConnectionImpl.java:829)
[2025-04-13T19:16:03.980+0000] {spark_submit.py:491} INFO - at com.mysql.cj.jdbc.ConnectionImpl.<init>(ConnectionImpl.java:449)
[2025-04-13T19:16:03.980+0000] {spark_submit.py:491} INFO - at com.mysql.cj.jdbc.ConnectionImpl.getInstance(ConnectionImpl.java:242)
[2025-04-13T19:16:03.980+0000] {spark_submit.py:491} INFO - at com.mysql.cj.jdbc.NonRegisteringDriver.connect(NonRegisteringDriver.java:198)
[2025-04-13T19:16:03.981+0000] {spark_submit.py:491} INFO - at org.apache.spark.sql.execution.datasources.jdbc.connection.BasicConnectionProvider.getConnection(BasicConnectionProvider.scala:49)
[2025-04-13T19:16:03.981+0000] {spark_submit.py:491} INFO - at org.apache.spark.sql.execution.datasources.jdbc.connection.ConnectionProviderBase.create(ConnectionProvider.scala:102)
[2025-04-13T19:16:03.981+0000] {spark_submit.py:491} INFO - at org.apache.spark.sql.jdbc.JdbcDialect.$anonfun$createConnectionFactory$1(JdbcDialects.scala:161)
[2025-04-13T19:16:03.981+0000] {spark_submit.py:491} INFO - at org.apache.spark.sql.jdbc.JdbcDialect.$anonfun$createConnectionFactory$1$adapted(JdbcDialects.scala:157)
[2025-04-13T19:16:03.981+0000] {spark_submit.py:491} INFO - at org.apache.spark.sql.execution.datasources.jdbc.JDBCRDD$.getQueryOutputSchema(JDBCRDD.scala:63)
[2025-04-13T19:16:03.982+0000] {spark_submit.py:491} INFO - at org.apache.spark.sql.execution.datasources.jdbc.JDBCRDD$.resolveTable(JDBCRDD.scala:58)
[2025-04-13T19:16:03.982+0000] {spark_submit.py:491} INFO - at org.apache.spark.sql.execution.datasources.jdbc.JDBCRelation$.getSchema(JDBCRelation.scala:241)
[2025-04-13T19:16:03.982+0000] {spark_submit.py:491} INFO - at org.apache.spark.sql.execution.datasources.jdbc.JdbcRelationProvider.createRelation(JdbcRelationProvider.scala:37)
[2025-04-13T19:16:03.982+0000] {spark_submit.py:491} INFO - at org.apache.spark.sql.execution.datasources.DataSource.resolveRelation(DataSource.scala:346)
[2025-04-13T19:16:03.982+0000] {spark_submit.py:491} INFO - at org.apache.spark.sql.DataFrameReader.loadV1Source(DataFrameReader.scala:229)
[2025-04-13T19:16:03.982+0000] {spark_submit.py:491} INFO - at org.apache.spark.sql.DataFrameReader.$anonfun$load$2(DataFrameReader.scala:211)
[2025-04-13T19:16:03.983+0000] {spark_submit.py:491} INFO - at scala.Option.getOrElse(Option.scala:189)
[2025-04-13T19:16:03.983+0000] {spark_submit.py:491} INFO - at org.apache.spark.sql.DataFrameReader.load(DataFrameReader.scala:211)
[2025-04-13T19:16:03.983+0000] {spark_submit.py:491} INFO - at org.apache.spark.sql.DataFrameReader.load(DataFrameReader.scala:172)
[2025-04-13T19:16:03.983+0000] {spark_submit.py:491} INFO - at java.base/jdk.internal.reflect.NativeMethodAccessorImpl.invoke0(Native Method)
[2025-04-13T19:16:03.983+0000] {spark_submit.py:491} INFO - at java.base/jdk.internal.reflect.NativeMethodAccessorImpl.invoke(NativeMethodAccessorImpl.java:62)
[2025-04-13T19:16:03.983+0000] {spark_submit.py:491} INFO - at java.base/jdk.internal.reflect.DelegatingMethodAccessorImpl.invoke(DelegatingMethodAccessorImpl.java:43)
[2025-04-13T19:16:03.984+0000] {spark_submit.py:491} INFO - at java.base/java.lang.reflect.Method.invoke(Method.java:566)
[2025-04-13T19:16:03.984+0000] {spark_submit.py:491} INFO - at py4j.reflection.MethodInvoker.invoke(MethodInvoker.java:244)
[2025-04-13T19:16:03.984+0000] {spark_submit.py:491} INFO - at py4j.reflection.ReflectionEngine.invoke(ReflectionEngine.java:374)
[2025-04-13T19:16:03.984+0000] {spark_submit.py:491} INFO - at py4j.Gateway.invoke(Gateway.java:282)
[2025-04-13T19:16:03.984+0000] {spark_submit.py:491} INFO - at py4j.commands.AbstractCommand.invokeMethod(AbstractCommand.java:132)
[2025-04-13T19:16:03.984+0000] {spark_submit.py:491} INFO - at py4j.commands.CallCommand.execute(CallCommand.java:79)
[2025-04-13T19:16:03.985+0000] {spark_submit.py:491} INFO - at py4j.ClientServerConnection.waitForCommands(ClientServerConnection.java:182)
[2025-04-13T19:16:03.985+0000] {spark_submit.py:491} INFO - at py4j.ClientServerConnection.run(ClientServerConnection.java:106)
[2025-04-13T19:16:03.985+0000] {spark_submit.py:491} INFO - at java.base/java.lang.Thread.run(Thread.java:829)
[2025-04-13T19:16:03.985+0000] {spark_submit.py:491} INFO - Caused by: com.mysql.cj.exceptions.CJCommunicationsException: Communications link failure
[2025-04-13T19:16:03.985+0000] {spark_submit.py:491} INFO - 
[2025-04-13T19:16:03.985+0000] {spark_submit.py:491} INFO - The last packet sent successfully to the server was 0 milliseconds ago. The driver has not received any packets from the server.
[2025-04-13T19:16:03.986+0000] {spark_submit.py:491} INFO - at java.base/jdk.internal.reflect.NativeConstructorAccessorImpl.newInstance0(Native Method)
[2025-04-13T19:16:03.986+0000] {spark_submit.py:491} INFO - at java.base/jdk.internal.reflect.NativeConstructorAccessorImpl.newInstance(NativeConstructorAccessorImpl.java:62)
[2025-04-13T19:16:03.986+0000] {spark_submit.py:491} INFO - at java.base/jdk.internal.reflect.DelegatingConstructorAccessorImpl.newInstance(DelegatingConstructorAccessorImpl.java:45)
[2025-04-13T19:16:03.986+0000] {spark_submit.py:491} INFO - at java.base/java.lang.reflect.Constructor.newInstance(Constructor.java:490)
[2025-04-13T19:16:03.986+0000] {spark_submit.py:491} INFO - at com.mysql.cj.exceptions.ExceptionFactory.createException(ExceptionFactory.java:61)
[2025-04-13T19:16:03.986+0000] {spark_submit.py:491} INFO - at com.mysql.cj.exceptions.ExceptionFactory.createException(ExceptionFactory.java:105)
[2025-04-13T19:16:03.986+0000] {spark_submit.py:491} INFO - at com.mysql.cj.exceptions.ExceptionFactory.createException(ExceptionFactory.java:151)
[2025-04-13T19:16:03.987+0000] {spark_submit.py:491} INFO - at com.mysql.cj.exceptions.ExceptionFactory.createCommunicationsException(ExceptionFactory.java:167)
[2025-04-13T19:16:03.987+0000] {spark_submit.py:491} INFO - at com.mysql.cj.protocol.a.NativeSocketConnection.connect(NativeSocketConnection.java:89)
[2025-04-13T19:16:03.987+0000] {spark_submit.py:491} INFO - at com.mysql.cj.NativeSession.connect(NativeSession.java:120)
[2025-04-13T19:16:03.987+0000] {spark_submit.py:491} INFO - at com.mysql.cj.jdbc.ConnectionImpl.connectOneTryOnly(ConnectionImpl.java:949)
[2025-04-13T19:16:03.987+0000] {spark_submit.py:491} INFO - at com.mysql.cj.jdbc.ConnectionImpl.createNewIO(ConnectionImpl.java:819)
[2025-04-13T19:16:03.987+0000] {spark_submit.py:491} INFO - ... 29 more
[2025-04-13T19:16:03.987+0000] {spark_submit.py:491} INFO - Caused by: java.net.UnknownHostException: mysql: Name or service not known
[2025-04-13T19:16:03.988+0000] {spark_submit.py:491} INFO - at java.base/java.net.Inet6AddressImpl.lookupAllHostAddr(Native Method)
[2025-04-13T19:16:03.988+0000] {spark_submit.py:491} INFO - at java.base/java.net.InetAddress$PlatformNameService.lookupAllHostAddr(InetAddress.java:930)
[2025-04-13T19:16:03.988+0000] {spark_submit.py:491} INFO - at java.base/java.net.InetAddress.getAddressesFromNameService(InetAddress.java:1543)
[2025-04-13T19:16:03.988+0000] {spark_submit.py:491} INFO - at java.base/java.net.InetAddress$NameServiceAddresses.get(InetAddress.java:848)
[2025-04-13T19:16:03.988+0000] {spark_submit.py:491} INFO - at java.base/java.net.InetAddress.getAllByName0(InetAddress.java:1533)
[2025-04-13T19:16:03.988+0000] {spark_submit.py:491} INFO - at java.base/java.net.InetAddress.getAllByName(InetAddress.java:1386)
[2025-04-13T19:16:03.988+0000] {spark_submit.py:491} INFO - at java.base/java.net.InetAddress.getAllByName(InetAddress.java:1307)
[2025-04-13T19:16:03.989+0000] {spark_submit.py:491} INFO - at com.mysql.cj.protocol.StandardSocketFactory.connect(StandardSocketFactory.java:133)
[2025-04-13T19:16:03.989+0000] {spark_submit.py:491} INFO - at com.mysql.cj.protocol.a.NativeSocketConnection.connect(NativeSocketConnection.java:63)
[2025-04-13T19:16:03.989+0000] {spark_submit.py:491} INFO - ... 32 more
[2025-04-13T19:16:03.989+0000] {spark_submit.py:491} INFO - 
[2025-04-13T19:16:04.025+0000] {spark_submit.py:491} INFO - 25/04/13 19:16:04 INFO SparkContext: Invoking stop() from shutdown hook
[2025-04-13T19:16:04.026+0000] {spark_submit.py:491} INFO - 25/04/13 19:16:04 INFO SparkContext: SparkContext is stopping with exitCode 0.
[2025-04-13T19:16:04.044+0000] {spark_submit.py:491} INFO - 25/04/13 19:16:04 INFO SparkUI: Stopped Spark web UI at http://fd358b7daeb3:4040
[2025-04-13T19:16:04.062+0000] {spark_submit.py:491} INFO - 25/04/13 19:16:04 INFO MapOutputTrackerMasterEndpoint: MapOutputTrackerMasterEndpoint stopped!
[2025-04-13T19:16:04.106+0000] {spark_submit.py:491} INFO - 25/04/13 19:16:04 INFO MemoryStore: MemoryStore cleared
[2025-04-13T19:16:04.106+0000] {spark_submit.py:491} INFO - 25/04/13 19:16:04 INFO BlockManager: BlockManager stopped
[2025-04-13T19:16:04.114+0000] {spark_submit.py:491} INFO - 25/04/13 19:16:04 INFO BlockManagerMaster: BlockManagerMaster stopped
[2025-04-13T19:16:04.120+0000] {spark_submit.py:491} INFO - 25/04/13 19:16:04 INFO OutputCommitCoordinator$OutputCommitCoordinatorEndpoint: OutputCommitCoordinator stopped!
[2025-04-13T19:16:04.161+0000] {spark_submit.py:491} INFO - 25/04/13 19:16:04 INFO SparkContext: Successfully stopped SparkContext
[2025-04-13T19:16:04.162+0000] {spark_submit.py:491} INFO - 25/04/13 19:16:04 INFO ShutdownHookManager: Shutdown hook called
[2025-04-13T19:16:04.162+0000] {spark_submit.py:491} INFO - 25/04/13 19:16:04 INFO ShutdownHookManager: Deleting directory /tmp/spark-6a730d5c-9872-47bc-97c2-69c1d1f0ffde/pyspark-a7159f62-e908-4982-9b63-29c90b1dae37
[2025-04-13T19:16:04.190+0000] {spark_submit.py:491} INFO - 25/04/13 19:16:04 INFO ShutdownHookManager: Deleting directory /tmp/spark-6a730d5c-9872-47bc-97c2-69c1d1f0ffde
[2025-04-13T19:16:04.217+0000] {spark_submit.py:491} INFO - 25/04/13 19:16:04 INFO ShutdownHookManager: Deleting directory /tmp/spark-acb1f6a6-3aeb-4d56-9b33-ba1c850f312e
[2025-04-13T19:16:04.303+0000] {taskinstance.py:1935} ERROR - Task failed with exception
Traceback (most recent call last):
  File "/home/airflow/.local/lib/python3.8/site-packages/airflow/providers/apache/spark/operators/spark_submit.py", line 156, in execute
    self._hook.submit(self._application)
  File "/home/airflow/.local/lib/python3.8/site-packages/airflow/providers/apache/spark/hooks/spark_submit.py", line 422, in submit
    raise AirflowException(
airflow.exceptions.AirflowException: Cannot execute: spark-submit --master spark:7077 --conf spark.driver.memory=1g --conf spark.executor.memory=1g --conf spark.jars.packages=mysql:mysql-connector-java:8.0.28 --name arrow-spark --verbose /opt/airflow/dags/spark/daily_aggregation.py. Error code is: 1.
[2025-04-13T19:16:04.307+0000] {taskinstance.py:1398} INFO - Marking task as UP_FOR_RETRY. dag_id=daily_search_volume_aggregation, task_id=aggregate_search_volume, execution_date=20250413T180100, start_date=20250413T191553, end_date=20250413T191604
[2025-04-13T19:16:04.321+0000] {standard_task_runner.py:104} ERROR - Failed to execute job 9 for task aggregate_search_volume (Cannot execute: spark-submit --master spark:7077 --conf spark.driver.memory=1g --conf spark.executor.memory=1g --conf spark.jars.packages=mysql:mysql-connector-java:8.0.28 --name arrow-spark --verbose /opt/airflow/dags/spark/daily_aggregation.py. Error code is: 1.; 813)
[2025-04-13T19:16:04.365+0000] {local_task_job_runner.py:228} INFO - Task exited with return code 1
[2025-04-13T19:16:04.384+0000] {taskinstance.py:2776} INFO - 0 downstream tasks scheduled from follow-on schedule check
