[2025-04-13T19:09:18.321+0000] {taskinstance.py:1157} INFO - Dependencies all met for dep_context=non-requeueable deps ti=<TaskInstance: daily_search_volume_aggregation.aggregate_search_volume scheduled__2025-04-13T18:01:00+00:00 [queued]>
[2025-04-13T19:09:18.329+0000] {taskinstance.py:1157} INFO - Dependencies all met for dep_context=requeueable deps ti=<TaskInstance: daily_search_volume_aggregation.aggregate_search_volume scheduled__2025-04-13T18:01:00+00:00 [queued]>
[2025-04-13T19:09:18.329+0000] {taskinstance.py:1359} INFO - Starting attempt 4 of 5
[2025-04-13T19:09:18.341+0000] {taskinstance.py:1380} INFO - Executing <Task(SparkSubmitOperator): aggregate_search_volume> on 2025-04-13 18:01:00+00:00
[2025-04-13T19:09:18.344+0000] {standard_task_runner.py:57} INFO - Started process 258 to run task
[2025-04-13T19:09:18.348+0000] {standard_task_runner.py:84} INFO - Running: ['airflow', 'tasks', 'run', 'daily_search_volume_aggregation', 'aggregate_search_volume', 'scheduled__2025-04-13T18:01:00+00:00', '--job-id', '6', '--raw', '--subdir', 'DAGS_FOLDER/daily_search_volume_aggregation.py', '--cfg-path', '/tmp/tmp4chl3ml2']
[2025-04-13T19:09:18.351+0000] {standard_task_runner.py:85} INFO - Job 6: Subtask aggregate_search_volume
[2025-04-13T19:09:18.407+0000] {task_command.py:415} INFO - Running <TaskInstance: daily_search_volume_aggregation.aggregate_search_volume scheduled__2025-04-13T18:01:00+00:00 [running]> on host fd358b7daeb3
[2025-04-13T19:09:18.474+0000] {taskinstance.py:1660} INFO - Exporting env vars: AIRFLOW_CTX_DAG_OWNER='airflow' AIRFLOW_CTX_DAG_ID='daily_search_volume_aggregation' AIRFLOW_CTX_TASK_ID='aggregate_search_volume' AIRFLOW_CTX_EXECUTION_DATE='2025-04-13T18:01:00+00:00' AIRFLOW_CTX_TRY_NUMBER='4' AIRFLOW_CTX_DAG_RUN_ID='scheduled__2025-04-13T18:01:00+00:00'
[2025-04-13T19:09:18.476+0000] {base.py:73} INFO - Using connection ID 'spark_default' for task execution.
[2025-04-13T19:09:18.477+0000] {spark_submit.py:340} INFO - Spark-Submit cmd: spark-submit --master spark:7077 --conf spark.driver.memory=1g --conf spark.executor.memory=1g --conf spark.master=local[*] --name arrow-spark --verbose /opt/airflow/dags/spark/daily_aggregation.py
[2025-04-13T19:09:21.354+0000] {spark_submit.py:491} INFO - Using properties file: null
[2025-04-13T19:09:21.499+0000] {spark_submit.py:491} INFO - Parsed arguments:
[2025-04-13T19:09:21.500+0000] {spark_submit.py:491} INFO - master                  spark:7077
[2025-04-13T19:09:21.500+0000] {spark_submit.py:491} INFO - remote                  null
[2025-04-13T19:09:21.500+0000] {spark_submit.py:491} INFO - deployMode              null
[2025-04-13T19:09:21.500+0000] {spark_submit.py:491} INFO - executorMemory          1g
[2025-04-13T19:09:21.501+0000] {spark_submit.py:491} INFO - executorCores           null
[2025-04-13T19:09:21.501+0000] {spark_submit.py:491} INFO - totalExecutorCores      null
[2025-04-13T19:09:21.501+0000] {spark_submit.py:491} INFO - propertiesFile          null
[2025-04-13T19:09:21.501+0000] {spark_submit.py:491} INFO - driverMemory            1g
[2025-04-13T19:09:21.501+0000] {spark_submit.py:491} INFO - driverCores             null
[2025-04-13T19:09:21.501+0000] {spark_submit.py:491} INFO - driverExtraClassPath    null
[2025-04-13T19:09:21.502+0000] {spark_submit.py:491} INFO - driverExtraLibraryPath  null
[2025-04-13T19:09:21.502+0000] {spark_submit.py:491} INFO - driverExtraJavaOptions  null
[2025-04-13T19:09:21.502+0000] {spark_submit.py:491} INFO - supervise               false
[2025-04-13T19:09:21.502+0000] {spark_submit.py:491} INFO - queue                   null
[2025-04-13T19:09:21.502+0000] {spark_submit.py:491} INFO - numExecutors            null
[2025-04-13T19:09:21.502+0000] {spark_submit.py:491} INFO - files                   null
[2025-04-13T19:09:21.503+0000] {spark_submit.py:491} INFO - pyFiles                 null
[2025-04-13T19:09:21.503+0000] {spark_submit.py:491} INFO - archives                null
[2025-04-13T19:09:21.503+0000] {spark_submit.py:491} INFO - mainClass               null
[2025-04-13T19:09:21.503+0000] {spark_submit.py:491} INFO - primaryResource         file:/opt/airflow/dags/spark/daily_aggregation.py
[2025-04-13T19:09:21.503+0000] {spark_submit.py:491} INFO - name                    arrow-spark
[2025-04-13T19:09:21.503+0000] {spark_submit.py:491} INFO - childArgs               []
[2025-04-13T19:09:21.503+0000] {spark_submit.py:491} INFO - jars                    null
[2025-04-13T19:09:21.504+0000] {spark_submit.py:491} INFO - packages                null
[2025-04-13T19:09:21.504+0000] {spark_submit.py:491} INFO - packagesExclusions      null
[2025-04-13T19:09:21.504+0000] {spark_submit.py:491} INFO - repositories            null
[2025-04-13T19:09:21.504+0000] {spark_submit.py:491} INFO - verbose                 true
[2025-04-13T19:09:21.504+0000] {spark_submit.py:491} INFO - 
[2025-04-13T19:09:21.504+0000] {spark_submit.py:491} INFO - Spark properties used, including those specified through
[2025-04-13T19:09:21.505+0000] {spark_submit.py:491} INFO - --conf and those from the properties file null:
[2025-04-13T19:09:21.505+0000] {spark_submit.py:491} INFO - (spark.driver.memory,1g)
[2025-04-13T19:09:21.505+0000] {spark_submit.py:491} INFO - (spark.executor.memory,1g)
[2025-04-13T19:09:21.505+0000] {spark_submit.py:491} INFO - (spark.master,local[*])
[2025-04-13T19:09:21.505+0000] {spark_submit.py:491} INFO - 
[2025-04-13T19:09:21.505+0000] {spark_submit.py:491} INFO - 
[2025-04-13T19:09:21.972+0000] {spark_submit.py:491} INFO - Main class:
[2025-04-13T19:09:21.972+0000] {spark_submit.py:491} INFO - org.apache.spark.deploy.PythonRunner
[2025-04-13T19:09:21.973+0000] {spark_submit.py:491} INFO - Arguments:
[2025-04-13T19:09:21.974+0000] {spark_submit.py:491} INFO - file:/opt/airflow/dags/spark/daily_aggregation.py
[2025-04-13T19:09:21.974+0000] {spark_submit.py:491} INFO - null
[2025-04-13T19:09:21.980+0000] {spark_submit.py:491} INFO - Spark config:
[2025-04-13T19:09:21.981+0000] {spark_submit.py:491} INFO - (spark.app.name,arrow-spark)
[2025-04-13T19:09:21.981+0000] {spark_submit.py:491} INFO - (spark.app.submitTime,1744571361921)
[2025-04-13T19:09:21.981+0000] {spark_submit.py:491} INFO - (spark.driver.memory,1g)
[2025-04-13T19:09:21.982+0000] {spark_submit.py:491} INFO - (spark.executor.memory,1g)
[2025-04-13T19:09:21.982+0000] {spark_submit.py:491} INFO - (spark.master,spark:7077)
[2025-04-13T19:09:21.982+0000] {spark_submit.py:491} INFO - (spark.submit.deployMode,client)
[2025-04-13T19:09:21.982+0000] {spark_submit.py:491} INFO - (spark.submit.pyFiles,)
[2025-04-13T19:09:21.982+0000] {spark_submit.py:491} INFO - Classpath elements:
[2025-04-13T19:09:21.982+0000] {spark_submit.py:491} INFO - 
[2025-04-13T19:09:21.983+0000] {spark_submit.py:491} INFO - 
[2025-04-13T19:09:21.983+0000] {spark_submit.py:491} INFO - 
[2025-04-13T19:09:23.204+0000] {spark_submit.py:491} INFO - 25/04/13 19:09:23 INFO SparkContext: Running Spark version 3.5.5
[2025-04-13T19:09:23.207+0000] {spark_submit.py:491} INFO - 25/04/13 19:09:23 INFO SparkContext: OS info Linux, 6.12.5-linuxkit, amd64
[2025-04-13T19:09:23.208+0000] {spark_submit.py:491} INFO - 25/04/13 19:09:23 INFO SparkContext: Java version 11.0.26
[2025-04-13T19:09:23.294+0000] {spark_submit.py:491} INFO - 25/04/13 19:09:23 WARN NativeCodeLoader: Unable to load native-hadoop library for your platform... using builtin-java classes where applicable
[2025-04-13T19:09:23.430+0000] {spark_submit.py:491} INFO - 25/04/13 19:09:23 INFO ResourceUtils: ==============================================================
[2025-04-13T19:09:23.430+0000] {spark_submit.py:491} INFO - 25/04/13 19:09:23 INFO ResourceUtils: No custom resources configured for spark.driver.
[2025-04-13T19:09:23.431+0000] {spark_submit.py:491} INFO - 25/04/13 19:09:23 INFO ResourceUtils: ==============================================================
[2025-04-13T19:09:23.431+0000] {spark_submit.py:491} INFO - 25/04/13 19:09:23 INFO SparkContext: Submitted application: DailySearchVolumeAggregation
[2025-04-13T19:09:23.455+0000] {spark_submit.py:491} INFO - 25/04/13 19:09:23 INFO ResourceProfile: Default ResourceProfile created, executor resources: Map(cores -> name: cores, amount: 1, script: , vendor: , memory -> name: memory, amount: 1024, script: , vendor: , offHeap -> name: offHeap, amount: 0, script: , vendor: ), task resources: Map(cpus -> name: cpus, amount: 1.0)
[2025-04-13T19:09:23.468+0000] {spark_submit.py:491} INFO - 25/04/13 19:09:23 INFO ResourceProfile: Limiting resource is cpu
[2025-04-13T19:09:23.469+0000] {spark_submit.py:491} INFO - 25/04/13 19:09:23 INFO ResourceProfileManager: Added ResourceProfile id: 0
[2025-04-13T19:09:23.543+0000] {spark_submit.py:491} INFO - 25/04/13 19:09:23 INFO SecurityManager: Changing view acls to: airflow
[2025-04-13T19:09:23.543+0000] {spark_submit.py:491} INFO - 25/04/13 19:09:23 INFO SecurityManager: Changing modify acls to: airflow
[2025-04-13T19:09:23.543+0000] {spark_submit.py:491} INFO - 25/04/13 19:09:23 INFO SecurityManager: Changing view acls groups to:
[2025-04-13T19:09:23.544+0000] {spark_submit.py:491} INFO - 25/04/13 19:09:23 INFO SecurityManager: Changing modify acls groups to:
[2025-04-13T19:09:23.544+0000] {spark_submit.py:491} INFO - 25/04/13 19:09:23 INFO SecurityManager: SecurityManager: authentication disabled; ui acls disabled; users with view permissions: airflow; groups with view permissions: EMPTY; users with modify permissions: airflow; groups with modify permissions: EMPTY
[2025-04-13T19:09:23.959+0000] {spark_submit.py:491} INFO - 25/04/13 19:09:23 INFO Utils: Successfully started service 'sparkDriver' on port 36727.
[2025-04-13T19:09:23.991+0000] {spark_submit.py:491} INFO - 25/04/13 19:09:23 INFO SparkEnv: Registering MapOutputTracker
[2025-04-13T19:09:24.036+0000] {spark_submit.py:491} INFO - 25/04/13 19:09:24 INFO SparkEnv: Registering BlockManagerMaster
[2025-04-13T19:09:24.049+0000] {spark_submit.py:491} INFO - 25/04/13 19:09:24 INFO BlockManagerMasterEndpoint: Using org.apache.spark.storage.DefaultTopologyMapper for getting topology information
[2025-04-13T19:09:24.050+0000] {spark_submit.py:491} INFO - 25/04/13 19:09:24 INFO BlockManagerMasterEndpoint: BlockManagerMasterEndpoint up
[2025-04-13T19:09:24.055+0000] {spark_submit.py:491} INFO - 25/04/13 19:09:24 INFO SparkEnv: Registering BlockManagerMasterHeartbeat
[2025-04-13T19:09:24.072+0000] {spark_submit.py:491} INFO - 25/04/13 19:09:24 INFO DiskBlockManager: Created local directory at /tmp/blockmgr-23b0ce4d-76e3-4850-ad6a-34e3b330da31
[2025-04-13T19:09:24.093+0000] {spark_submit.py:491} INFO - 25/04/13 19:09:24 INFO MemoryStore: MemoryStore started with capacity 434.4 MiB
[2025-04-13T19:09:24.114+0000] {spark_submit.py:491} INFO - 25/04/13 19:09:24 INFO SparkEnv: Registering OutputCommitCoordinator
[2025-04-13T19:09:24.337+0000] {spark_submit.py:491} INFO - 25/04/13 19:09:24 INFO JettyUtils: Start Jetty 0.0.0.0:4040 for SparkUI
[2025-04-13T19:09:24.415+0000] {spark_submit.py:491} INFO - 25/04/13 19:09:24 INFO Utils: Successfully started service 'SparkUI' on port 4040.
[2025-04-13T19:09:24.490+0000] {spark_submit.py:491} INFO - 25/04/13 19:09:24 ERROR SparkContext: Failed to add /opt/spark/jars/mysql-connector-java-8.0.28.jar to Spark environment
[2025-04-13T19:09:24.491+0000] {spark_submit.py:491} INFO - java.io.FileNotFoundException: Jar /opt/spark/jars/mysql-connector-java-8.0.28.jar not found
[2025-04-13T19:09:24.491+0000] {spark_submit.py:491} INFO - at org.apache.spark.SparkContext.addLocalJarFile$1(SparkContext.scala:2095)
[2025-04-13T19:09:24.491+0000] {spark_submit.py:491} INFO - at org.apache.spark.SparkContext.addJar(SparkContext.scala:2151)
[2025-04-13T19:09:24.491+0000] {spark_submit.py:491} INFO - at org.apache.spark.SparkContext.$anonfun$new$15(SparkContext.scala:521)
[2025-04-13T19:09:24.492+0000] {spark_submit.py:491} INFO - at org.apache.spark.SparkContext.$anonfun$new$15$adapted(SparkContext.scala:521)
[2025-04-13T19:09:24.492+0000] {spark_submit.py:491} INFO - at scala.collection.mutable.ResizableArray.foreach(ResizableArray.scala:62)
[2025-04-13T19:09:24.492+0000] {spark_submit.py:491} INFO - at scala.collection.mutable.ResizableArray.foreach$(ResizableArray.scala:55)
[2025-04-13T19:09:24.492+0000] {spark_submit.py:491} INFO - at scala.collection.mutable.ArrayBuffer.foreach(ArrayBuffer.scala:49)
[2025-04-13T19:09:24.492+0000] {spark_submit.py:491} INFO - at org.apache.spark.SparkContext.<init>(SparkContext.scala:521)
[2025-04-13T19:09:24.492+0000] {spark_submit.py:491} INFO - at org.apache.spark.api.java.JavaSparkContext.<init>(JavaSparkContext.scala:58)
[2025-04-13T19:09:24.493+0000] {spark_submit.py:491} INFO - at java.base/jdk.internal.reflect.NativeConstructorAccessorImpl.newInstance0(Native Method)
[2025-04-13T19:09:24.493+0000] {spark_submit.py:491} INFO - at java.base/jdk.internal.reflect.NativeConstructorAccessorImpl.newInstance(NativeConstructorAccessorImpl.java:62)
[2025-04-13T19:09:24.493+0000] {spark_submit.py:491} INFO - at java.base/jdk.internal.reflect.DelegatingConstructorAccessorImpl.newInstance(DelegatingConstructorAccessorImpl.java:45)
[2025-04-13T19:09:24.494+0000] {spark_submit.py:491} INFO - at java.base/java.lang.reflect.Constructor.newInstance(Constructor.java:490)
[2025-04-13T19:09:24.494+0000] {spark_submit.py:491} INFO - at py4j.reflection.MethodInvoker.invoke(MethodInvoker.java:247)
[2025-04-13T19:09:24.494+0000] {spark_submit.py:491} INFO - at py4j.reflection.ReflectionEngine.invoke(ReflectionEngine.java:374)
[2025-04-13T19:09:24.494+0000] {spark_submit.py:491} INFO - at py4j.Gateway.invoke(Gateway.java:238)
[2025-04-13T19:09:24.494+0000] {spark_submit.py:491} INFO - at py4j.commands.ConstructorCommand.invokeConstructor(ConstructorCommand.java:80)
[2025-04-13T19:09:24.495+0000] {spark_submit.py:491} INFO - at py4j.commands.ConstructorCommand.execute(ConstructorCommand.java:69)
[2025-04-13T19:09:24.495+0000] {spark_submit.py:491} INFO - at py4j.ClientServerConnection.waitForCommands(ClientServerConnection.java:182)
[2025-04-13T19:09:24.495+0000] {spark_submit.py:491} INFO - at py4j.ClientServerConnection.run(ClientServerConnection.java:106)
[2025-04-13T19:09:24.495+0000] {spark_submit.py:491} INFO - at java.base/java.lang.Thread.run(Thread.java:829)
[2025-04-13T19:09:24.524+0000] {spark_submit.py:491} INFO - 25/04/13 19:09:24 ERROR SparkContext: Error initializing SparkContext.
[2025-04-13T19:09:24.525+0000] {spark_submit.py:491} INFO - org.apache.spark.SparkException: Could not parse Master URL: 'spark:7077'
[2025-04-13T19:09:24.526+0000] {spark_submit.py:491} INFO - at org.apache.spark.SparkContext$.org$apache$spark$SparkContext$$createTaskScheduler(SparkContext.scala:3194)
[2025-04-13T19:09:24.527+0000] {spark_submit.py:491} INFO - at org.apache.spark.SparkContext.<init>(SparkContext.scala:577)
[2025-04-13T19:09:24.527+0000] {spark_submit.py:491} INFO - at org.apache.spark.api.java.JavaSparkContext.<init>(JavaSparkContext.scala:58)
[2025-04-13T19:09:24.528+0000] {spark_submit.py:491} INFO - at java.base/jdk.internal.reflect.NativeConstructorAccessorImpl.newInstance0(Native Method)
[2025-04-13T19:09:24.528+0000] {spark_submit.py:491} INFO - at java.base/jdk.internal.reflect.NativeConstructorAccessorImpl.newInstance(NativeConstructorAccessorImpl.java:62)
[2025-04-13T19:09:24.529+0000] {spark_submit.py:491} INFO - at java.base/jdk.internal.reflect.DelegatingConstructorAccessorImpl.newInstance(DelegatingConstructorAccessorImpl.java:45)
[2025-04-13T19:09:24.529+0000] {spark_submit.py:491} INFO - at java.base/java.lang.reflect.Constructor.newInstance(Constructor.java:490)
[2025-04-13T19:09:24.529+0000] {spark_submit.py:491} INFO - at py4j.reflection.MethodInvoker.invoke(MethodInvoker.java:247)
[2025-04-13T19:09:24.530+0000] {spark_submit.py:491} INFO - at py4j.reflection.ReflectionEngine.invoke(ReflectionEngine.java:374)
[2025-04-13T19:09:24.530+0000] {spark_submit.py:491} INFO - at py4j.Gateway.invoke(Gateway.java:238)
[2025-04-13T19:09:24.530+0000] {spark_submit.py:491} INFO - at py4j.commands.ConstructorCommand.invokeConstructor(ConstructorCommand.java:80)
[2025-04-13T19:09:24.531+0000] {spark_submit.py:491} INFO - at py4j.commands.ConstructorCommand.execute(ConstructorCommand.java:69)
[2025-04-13T19:09:24.531+0000] {spark_submit.py:491} INFO - at py4j.ClientServerConnection.waitForCommands(ClientServerConnection.java:182)
[2025-04-13T19:09:24.531+0000] {spark_submit.py:491} INFO - at py4j.ClientServerConnection.run(ClientServerConnection.java:106)
[2025-04-13T19:09:24.531+0000] {spark_submit.py:491} INFO - at java.base/java.lang.Thread.run(Thread.java:829)
[2025-04-13T19:09:24.532+0000] {spark_submit.py:491} INFO - 25/04/13 19:09:24 INFO SparkContext: SparkContext is stopping with exitCode 0.
[2025-04-13T19:09:24.543+0000] {spark_submit.py:491} INFO - 25/04/13 19:09:24 INFO SparkUI: Stopped Spark web UI at http://fd358b7daeb3:4040
[2025-04-13T19:09:24.577+0000] {spark_submit.py:491} INFO - 25/04/13 19:09:24 INFO MapOutputTrackerMasterEndpoint: MapOutputTrackerMasterEndpoint stopped!
[2025-04-13T19:09:24.614+0000] {spark_submit.py:491} INFO - 25/04/13 19:09:24 INFO MemoryStore: MemoryStore cleared
[2025-04-13T19:09:24.615+0000] {spark_submit.py:491} INFO - 25/04/13 19:09:24 INFO BlockManager: BlockManager stopped
[2025-04-13T19:09:24.623+0000] {spark_submit.py:491} INFO - 25/04/13 19:09:24 INFO BlockManagerMaster: BlockManagerMaster stopped
[2025-04-13T19:09:24.624+0000] {spark_submit.py:491} INFO - 25/04/13 19:09:24 WARN MetricsSystem: Stopping a MetricsSystem that is not running
[2025-04-13T19:09:24.626+0000] {spark_submit.py:491} INFO - 25/04/13 19:09:24 INFO OutputCommitCoordinator$OutputCommitCoordinatorEndpoint: OutputCommitCoordinator stopped!
[2025-04-13T19:09:24.654+0000] {spark_submit.py:491} INFO - 25/04/13 19:09:24 INFO SparkContext: Successfully stopped SparkContext
[2025-04-13T19:09:24.655+0000] {spark_submit.py:491} INFO - Traceback (most recent call last):
[2025-04-13T19:09:24.655+0000] {spark_submit.py:491} INFO - File "/opt/airflow/dags/spark/daily_aggregation.py", line 42, in <module>
[2025-04-13T19:09:24.656+0000] {spark_submit.py:491} INFO - aggregate_daily_data()
[2025-04-13T19:09:24.656+0000] {spark_submit.py:491} INFO - File "/opt/airflow/dags/spark/daily_aggregation.py", line 6, in aggregate_daily_data
[2025-04-13T19:09:24.657+0000] {spark_submit.py:491} INFO - spark = SparkSession.builder \
[2025-04-13T19:09:24.657+0000] {spark_submit.py:491} INFO - File "/home/airflow/.local/lib/python3.8/site-packages/pyspark/python/lib/pyspark.zip/pyspark/sql/session.py", line 497, in getOrCreate
[2025-04-13T19:09:24.657+0000] {spark_submit.py:491} INFO - File "/home/airflow/.local/lib/python3.8/site-packages/pyspark/python/lib/pyspark.zip/pyspark/context.py", line 515, in getOrCreate
[2025-04-13T19:09:24.657+0000] {spark_submit.py:491} INFO - File "/home/airflow/.local/lib/python3.8/site-packages/pyspark/python/lib/pyspark.zip/pyspark/context.py", line 203, in __init__
[2025-04-13T19:09:24.657+0000] {spark_submit.py:491} INFO - File "/home/airflow/.local/lib/python3.8/site-packages/pyspark/python/lib/pyspark.zip/pyspark/context.py", line 296, in _do_init
[2025-04-13T19:09:24.658+0000] {spark_submit.py:491} INFO - File "/home/airflow/.local/lib/python3.8/site-packages/pyspark/python/lib/pyspark.zip/pyspark/context.py", line 421, in _initialize_context
[2025-04-13T19:09:24.658+0000] {spark_submit.py:491} INFO - File "/home/airflow/.local/lib/python3.8/site-packages/pyspark/python/lib/py4j-0.10.9.7-src.zip/py4j/java_gateway.py", line 1587, in __call__
[2025-04-13T19:09:24.658+0000] {spark_submit.py:491} INFO - File "/home/airflow/.local/lib/python3.8/site-packages/pyspark/python/lib/py4j-0.10.9.7-src.zip/py4j/protocol.py", line 326, in get_return_value
[2025-04-13T19:09:24.659+0000] {spark_submit.py:491} INFO - py4j.protocol.Py4JJavaError: An error occurred while calling None.org.apache.spark.api.java.JavaSparkContext.
[2025-04-13T19:09:24.659+0000] {spark_submit.py:491} INFO - : org.apache.spark.SparkException: Could not parse Master URL: 'spark:7077'
[2025-04-13T19:09:24.659+0000] {spark_submit.py:491} INFO - at org.apache.spark.SparkContext$.org$apache$spark$SparkContext$$createTaskScheduler(SparkContext.scala:3194)
[2025-04-13T19:09:24.659+0000] {spark_submit.py:491} INFO - at org.apache.spark.SparkContext.<init>(SparkContext.scala:577)
[2025-04-13T19:09:24.659+0000] {spark_submit.py:491} INFO - at org.apache.spark.api.java.JavaSparkContext.<init>(JavaSparkContext.scala:58)
[2025-04-13T19:09:24.660+0000] {spark_submit.py:491} INFO - at java.base/jdk.internal.reflect.NativeConstructorAccessorImpl.newInstance0(Native Method)
[2025-04-13T19:09:24.660+0000] {spark_submit.py:491} INFO - at java.base/jdk.internal.reflect.NativeConstructorAccessorImpl.newInstance(NativeConstructorAccessorImpl.java:62)
[2025-04-13T19:09:24.660+0000] {spark_submit.py:491} INFO - at java.base/jdk.internal.reflect.DelegatingConstructorAccessorImpl.newInstance(DelegatingConstructorAccessorImpl.java:45)
[2025-04-13T19:09:24.660+0000] {spark_submit.py:491} INFO - at java.base/java.lang.reflect.Constructor.newInstance(Constructor.java:490)
[2025-04-13T19:09:24.660+0000] {spark_submit.py:491} INFO - at py4j.reflection.MethodInvoker.invoke(MethodInvoker.java:247)
[2025-04-13T19:09:24.660+0000] {spark_submit.py:491} INFO - at py4j.reflection.ReflectionEngine.invoke(ReflectionEngine.java:374)
[2025-04-13T19:09:24.661+0000] {spark_submit.py:491} INFO - at py4j.Gateway.invoke(Gateway.java:238)
[2025-04-13T19:09:24.661+0000] {spark_submit.py:491} INFO - at py4j.commands.ConstructorCommand.invokeConstructor(ConstructorCommand.java:80)
[2025-04-13T19:09:24.661+0000] {spark_submit.py:491} INFO - at py4j.commands.ConstructorCommand.execute(ConstructorCommand.java:69)
[2025-04-13T19:09:24.661+0000] {spark_submit.py:491} INFO - at py4j.ClientServerConnection.waitForCommands(ClientServerConnection.java:182)
[2025-04-13T19:09:24.661+0000] {spark_submit.py:491} INFO - at py4j.ClientServerConnection.run(ClientServerConnection.java:106)
[2025-04-13T19:09:24.661+0000] {spark_submit.py:491} INFO - at java.base/java.lang.Thread.run(Thread.java:829)
[2025-04-13T19:09:24.662+0000] {spark_submit.py:491} INFO - 
[2025-04-13T19:09:24.694+0000] {spark_submit.py:491} INFO - 25/04/13 19:09:24 INFO ShutdownHookManager: Shutdown hook called
[2025-04-13T19:09:24.695+0000] {spark_submit.py:491} INFO - 25/04/13 19:09:24 INFO ShutdownHookManager: Deleting directory /tmp/spark-8bdc2b9a-3dda-47a9-992b-5f740fe09df6
[2025-04-13T19:09:24.718+0000] {spark_submit.py:491} INFO - 25/04/13 19:09:24 INFO ShutdownHookManager: Deleting directory /tmp/spark-81683b25-351a-48ac-bcdb-314bacea16fb
[2025-04-13T19:09:24.791+0000] {taskinstance.py:1935} ERROR - Task failed with exception
Traceback (most recent call last):
  File "/home/airflow/.local/lib/python3.8/site-packages/airflow/providers/apache/spark/operators/spark_submit.py", line 156, in execute
    self._hook.submit(self._application)
  File "/home/airflow/.local/lib/python3.8/site-packages/airflow/providers/apache/spark/hooks/spark_submit.py", line 422, in submit
    raise AirflowException(
airflow.exceptions.AirflowException: Cannot execute: spark-submit --master spark:7077 --conf spark.driver.memory=1g --conf spark.executor.memory=1g --conf spark.master=local[*] --name arrow-spark --verbose /opt/airflow/dags/spark/daily_aggregation.py. Error code is: 1.
[2025-04-13T19:09:24.795+0000] {taskinstance.py:1398} INFO - Marking task as UP_FOR_RETRY. dag_id=daily_search_volume_aggregation, task_id=aggregate_search_volume, execution_date=20250413T180100, start_date=20250413T190918, end_date=20250413T190924
[2025-04-13T19:09:24.804+0000] {standard_task_runner.py:104} ERROR - Failed to execute job 6 for task aggregate_search_volume (Cannot execute: spark-submit --master spark:7077 --conf spark.driver.memory=1g --conf spark.executor.memory=1g --conf spark.master=local[*] --name arrow-spark --verbose /opt/airflow/dags/spark/daily_aggregation.py. Error code is: 1.; 258)
[2025-04-13T19:09:24.816+0000] {local_task_job_runner.py:228} INFO - Task exited with return code 1
[2025-04-13T19:09:24.830+0000] {taskinstance.py:2776} INFO - 0 downstream tasks scheduled from follow-on schedule check
