[2025-04-13T19:12:49.090+0000] {taskinstance.py:1157} INFO - Dependencies all met for dep_context=non-requeueable deps ti=<TaskInstance: daily_search_volume_aggregation.aggregate_search_volume scheduled__2025-04-13T18:01:00+00:00 [queued]>
[2025-04-13T19:12:49.099+0000] {taskinstance.py:1157} INFO - Dependencies all met for dep_context=requeueable deps ti=<TaskInstance: daily_search_volume_aggregation.aggregate_search_volume scheduled__2025-04-13T18:01:00+00:00 [queued]>
[2025-04-13T19:12:49.100+0000] {taskinstance.py:1359} INFO - Starting attempt 5 of 6
[2025-04-13T19:12:49.112+0000] {taskinstance.py:1380} INFO - Executing <Task(SparkSubmitOperator): aggregate_search_volume> on 2025-04-13 18:01:00+00:00
[2025-04-13T19:12:49.116+0000] {standard_task_runner.py:57} INFO - Started process 475 to run task
[2025-04-13T19:12:49.122+0000] {standard_task_runner.py:84} INFO - Running: ['airflow', 'tasks', 'run', 'daily_search_volume_aggregation', 'aggregate_search_volume', 'scheduled__2025-04-13T18:01:00+00:00', '--job-id', '7', '--raw', '--subdir', 'DAGS_FOLDER/daily_search_volume_aggregation.py', '--cfg-path', '/tmp/tmpee_l816j']
[2025-04-13T19:12:49.124+0000] {standard_task_runner.py:85} INFO - Job 7: Subtask aggregate_search_volume
[2025-04-13T19:12:49.186+0000] {task_command.py:415} INFO - Running <TaskInstance: daily_search_volume_aggregation.aggregate_search_volume scheduled__2025-04-13T18:01:00+00:00 [running]> on host fd358b7daeb3
[2025-04-13T19:12:49.262+0000] {taskinstance.py:1660} INFO - Exporting env vars: AIRFLOW_CTX_DAG_OWNER='airflow' AIRFLOW_CTX_DAG_ID='daily_search_volume_aggregation' AIRFLOW_CTX_TASK_ID='aggregate_search_volume' AIRFLOW_CTX_EXECUTION_DATE='2025-04-13T18:01:00+00:00' AIRFLOW_CTX_TRY_NUMBER='5' AIRFLOW_CTX_DAG_RUN_ID='scheduled__2025-04-13T18:01:00+00:00'
[2025-04-13T19:12:49.263+0000] {base.py:73} INFO - Using connection ID 'spark_default' for task execution.
[2025-04-13T19:12:49.264+0000] {spark_submit.py:340} INFO - Spark-Submit cmd: spark-submit --master spark:7077 --conf spark.driver.memory=1g --conf spark.executor.memory=1g --conf spark.jars.packages=mysql:mysql-connector-java:8.0.28 --name arrow-spark --verbose /opt/airflow/dags/spark/daily_aggregation.py
[2025-04-13T19:12:52.646+0000] {spark_submit.py:491} INFO - Using properties file: null
[2025-04-13T19:12:52.794+0000] {spark_submit.py:491} INFO - Parsed arguments:
[2025-04-13T19:12:52.794+0000] {spark_submit.py:491} INFO - master                  spark:7077
[2025-04-13T19:12:52.794+0000] {spark_submit.py:491} INFO - remote                  null
[2025-04-13T19:12:52.795+0000] {spark_submit.py:491} INFO - deployMode              null
[2025-04-13T19:12:52.795+0000] {spark_submit.py:491} INFO - executorMemory          1g
[2025-04-13T19:12:52.795+0000] {spark_submit.py:491} INFO - executorCores           null
[2025-04-13T19:12:52.795+0000] {spark_submit.py:491} INFO - totalExecutorCores      null
[2025-04-13T19:12:52.795+0000] {spark_submit.py:491} INFO - propertiesFile          null
[2025-04-13T19:12:52.795+0000] {spark_submit.py:491} INFO - driverMemory            1g
[2025-04-13T19:12:52.796+0000] {spark_submit.py:491} INFO - driverCores             null
[2025-04-13T19:12:52.796+0000] {spark_submit.py:491} INFO - driverExtraClassPath    null
[2025-04-13T19:12:52.796+0000] {spark_submit.py:491} INFO - driverExtraLibraryPath  null
[2025-04-13T19:12:52.796+0000] {spark_submit.py:491} INFO - driverExtraJavaOptions  null
[2025-04-13T19:12:52.796+0000] {spark_submit.py:491} INFO - supervise               false
[2025-04-13T19:12:52.796+0000] {spark_submit.py:491} INFO - queue                   null
[2025-04-13T19:12:52.797+0000] {spark_submit.py:491} INFO - numExecutors            null
[2025-04-13T19:12:52.797+0000] {spark_submit.py:491} INFO - files                   null
[2025-04-13T19:12:52.797+0000] {spark_submit.py:491} INFO - pyFiles                 null
[2025-04-13T19:12:52.797+0000] {spark_submit.py:491} INFO - archives                null
[2025-04-13T19:12:52.797+0000] {spark_submit.py:491} INFO - mainClass               null
[2025-04-13T19:12:52.797+0000] {spark_submit.py:491} INFO - primaryResource         file:/opt/airflow/dags/spark/daily_aggregation.py
[2025-04-13T19:12:52.797+0000] {spark_submit.py:491} INFO - name                    arrow-spark
[2025-04-13T19:12:52.798+0000] {spark_submit.py:491} INFO - childArgs               []
[2025-04-13T19:12:52.798+0000] {spark_submit.py:491} INFO - jars                    null
[2025-04-13T19:12:52.798+0000] {spark_submit.py:491} INFO - packages                mysql:mysql-connector-java:8.0.28
[2025-04-13T19:12:52.798+0000] {spark_submit.py:491} INFO - packagesExclusions      null
[2025-04-13T19:12:52.798+0000] {spark_submit.py:491} INFO - repositories            null
[2025-04-13T19:12:52.798+0000] {spark_submit.py:491} INFO - verbose                 true
[2025-04-13T19:12:52.798+0000] {spark_submit.py:491} INFO - 
[2025-04-13T19:12:52.799+0000] {spark_submit.py:491} INFO - Spark properties used, including those specified through
[2025-04-13T19:12:52.799+0000] {spark_submit.py:491} INFO - --conf and those from the properties file null:
[2025-04-13T19:12:52.799+0000] {spark_submit.py:491} INFO - (spark.driver.memory,1g)
[2025-04-13T19:12:52.799+0000] {spark_submit.py:491} INFO - (spark.executor.memory,1g)
[2025-04-13T19:12:52.799+0000] {spark_submit.py:491} INFO - (spark.jars.packages,mysql:mysql-connector-java:8.0.28)
[2025-04-13T19:12:52.799+0000] {spark_submit.py:491} INFO - 
[2025-04-13T19:12:52.800+0000] {spark_submit.py:491} INFO - 
[2025-04-13T19:12:52.950+0000] {spark_submit.py:491} INFO - :: loading settings :: url = jar:file:/home/airflow/.local/lib/python3.8/site-packages/pyspark/jars/ivy-2.5.1.jar!/org/apache/ivy/core/settings/ivysettings.xml
[2025-04-13T19:12:53.193+0000] {spark_submit.py:491} INFO - Ivy Default Cache set to: /home/airflow/.ivy2/cache
[2025-04-13T19:12:53.194+0000] {spark_submit.py:491} INFO - The jars for the packages stored in: /home/airflow/.ivy2/jars
[2025-04-13T19:12:53.201+0000] {spark_submit.py:491} INFO - mysql#mysql-connector-java added as a dependency
[2025-04-13T19:12:53.202+0000] {spark_submit.py:491} INFO - :: resolving dependencies :: org.apache.spark#spark-submit-parent-1cfc2f87-d6fc-4fbf-a77e-fd505d0a0148;1.0
[2025-04-13T19:12:53.203+0000] {spark_submit.py:491} INFO - confs: [default]
[2025-04-13T19:12:55.201+0000] {spark_submit.py:491} INFO - found mysql#mysql-connector-java;8.0.28 in central
[2025-04-13T19:12:58.537+0000] {spark_submit.py:491} INFO - found com.google.protobuf#protobuf-java;3.11.4 in central
[2025-04-13T19:12:58.767+0000] {spark_submit.py:491} INFO - downloading https://repo1.maven.org/maven2/mysql/mysql-connector-java/8.0.28/mysql-connector-java-8.0.28.jar ...
[2025-04-13T19:13:01.094+0000] {spark_submit.py:491} INFO - [SUCCESSFUL ] mysql#mysql-connector-java;8.0.28!mysql-connector-java.jar (2530ms)
[2025-04-13T19:13:01.314+0000] {spark_submit.py:491} INFO - downloading https://repo1.maven.org/maven2/com/google/protobuf/protobuf-java/3.11.4/protobuf-java-3.11.4.jar ...
[2025-04-13T19:13:02.484+0000] {spark_submit.py:491} INFO - [SUCCESSFUL ] com.google.protobuf#protobuf-java;3.11.4!protobuf-java.jar(bundle) (1377ms)
[2025-04-13T19:13:02.494+0000] {spark_submit.py:491} INFO - :: resolution report :: resolve 5353ms :: artifacts dl 3939ms
[2025-04-13T19:13:02.494+0000] {spark_submit.py:491} INFO - :: modules in use:
[2025-04-13T19:13:02.495+0000] {spark_submit.py:491} INFO - com.google.protobuf#protobuf-java;3.11.4 from central in [default]
[2025-04-13T19:13:02.496+0000] {spark_submit.py:491} INFO - mysql#mysql-connector-java;8.0.28 from central in [default]
[2025-04-13T19:13:02.496+0000] {spark_submit.py:491} INFO - ---------------------------------------------------------------------
[2025-04-13T19:13:02.496+0000] {spark_submit.py:491} INFO - |                  |            modules            ||   artifacts   |
[2025-04-13T19:13:02.497+0000] {spark_submit.py:491} INFO - |       conf       | number| search|dwnlded|evicted|| number|dwnlded|
[2025-04-13T19:13:02.497+0000] {spark_submit.py:491} INFO - ---------------------------------------------------------------------
[2025-04-13T19:13:02.498+0000] {spark_submit.py:491} INFO - |      default     |   2   |   2   |   2   |   0   ||   2   |   2   |
[2025-04-13T19:13:02.498+0000] {spark_submit.py:491} INFO - ---------------------------------------------------------------------
[2025-04-13T19:13:02.506+0000] {spark_submit.py:491} INFO - :: retrieving :: org.apache.spark#spark-submit-parent-1cfc2f87-d6fc-4fbf-a77e-fd505d0a0148
[2025-04-13T19:13:02.506+0000] {spark_submit.py:491} INFO - confs: [default]
[2025-04-13T19:13:02.528+0000] {spark_submit.py:491} INFO - 2 artifacts copied, 0 already retrieved (4040kB/21ms)
[2025-04-13T19:13:02.961+0000] {spark_submit.py:491} INFO - 25/04/13 19:13:02 WARN NativeCodeLoader: Unable to load native-hadoop library for your platform... using builtin-java classes where applicable
[2025-04-13T19:13:03.209+0000] {spark_submit.py:491} INFO - Main class:
[2025-04-13T19:13:03.209+0000] {spark_submit.py:491} INFO - org.apache.spark.deploy.PythonRunner
[2025-04-13T19:13:03.210+0000] {spark_submit.py:491} INFO - Arguments:
[2025-04-13T19:13:03.210+0000] {spark_submit.py:491} INFO - file:/opt/airflow/dags/spark/daily_aggregation.py
[2025-04-13T19:13:03.210+0000] {spark_submit.py:491} INFO - file:///home/airflow/.ivy2/jars/mysql_mysql-connector-java-8.0.28.jar,file:///home/airflow/.ivy2/jars/com.google.protobuf_protobuf-java-3.11.4.jar
[2025-04-13T19:13:03.218+0000] {spark_submit.py:491} INFO - Spark config:
[2025-04-13T19:13:03.219+0000] {spark_submit.py:491} INFO - (spark.app.name,arrow-spark)
[2025-04-13T19:13:03.219+0000] {spark_submit.py:491} INFO - (spark.app.submitTime,1744571583174)
[2025-04-13T19:13:03.219+0000] {spark_submit.py:491} INFO - (spark.driver.memory,1g)
[2025-04-13T19:13:03.219+0000] {spark_submit.py:491} INFO - (spark.executor.memory,1g)
[2025-04-13T19:13:03.219+0000] {spark_submit.py:491} INFO - (spark.files,file:///home/airflow/.ivy2/jars/mysql_mysql-connector-java-8.0.28.jar,file:///home/airflow/.ivy2/jars/com.google.protobuf_protobuf-java-3.11.4.jar)
[2025-04-13T19:13:03.219+0000] {spark_submit.py:491} INFO - (spark.jars,file:///home/airflow/.ivy2/jars/mysql_mysql-connector-java-8.0.28.jar,file:///home/airflow/.ivy2/jars/com.google.protobuf_protobuf-java-3.11.4.jar)
[2025-04-13T19:13:03.220+0000] {spark_submit.py:491} INFO - (spark.jars.packages,mysql:mysql-connector-java:8.0.28)
[2025-04-13T19:13:03.220+0000] {spark_submit.py:491} INFO - (spark.master,spark:7077)
[2025-04-13T19:13:03.220+0000] {spark_submit.py:491} INFO - (spark.repl.local.jars,file:///home/airflow/.ivy2/jars/mysql_mysql-connector-java-8.0.28.jar,file:///home/airflow/.ivy2/jars/com.google.protobuf_protobuf-java-3.11.4.jar)
[2025-04-13T19:13:03.220+0000] {spark_submit.py:491} INFO - (spark.submit.deployMode,client)
[2025-04-13T19:13:03.220+0000] {spark_submit.py:491} INFO - (spark.submit.pyFiles,/home/airflow/.ivy2/jars/mysql_mysql-connector-java-8.0.28.jar,/home/airflow/.ivy2/jars/com.google.protobuf_protobuf-java-3.11.4.jar)
[2025-04-13T19:13:03.220+0000] {spark_submit.py:491} INFO - Classpath elements:
[2025-04-13T19:13:03.221+0000] {spark_submit.py:491} INFO - file:///home/airflow/.ivy2/jars/mysql_mysql-connector-java-8.0.28.jar
[2025-04-13T19:13:03.221+0000] {spark_submit.py:491} INFO - file:///home/airflow/.ivy2/jars/com.google.protobuf_protobuf-java-3.11.4.jar
[2025-04-13T19:13:03.221+0000] {spark_submit.py:491} INFO - 
[2025-04-13T19:13:03.221+0000] {spark_submit.py:491} INFO - 
[2025-04-13T19:13:04.565+0000] {spark_submit.py:491} INFO - 25/04/13 19:13:04 INFO SparkContext: Running Spark version 3.5.5
[2025-04-13T19:13:04.565+0000] {spark_submit.py:491} INFO - 25/04/13 19:13:04 INFO SparkContext: OS info Linux, 6.12.5-linuxkit, amd64
[2025-04-13T19:13:04.566+0000] {spark_submit.py:491} INFO - 25/04/13 19:13:04 INFO SparkContext: Java version 11.0.26
[2025-04-13T19:13:04.600+0000] {spark_submit.py:491} INFO - 25/04/13 19:13:04 INFO ResourceUtils: ==============================================================
[2025-04-13T19:13:04.600+0000] {spark_submit.py:491} INFO - 25/04/13 19:13:04 INFO ResourceUtils: No custom resources configured for spark.driver.
[2025-04-13T19:13:04.601+0000] {spark_submit.py:491} INFO - 25/04/13 19:13:04 INFO ResourceUtils: ==============================================================
[2025-04-13T19:13:04.602+0000] {spark_submit.py:491} INFO - 25/04/13 19:13:04 INFO SparkContext: Submitted application: DailySearchVolumeAggregation
[2025-04-13T19:13:04.638+0000] {spark_submit.py:491} INFO - 25/04/13 19:13:04 INFO ResourceProfile: Default ResourceProfile created, executor resources: Map(cores -> name: cores, amount: 1, script: , vendor: , memory -> name: memory, amount: 1024, script: , vendor: , offHeap -> name: offHeap, amount: 0, script: , vendor: ), task resources: Map(cpus -> name: cpus, amount: 1.0)
[2025-04-13T19:13:04.650+0000] {spark_submit.py:491} INFO - 25/04/13 19:13:04 INFO ResourceProfile: Limiting resource is cpu
[2025-04-13T19:13:04.650+0000] {spark_submit.py:491} INFO - 25/04/13 19:13:04 INFO ResourceProfileManager: Added ResourceProfile id: 0
[2025-04-13T19:13:04.716+0000] {spark_submit.py:491} INFO - 25/04/13 19:13:04 INFO SecurityManager: Changing view acls to: airflow
[2025-04-13T19:13:04.716+0000] {spark_submit.py:491} INFO - 25/04/13 19:13:04 INFO SecurityManager: Changing modify acls to: airflow
[2025-04-13T19:13:04.716+0000] {spark_submit.py:491} INFO - 25/04/13 19:13:04 INFO SecurityManager: Changing view acls groups to:
[2025-04-13T19:13:04.717+0000] {spark_submit.py:491} INFO - 25/04/13 19:13:04 INFO SecurityManager: Changing modify acls groups to:
[2025-04-13T19:13:04.717+0000] {spark_submit.py:491} INFO - 25/04/13 19:13:04 INFO SecurityManager: SecurityManager: authentication disabled; ui acls disabled; users with view permissions: airflow; groups with view permissions: EMPTY; users with modify permissions: airflow; groups with modify permissions: EMPTY
[2025-04-13T19:13:05.046+0000] {spark_submit.py:491} INFO - 25/04/13 19:13:05 INFO Utils: Successfully started service 'sparkDriver' on port 43259.
[2025-04-13T19:13:05.084+0000] {spark_submit.py:491} INFO - 25/04/13 19:13:05 INFO SparkEnv: Registering MapOutputTracker
[2025-04-13T19:13:05.127+0000] {spark_submit.py:491} INFO - 25/04/13 19:13:05 INFO SparkEnv: Registering BlockManagerMaster
[2025-04-13T19:13:05.142+0000] {spark_submit.py:491} INFO - 25/04/13 19:13:05 INFO BlockManagerMasterEndpoint: Using org.apache.spark.storage.DefaultTopologyMapper for getting topology information
[2025-04-13T19:13:05.143+0000] {spark_submit.py:491} INFO - 25/04/13 19:13:05 INFO BlockManagerMasterEndpoint: BlockManagerMasterEndpoint up
[2025-04-13T19:13:05.148+0000] {spark_submit.py:491} INFO - 25/04/13 19:13:05 INFO SparkEnv: Registering BlockManagerMasterHeartbeat
[2025-04-13T19:13:05.165+0000] {spark_submit.py:491} INFO - 25/04/13 19:13:05 INFO DiskBlockManager: Created local directory at /tmp/blockmgr-4ccb8d4d-dbfc-46cd-a959-b7a23a3b9fc6
[2025-04-13T19:13:05.180+0000] {spark_submit.py:491} INFO - 25/04/13 19:13:05 INFO MemoryStore: MemoryStore started with capacity 434.4 MiB
[2025-04-13T19:13:05.198+0000] {spark_submit.py:491} INFO - 25/04/13 19:13:05 INFO SparkEnv: Registering OutputCommitCoordinator
[2025-04-13T19:13:05.365+0000] {spark_submit.py:491} INFO - 25/04/13 19:13:05 INFO JettyUtils: Start Jetty 0.0.0.0:4040 for SparkUI
[2025-04-13T19:13:05.435+0000] {spark_submit.py:491} INFO - 25/04/13 19:13:05 INFO Utils: Successfully started service 'SparkUI' on port 4040.
[2025-04-13T19:13:05.495+0000] {spark_submit.py:491} INFO - 25/04/13 19:13:05 ERROR SparkContext: Failed to add /opt/spark/jars/mysql-connector-java-8.0.28.jar to Spark environment
[2025-04-13T19:13:05.496+0000] {spark_submit.py:491} INFO - java.io.FileNotFoundException: Jar /opt/spark/jars/mysql-connector-java-8.0.28.jar not found
[2025-04-13T19:13:05.496+0000] {spark_submit.py:491} INFO - at org.apache.spark.SparkContext.addLocalJarFile$1(SparkContext.scala:2095)
[2025-04-13T19:13:05.496+0000] {spark_submit.py:491} INFO - at org.apache.spark.SparkContext.addJar(SparkContext.scala:2151)
[2025-04-13T19:13:05.496+0000] {spark_submit.py:491} INFO - at org.apache.spark.SparkContext.$anonfun$new$15(SparkContext.scala:521)
[2025-04-13T19:13:05.497+0000] {spark_submit.py:491} INFO - at org.apache.spark.SparkContext.$anonfun$new$15$adapted(SparkContext.scala:521)
[2025-04-13T19:13:05.497+0000] {spark_submit.py:491} INFO - at scala.collection.mutable.ResizableArray.foreach(ResizableArray.scala:62)
[2025-04-13T19:13:05.497+0000] {spark_submit.py:491} INFO - at scala.collection.mutable.ResizableArray.foreach$(ResizableArray.scala:55)
[2025-04-13T19:13:05.497+0000] {spark_submit.py:491} INFO - at scala.collection.mutable.ArrayBuffer.foreach(ArrayBuffer.scala:49)
[2025-04-13T19:13:05.497+0000] {spark_submit.py:491} INFO - at org.apache.spark.SparkContext.<init>(SparkContext.scala:521)
[2025-04-13T19:13:05.498+0000] {spark_submit.py:491} INFO - at org.apache.spark.api.java.JavaSparkContext.<init>(JavaSparkContext.scala:58)
[2025-04-13T19:13:05.498+0000] {spark_submit.py:491} INFO - at java.base/jdk.internal.reflect.NativeConstructorAccessorImpl.newInstance0(Native Method)
[2025-04-13T19:13:05.498+0000] {spark_submit.py:491} INFO - at java.base/jdk.internal.reflect.NativeConstructorAccessorImpl.newInstance(NativeConstructorAccessorImpl.java:62)
[2025-04-13T19:13:05.498+0000] {spark_submit.py:491} INFO - at java.base/jdk.internal.reflect.DelegatingConstructorAccessorImpl.newInstance(DelegatingConstructorAccessorImpl.java:45)
[2025-04-13T19:13:05.498+0000] {spark_submit.py:491} INFO - at java.base/java.lang.reflect.Constructor.newInstance(Constructor.java:490)
[2025-04-13T19:13:05.498+0000] {spark_submit.py:491} INFO - at py4j.reflection.MethodInvoker.invoke(MethodInvoker.java:247)
[2025-04-13T19:13:05.499+0000] {spark_submit.py:491} INFO - at py4j.reflection.ReflectionEngine.invoke(ReflectionEngine.java:374)
[2025-04-13T19:13:05.499+0000] {spark_submit.py:491} INFO - at py4j.Gateway.invoke(Gateway.java:238)
[2025-04-13T19:13:05.499+0000] {spark_submit.py:491} INFO - at py4j.commands.ConstructorCommand.invokeConstructor(ConstructorCommand.java:80)
[2025-04-13T19:13:05.499+0000] {spark_submit.py:491} INFO - at py4j.commands.ConstructorCommand.execute(ConstructorCommand.java:69)
[2025-04-13T19:13:05.499+0000] {spark_submit.py:491} INFO - at py4j.ClientServerConnection.waitForCommands(ClientServerConnection.java:182)
[2025-04-13T19:13:05.499+0000] {spark_submit.py:491} INFO - at py4j.ClientServerConnection.run(ClientServerConnection.java:106)
[2025-04-13T19:13:05.500+0000] {spark_submit.py:491} INFO - at java.base/java.lang.Thread.run(Thread.java:829)
[2025-04-13T19:13:05.500+0000] {spark_submit.py:491} INFO - 25/04/13 19:13:05 INFO SparkContext: Added file file:///home/airflow/.ivy2/jars/mysql_mysql-connector-java-8.0.28.jar at spark://fd358b7daeb3:43259/files/mysql_mysql-connector-java-8.0.28.jar with timestamp 1744571584550
[2025-04-13T19:13:05.500+0000] {spark_submit.py:491} INFO - 25/04/13 19:13:05 INFO Utils: Copying /home/airflow/.ivy2/jars/mysql_mysql-connector-java-8.0.28.jar to /tmp/spark-465a32db-062e-4118-a5e8-3764b3f86499/userFiles-49391c6a-b24a-4728-8f7d-95b3a0e70f37/mysql_mysql-connector-java-8.0.28.jar
[2025-04-13T19:13:05.540+0000] {spark_submit.py:491} INFO - 25/04/13 19:13:05 INFO SparkContext: Added file file:///home/airflow/.ivy2/jars/com.google.protobuf_protobuf-java-3.11.4.jar at spark://fd358b7daeb3:43259/files/com.google.protobuf_protobuf-java-3.11.4.jar with timestamp 1744571584550
[2025-04-13T19:13:05.542+0000] {spark_submit.py:491} INFO - 25/04/13 19:13:05 INFO Utils: Copying /home/airflow/.ivy2/jars/com.google.protobuf_protobuf-java-3.11.4.jar to /tmp/spark-465a32db-062e-4118-a5e8-3764b3f86499/userFiles-49391c6a-b24a-4728-8f7d-95b3a0e70f37/com.google.protobuf_protobuf-java-3.11.4.jar
[2025-04-13T19:13:05.623+0000] {spark_submit.py:491} INFO - 25/04/13 19:13:05 ERROR SparkContext: Error initializing SparkContext.
[2025-04-13T19:13:05.623+0000] {spark_submit.py:491} INFO - org.apache.spark.SparkException: Could not parse Master URL: 'spark:7077'
[2025-04-13T19:13:05.623+0000] {spark_submit.py:491} INFO - at org.apache.spark.SparkContext$.org$apache$spark$SparkContext$$createTaskScheduler(SparkContext.scala:3194)
[2025-04-13T19:13:05.625+0000] {spark_submit.py:491} INFO - at org.apache.spark.SparkContext.<init>(SparkContext.scala:577)
[2025-04-13T19:13:05.626+0000] {spark_submit.py:491} INFO - at org.apache.spark.api.java.JavaSparkContext.<init>(JavaSparkContext.scala:58)
[2025-04-13T19:13:05.627+0000] {spark_submit.py:491} INFO - at java.base/jdk.internal.reflect.NativeConstructorAccessorImpl.newInstance0(Native Method)
[2025-04-13T19:13:05.627+0000] {spark_submit.py:491} INFO - at java.base/jdk.internal.reflect.NativeConstructorAccessorImpl.newInstance(NativeConstructorAccessorImpl.java:62)
[2025-04-13T19:13:05.627+0000] {spark_submit.py:491} INFO - at java.base/jdk.internal.reflect.DelegatingConstructorAccessorImpl.newInstance(DelegatingConstructorAccessorImpl.java:45)
[2025-04-13T19:13:05.627+0000] {spark_submit.py:491} INFO - at java.base/java.lang.reflect.Constructor.newInstance(Constructor.java:490)
[2025-04-13T19:13:05.627+0000] {spark_submit.py:491} INFO - at py4j.reflection.MethodInvoker.invoke(MethodInvoker.java:247)
[2025-04-13T19:13:05.628+0000] {spark_submit.py:491} INFO - at py4j.reflection.ReflectionEngine.invoke(ReflectionEngine.java:374)
[2025-04-13T19:13:05.628+0000] {spark_submit.py:491} INFO - at py4j.Gateway.invoke(Gateway.java:238)
[2025-04-13T19:13:05.628+0000] {spark_submit.py:491} INFO - at py4j.commands.ConstructorCommand.invokeConstructor(ConstructorCommand.java:80)
[2025-04-13T19:13:05.628+0000] {spark_submit.py:491} INFO - at py4j.commands.ConstructorCommand.execute(ConstructorCommand.java:69)
[2025-04-13T19:13:05.628+0000] {spark_submit.py:491} INFO - at py4j.ClientServerConnection.waitForCommands(ClientServerConnection.java:182)
[2025-04-13T19:13:05.629+0000] {spark_submit.py:491} INFO - at py4j.ClientServerConnection.run(ClientServerConnection.java:106)
[2025-04-13T19:13:05.629+0000] {spark_submit.py:491} INFO - at java.base/java.lang.Thread.run(Thread.java:829)
[2025-04-13T19:13:05.629+0000] {spark_submit.py:491} INFO - 25/04/13 19:13:05 INFO SparkContext: SparkContext is stopping with exitCode 0.
[2025-04-13T19:13:05.643+0000] {spark_submit.py:491} INFO - 25/04/13 19:13:05 INFO SparkUI: Stopped Spark web UI at http://fd358b7daeb3:4040
[2025-04-13T19:13:05.673+0000] {spark_submit.py:491} INFO - 25/04/13 19:13:05 INFO MapOutputTrackerMasterEndpoint: MapOutputTrackerMasterEndpoint stopped!
[2025-04-13T19:13:05.709+0000] {spark_submit.py:491} INFO - 25/04/13 19:13:05 INFO MemoryStore: MemoryStore cleared
[2025-04-13T19:13:05.710+0000] {spark_submit.py:491} INFO - 25/04/13 19:13:05 INFO BlockManager: BlockManager stopped
[2025-04-13T19:13:05.717+0000] {spark_submit.py:491} INFO - 25/04/13 19:13:05 INFO BlockManagerMaster: BlockManagerMaster stopped
[2025-04-13T19:13:05.717+0000] {spark_submit.py:491} INFO - 25/04/13 19:13:05 WARN MetricsSystem: Stopping a MetricsSystem that is not running
[2025-04-13T19:13:05.719+0000] {spark_submit.py:491} INFO - 25/04/13 19:13:05 INFO OutputCommitCoordinator$OutputCommitCoordinatorEndpoint: OutputCommitCoordinator stopped!
[2025-04-13T19:13:05.756+0000] {spark_submit.py:491} INFO - 25/04/13 19:13:05 INFO SparkContext: Successfully stopped SparkContext
[2025-04-13T19:13:05.757+0000] {spark_submit.py:491} INFO - Traceback (most recent call last):
[2025-04-13T19:13:05.757+0000] {spark_submit.py:491} INFO - File "/opt/airflow/dags/spark/daily_aggregation.py", line 42, in <module>
[2025-04-13T19:13:05.758+0000] {spark_submit.py:491} INFO - aggregate_daily_data()
[2025-04-13T19:13:05.758+0000] {spark_submit.py:491} INFO - File "/opt/airflow/dags/spark/daily_aggregation.py", line 6, in aggregate_daily_data
[2025-04-13T19:13:05.759+0000] {spark_submit.py:491} INFO - spark = SparkSession.builder \
[2025-04-13T19:13:05.759+0000] {spark_submit.py:491} INFO - File "/home/airflow/.local/lib/python3.8/site-packages/pyspark/python/lib/pyspark.zip/pyspark/sql/session.py", line 497, in getOrCreate
[2025-04-13T19:13:05.759+0000] {spark_submit.py:491} INFO - File "/home/airflow/.local/lib/python3.8/site-packages/pyspark/python/lib/pyspark.zip/pyspark/context.py", line 515, in getOrCreate
[2025-04-13T19:13:05.759+0000] {spark_submit.py:491} INFO - File "/home/airflow/.local/lib/python3.8/site-packages/pyspark/python/lib/pyspark.zip/pyspark/context.py", line 203, in __init__
[2025-04-13T19:13:05.760+0000] {spark_submit.py:491} INFO - File "/home/airflow/.local/lib/python3.8/site-packages/pyspark/python/lib/pyspark.zip/pyspark/context.py", line 296, in _do_init
[2025-04-13T19:13:05.761+0000] {spark_submit.py:491} INFO - File "/home/airflow/.local/lib/python3.8/site-packages/pyspark/python/lib/pyspark.zip/pyspark/context.py", line 421, in _initialize_context
[2025-04-13T19:13:05.761+0000] {spark_submit.py:491} INFO - File "/home/airflow/.local/lib/python3.8/site-packages/pyspark/python/lib/py4j-0.10.9.7-src.zip/py4j/java_gateway.py", line 1587, in __call__
[2025-04-13T19:13:05.761+0000] {spark_submit.py:491} INFO - File "/home/airflow/.local/lib/python3.8/site-packages/pyspark/python/lib/py4j-0.10.9.7-src.zip/py4j/protocol.py", line 326, in get_return_value
[2025-04-13T19:13:05.761+0000] {spark_submit.py:491} INFO - py4j.protocol.Py4JJavaError: An error occurred while calling None.org.apache.spark.api.java.JavaSparkContext.
[2025-04-13T19:13:05.761+0000] {spark_submit.py:491} INFO - : org.apache.spark.SparkException: Could not parse Master URL: 'spark:7077'
[2025-04-13T19:13:05.762+0000] {spark_submit.py:491} INFO - at org.apache.spark.SparkContext$.org$apache$spark$SparkContext$$createTaskScheduler(SparkContext.scala:3194)
[2025-04-13T19:13:05.762+0000] {spark_submit.py:491} INFO - at org.apache.spark.SparkContext.<init>(SparkContext.scala:577)
[2025-04-13T19:13:05.762+0000] {spark_submit.py:491} INFO - at org.apache.spark.api.java.JavaSparkContext.<init>(JavaSparkContext.scala:58)
[2025-04-13T19:13:05.762+0000] {spark_submit.py:491} INFO - at java.base/jdk.internal.reflect.NativeConstructorAccessorImpl.newInstance0(Native Method)
[2025-04-13T19:13:05.762+0000] {spark_submit.py:491} INFO - at java.base/jdk.internal.reflect.NativeConstructorAccessorImpl.newInstance(NativeConstructorAccessorImpl.java:62)
[2025-04-13T19:13:05.762+0000] {spark_submit.py:491} INFO - at java.base/jdk.internal.reflect.DelegatingConstructorAccessorImpl.newInstance(DelegatingConstructorAccessorImpl.java:45)
[2025-04-13T19:13:05.763+0000] {spark_submit.py:491} INFO - at java.base/java.lang.reflect.Constructor.newInstance(Constructor.java:490)
[2025-04-13T19:13:05.763+0000] {spark_submit.py:491} INFO - at py4j.reflection.MethodInvoker.invoke(MethodInvoker.java:247)
[2025-04-13T19:13:05.763+0000] {spark_submit.py:491} INFO - at py4j.reflection.ReflectionEngine.invoke(ReflectionEngine.java:374)
[2025-04-13T19:13:05.763+0000] {spark_submit.py:491} INFO - at py4j.Gateway.invoke(Gateway.java:238)
[2025-04-13T19:13:05.763+0000] {spark_submit.py:491} INFO - at py4j.commands.ConstructorCommand.invokeConstructor(ConstructorCommand.java:80)
[2025-04-13T19:13:05.763+0000] {spark_submit.py:491} INFO - at py4j.commands.ConstructorCommand.execute(ConstructorCommand.java:69)
[2025-04-13T19:13:05.763+0000] {spark_submit.py:491} INFO - at py4j.ClientServerConnection.waitForCommands(ClientServerConnection.java:182)
[2025-04-13T19:13:05.764+0000] {spark_submit.py:491} INFO - at py4j.ClientServerConnection.run(ClientServerConnection.java:106)
[2025-04-13T19:13:05.764+0000] {spark_submit.py:491} INFO - at java.base/java.lang.Thread.run(Thread.java:829)
[2025-04-13T19:13:05.764+0000] {spark_submit.py:491} INFO - 
[2025-04-13T19:13:05.797+0000] {spark_submit.py:491} INFO - 25/04/13 19:13:05 INFO ShutdownHookManager: Shutdown hook called
[2025-04-13T19:13:05.798+0000] {spark_submit.py:491} INFO - 25/04/13 19:13:05 INFO ShutdownHookManager: Deleting directory /tmp/spark-465a32db-062e-4118-a5e8-3764b3f86499
[2025-04-13T19:13:05.821+0000] {spark_submit.py:491} INFO - 25/04/13 19:13:05 INFO ShutdownHookManager: Deleting directory /tmp/spark-f473e355-0e8e-474c-a754-76fe021172ed
[2025-04-13T19:13:05.885+0000] {taskinstance.py:1935} ERROR - Task failed with exception
Traceback (most recent call last):
  File "/home/airflow/.local/lib/python3.8/site-packages/airflow/providers/apache/spark/operators/spark_submit.py", line 156, in execute
    self._hook.submit(self._application)
  File "/home/airflow/.local/lib/python3.8/site-packages/airflow/providers/apache/spark/hooks/spark_submit.py", line 422, in submit
    raise AirflowException(
airflow.exceptions.AirflowException: Cannot execute: spark-submit --master spark:7077 --conf spark.driver.memory=1g --conf spark.executor.memory=1g --conf spark.jars.packages=mysql:mysql-connector-java:8.0.28 --name arrow-spark --verbose /opt/airflow/dags/spark/daily_aggregation.py. Error code is: 1.
[2025-04-13T19:13:05.889+0000] {taskinstance.py:1398} INFO - Marking task as UP_FOR_RETRY. dag_id=daily_search_volume_aggregation, task_id=aggregate_search_volume, execution_date=20250413T180100, start_date=20250413T191249, end_date=20250413T191305
[2025-04-13T19:13:05.898+0000] {standard_task_runner.py:104} ERROR - Failed to execute job 7 for task aggregate_search_volume (Cannot execute: spark-submit --master spark:7077 --conf spark.driver.memory=1g --conf spark.executor.memory=1g --conf spark.jars.packages=mysql:mysql-connector-java:8.0.28 --name arrow-spark --verbose /opt/airflow/dags/spark/daily_aggregation.py. Error code is: 1.; 475)
[2025-04-13T19:13:05.930+0000] {local_task_job_runner.py:228} INFO - Task exited with return code 1
[2025-04-13T19:13:05.947+0000] {taskinstance.py:2776} INFO - 0 downstream tasks scheduled from follow-on schedule check
