[2025-04-13T19:14:23.172+0000] {taskinstance.py:1157} INFO - Dependencies all met for dep_context=non-requeueable deps ti=<TaskInstance: daily_search_volume_aggregation.aggregate_search_volume scheduled__2025-04-13T18:01:00+00:00 [queued]>
[2025-04-13T19:14:23.179+0000] {taskinstance.py:1157} INFO - Dependencies all met for dep_context=requeueable deps ti=<TaskInstance: daily_search_volume_aggregation.aggregate_search_volume scheduled__2025-04-13T18:01:00+00:00 [queued]>
[2025-04-13T19:14:23.179+0000] {taskinstance.py:1359} INFO - Starting attempt 6 of 7
[2025-04-13T19:14:23.190+0000] {taskinstance.py:1380} INFO - Executing <Task(SparkSubmitOperator): aggregate_search_volume> on 2025-04-13 18:01:00+00:00
[2025-04-13T19:14:23.193+0000] {standard_task_runner.py:57} INFO - Started process 642 to run task
[2025-04-13T19:14:23.201+0000] {standard_task_runner.py:84} INFO - Running: ['airflow', 'tasks', 'run', 'daily_search_volume_aggregation', 'aggregate_search_volume', 'scheduled__2025-04-13T18:01:00+00:00', '--job-id', '8', '--raw', '--subdir', 'DAGS_FOLDER/daily_search_volume_aggregation.py', '--cfg-path', '/tmp/tmpnvbd5h3c']
[2025-04-13T19:14:23.207+0000] {standard_task_runner.py:85} INFO - Job 8: Subtask aggregate_search_volume
[2025-04-13T19:14:23.266+0000] {task_command.py:415} INFO - Running <TaskInstance: daily_search_volume_aggregation.aggregate_search_volume scheduled__2025-04-13T18:01:00+00:00 [running]> on host fd358b7daeb3
[2025-04-13T19:14:23.343+0000] {taskinstance.py:1660} INFO - Exporting env vars: AIRFLOW_CTX_DAG_OWNER='airflow' AIRFLOW_CTX_DAG_ID='daily_search_volume_aggregation' AIRFLOW_CTX_TASK_ID='aggregate_search_volume' AIRFLOW_CTX_EXECUTION_DATE='2025-04-13T18:01:00+00:00' AIRFLOW_CTX_TRY_NUMBER='6' AIRFLOW_CTX_DAG_RUN_ID='scheduled__2025-04-13T18:01:00+00:00'
[2025-04-13T19:14:23.345+0000] {base.py:73} INFO - Using connection ID 'spark_default' for task execution.
[2025-04-13T19:14:23.346+0000] {spark_submit.py:340} INFO - Spark-Submit cmd: spark-submit --master spark:7077 --conf spark.driver.memory=1g --conf spark.executor.memory=1g --conf spark.jars.packages=mysql:mysql-connector-java:8.0.28 --name arrow-spark --verbose /opt/airflow/dags/spark/daily_aggregation.py
[2025-04-13T19:14:26.633+0000] {spark_submit.py:491} INFO - Using properties file: null
[2025-04-13T19:14:26.785+0000] {spark_submit.py:491} INFO - Parsed arguments:
[2025-04-13T19:14:26.785+0000] {spark_submit.py:491} INFO - master                  spark:7077
[2025-04-13T19:14:26.786+0000] {spark_submit.py:491} INFO - remote                  null
[2025-04-13T19:14:26.786+0000] {spark_submit.py:491} INFO - deployMode              null
[2025-04-13T19:14:26.786+0000] {spark_submit.py:491} INFO - executorMemory          1g
[2025-04-13T19:14:26.786+0000] {spark_submit.py:491} INFO - executorCores           null
[2025-04-13T19:14:26.786+0000] {spark_submit.py:491} INFO - totalExecutorCores      null
[2025-04-13T19:14:26.787+0000] {spark_submit.py:491} INFO - propertiesFile          null
[2025-04-13T19:14:26.787+0000] {spark_submit.py:491} INFO - driverMemory            1g
[2025-04-13T19:14:26.787+0000] {spark_submit.py:491} INFO - driverCores             null
[2025-04-13T19:14:26.787+0000] {spark_submit.py:491} INFO - driverExtraClassPath    null
[2025-04-13T19:14:26.787+0000] {spark_submit.py:491} INFO - driverExtraLibraryPath  null
[2025-04-13T19:14:26.787+0000] {spark_submit.py:491} INFO - driverExtraJavaOptions  null
[2025-04-13T19:14:26.788+0000] {spark_submit.py:491} INFO - supervise               false
[2025-04-13T19:14:26.788+0000] {spark_submit.py:491} INFO - queue                   null
[2025-04-13T19:14:26.788+0000] {spark_submit.py:491} INFO - numExecutors            null
[2025-04-13T19:14:26.788+0000] {spark_submit.py:491} INFO - files                   null
[2025-04-13T19:14:26.788+0000] {spark_submit.py:491} INFO - pyFiles                 null
[2025-04-13T19:14:26.788+0000] {spark_submit.py:491} INFO - archives                null
[2025-04-13T19:14:26.788+0000] {spark_submit.py:491} INFO - mainClass               null
[2025-04-13T19:14:26.789+0000] {spark_submit.py:491} INFO - primaryResource         file:/opt/airflow/dags/spark/daily_aggregation.py
[2025-04-13T19:14:26.789+0000] {spark_submit.py:491} INFO - name                    arrow-spark
[2025-04-13T19:14:26.789+0000] {spark_submit.py:491} INFO - childArgs               []
[2025-04-13T19:14:26.789+0000] {spark_submit.py:491} INFO - jars                    null
[2025-04-13T19:14:26.789+0000] {spark_submit.py:491} INFO - packages                mysql:mysql-connector-java:8.0.28
[2025-04-13T19:14:26.789+0000] {spark_submit.py:491} INFO - packagesExclusions      null
[2025-04-13T19:14:26.790+0000] {spark_submit.py:491} INFO - repositories            null
[2025-04-13T19:14:26.790+0000] {spark_submit.py:491} INFO - verbose                 true
[2025-04-13T19:14:26.790+0000] {spark_submit.py:491} INFO - 
[2025-04-13T19:14:26.790+0000] {spark_submit.py:491} INFO - Spark properties used, including those specified through
[2025-04-13T19:14:26.790+0000] {spark_submit.py:491} INFO - --conf and those from the properties file null:
[2025-04-13T19:14:26.790+0000] {spark_submit.py:491} INFO - (spark.driver.memory,1g)
[2025-04-13T19:14:26.790+0000] {spark_submit.py:491} INFO - (spark.executor.memory,1g)
[2025-04-13T19:14:26.791+0000] {spark_submit.py:491} INFO - (spark.jars.packages,mysql:mysql-connector-java:8.0.28)
[2025-04-13T19:14:26.791+0000] {spark_submit.py:491} INFO - 
[2025-04-13T19:14:26.791+0000] {spark_submit.py:491} INFO - 
[2025-04-13T19:14:26.939+0000] {spark_submit.py:491} INFO - :: loading settings :: url = jar:file:/home/airflow/.local/lib/python3.8/site-packages/pyspark/jars/ivy-2.5.1.jar!/org/apache/ivy/core/settings/ivysettings.xml
[2025-04-13T19:14:27.184+0000] {spark_submit.py:491} INFO - Ivy Default Cache set to: /home/airflow/.ivy2/cache
[2025-04-13T19:14:27.185+0000] {spark_submit.py:491} INFO - The jars for the packages stored in: /home/airflow/.ivy2/jars
[2025-04-13T19:14:27.198+0000] {spark_submit.py:491} INFO - mysql#mysql-connector-java added as a dependency
[2025-04-13T19:14:27.201+0000] {spark_submit.py:491} INFO - :: resolving dependencies :: org.apache.spark#spark-submit-parent-eece5a41-84b7-40bc-b1bd-90814e755933;1.0
[2025-04-13T19:14:27.202+0000] {spark_submit.py:491} INFO - confs: [default]
[2025-04-13T19:14:27.351+0000] {spark_submit.py:491} INFO - found mysql#mysql-connector-java;8.0.28 in central
[2025-04-13T19:14:27.406+0000] {spark_submit.py:491} INFO - found com.google.protobuf#protobuf-java;3.11.4 in central
[2025-04-13T19:14:27.429+0000] {spark_submit.py:491} INFO - :: resolution report :: resolve 221ms :: artifacts dl 7ms
[2025-04-13T19:14:27.430+0000] {spark_submit.py:491} INFO - :: modules in use:
[2025-04-13T19:14:27.430+0000] {spark_submit.py:491} INFO - com.google.protobuf#protobuf-java;3.11.4 from central in [default]
[2025-04-13T19:14:27.430+0000] {spark_submit.py:491} INFO - mysql#mysql-connector-java;8.0.28 from central in [default]
[2025-04-13T19:14:27.430+0000] {spark_submit.py:491} INFO - ---------------------------------------------------------------------
[2025-04-13T19:14:27.431+0000] {spark_submit.py:491} INFO - |                  |            modules            ||   artifacts   |
[2025-04-13T19:14:27.431+0000] {spark_submit.py:491} INFO - |       conf       | number| search|dwnlded|evicted|| number|dwnlded|
[2025-04-13T19:14:27.431+0000] {spark_submit.py:491} INFO - ---------------------------------------------------------------------
[2025-04-13T19:14:27.431+0000] {spark_submit.py:491} INFO - |      default     |   2   |   0   |   0   |   0   ||   2   |   0   |
[2025-04-13T19:14:27.431+0000] {spark_submit.py:491} INFO - ---------------------------------------------------------------------
[2025-04-13T19:14:27.437+0000] {spark_submit.py:491} INFO - :: retrieving :: org.apache.spark#spark-submit-parent-eece5a41-84b7-40bc-b1bd-90814e755933
[2025-04-13T19:14:27.438+0000] {spark_submit.py:491} INFO - confs: [default]
[2025-04-13T19:14:27.448+0000] {spark_submit.py:491} INFO - 0 artifacts copied, 2 already retrieved (0kB/11ms)
[2025-04-13T19:14:27.819+0000] {spark_submit.py:491} INFO - 25/04/13 19:14:27 WARN NativeCodeLoader: Unable to load native-hadoop library for your platform... using builtin-java classes where applicable
[2025-04-13T19:14:28.093+0000] {spark_submit.py:491} INFO - Main class:
[2025-04-13T19:14:28.093+0000] {spark_submit.py:491} INFO - org.apache.spark.deploy.PythonRunner
[2025-04-13T19:14:28.094+0000] {spark_submit.py:491} INFO - Arguments:
[2025-04-13T19:14:28.094+0000] {spark_submit.py:491} INFO - file:/opt/airflow/dags/spark/daily_aggregation.py
[2025-04-13T19:14:28.094+0000] {spark_submit.py:491} INFO - file:///home/airflow/.ivy2/jars/mysql_mysql-connector-java-8.0.28.jar,file:///home/airflow/.ivy2/jars/com.google.protobuf_protobuf-java-3.11.4.jar
[2025-04-13T19:14:28.101+0000] {spark_submit.py:491} INFO - Spark config:
[2025-04-13T19:14:28.101+0000] {spark_submit.py:491} INFO - (spark.app.name,arrow-spark)
[2025-04-13T19:14:28.102+0000] {spark_submit.py:491} INFO - (spark.app.submitTime,1744571668055)
[2025-04-13T19:14:28.102+0000] {spark_submit.py:491} INFO - (spark.driver.memory,1g)
[2025-04-13T19:14:28.102+0000] {spark_submit.py:491} INFO - (spark.executor.memory,1g)
[2025-04-13T19:14:28.102+0000] {spark_submit.py:491} INFO - (spark.files,file:///home/airflow/.ivy2/jars/mysql_mysql-connector-java-8.0.28.jar,file:///home/airflow/.ivy2/jars/com.google.protobuf_protobuf-java-3.11.4.jar)
[2025-04-13T19:14:28.102+0000] {spark_submit.py:491} INFO - (spark.jars,file:///home/airflow/.ivy2/jars/mysql_mysql-connector-java-8.0.28.jar,file:///home/airflow/.ivy2/jars/com.google.protobuf_protobuf-java-3.11.4.jar)
[2025-04-13T19:14:28.103+0000] {spark_submit.py:491} INFO - (spark.jars.packages,mysql:mysql-connector-java:8.0.28)
[2025-04-13T19:14:28.103+0000] {spark_submit.py:491} INFO - (spark.master,spark:7077)
[2025-04-13T19:14:28.103+0000] {spark_submit.py:491} INFO - (spark.repl.local.jars,file:///home/airflow/.ivy2/jars/mysql_mysql-connector-java-8.0.28.jar,file:///home/airflow/.ivy2/jars/com.google.protobuf_protobuf-java-3.11.4.jar)
[2025-04-13T19:14:28.103+0000] {spark_submit.py:491} INFO - (spark.submit.deployMode,client)
[2025-04-13T19:14:28.103+0000] {spark_submit.py:491} INFO - (spark.submit.pyFiles,/home/airflow/.ivy2/jars/mysql_mysql-connector-java-8.0.28.jar,/home/airflow/.ivy2/jars/com.google.protobuf_protobuf-java-3.11.4.jar)
[2025-04-13T19:14:28.103+0000] {spark_submit.py:491} INFO - Classpath elements:
[2025-04-13T19:14:28.104+0000] {spark_submit.py:491} INFO - file:///home/airflow/.ivy2/jars/mysql_mysql-connector-java-8.0.28.jar
[2025-04-13T19:14:28.104+0000] {spark_submit.py:491} INFO - file:///home/airflow/.ivy2/jars/com.google.protobuf_protobuf-java-3.11.4.jar
[2025-04-13T19:14:28.104+0000] {spark_submit.py:491} INFO - 
[2025-04-13T19:14:28.104+0000] {spark_submit.py:491} INFO - 
[2025-04-13T19:14:29.370+0000] {spark_submit.py:491} INFO - 25/04/13 19:14:29 INFO SparkContext: Running Spark version 3.5.5
[2025-04-13T19:14:29.371+0000] {spark_submit.py:491} INFO - 25/04/13 19:14:29 INFO SparkContext: OS info Linux, 6.12.5-linuxkit, amd64
[2025-04-13T19:14:29.372+0000] {spark_submit.py:491} INFO - 25/04/13 19:14:29 INFO SparkContext: Java version 11.0.26
[2025-04-13T19:14:29.427+0000] {spark_submit.py:491} INFO - 25/04/13 19:14:29 INFO ResourceUtils: ==============================================================
[2025-04-13T19:14:29.427+0000] {spark_submit.py:491} INFO - 25/04/13 19:14:29 INFO ResourceUtils: No custom resources configured for spark.driver.
[2025-04-13T19:14:29.429+0000] {spark_submit.py:491} INFO - 25/04/13 19:14:29 INFO ResourceUtils: ==============================================================
[2025-04-13T19:14:29.430+0000] {spark_submit.py:491} INFO - 25/04/13 19:14:29 INFO SparkContext: Submitted application: DailySearchVolumeAggregation
[2025-04-13T19:14:29.584+0000] {spark_submit.py:491} INFO - 25/04/13 19:14:29 INFO ResourceProfile: Default ResourceProfile created, executor resources: Map(cores -> name: cores, amount: 1, script: , vendor: , memory -> name: memory, amount: 1024, script: , vendor: , offHeap -> name: offHeap, amount: 0, script: , vendor: ), task resources: Map(cpus -> name: cpus, amount: 1.0)
[2025-04-13T19:14:29.599+0000] {spark_submit.py:491} INFO - 25/04/13 19:14:29 INFO ResourceProfile: Limiting resource is cpu
[2025-04-13T19:14:29.600+0000] {spark_submit.py:491} INFO - 25/04/13 19:14:29 INFO ResourceProfileManager: Added ResourceProfile id: 0
[2025-04-13T19:14:29.679+0000] {spark_submit.py:491} INFO - 25/04/13 19:14:29 INFO SecurityManager: Changing view acls to: airflow
[2025-04-13T19:14:29.681+0000] {spark_submit.py:491} INFO - 25/04/13 19:14:29 INFO SecurityManager: Changing modify acls to: airflow
[2025-04-13T19:14:29.681+0000] {spark_submit.py:491} INFO - 25/04/13 19:14:29 INFO SecurityManager: Changing view acls groups to:
[2025-04-13T19:14:29.681+0000] {spark_submit.py:491} INFO - 25/04/13 19:14:29 INFO SecurityManager: Changing modify acls groups to:
[2025-04-13T19:14:29.681+0000] {spark_submit.py:491} INFO - 25/04/13 19:14:29 INFO SecurityManager: SecurityManager: authentication disabled; ui acls disabled; users with view permissions: airflow; groups with view permissions: EMPTY; users with modify permissions: airflow; groups with modify permissions: EMPTY
[2025-04-13T19:14:29.992+0000] {spark_submit.py:491} INFO - 25/04/13 19:14:29 INFO Utils: Successfully started service 'sparkDriver' on port 35283.
[2025-04-13T19:14:30.039+0000] {spark_submit.py:491} INFO - 25/04/13 19:14:30 INFO SparkEnv: Registering MapOutputTracker
[2025-04-13T19:14:30.096+0000] {spark_submit.py:491} INFO - 25/04/13 19:14:30 INFO SparkEnv: Registering BlockManagerMaster
[2025-04-13T19:14:30.112+0000] {spark_submit.py:491} INFO - 25/04/13 19:14:30 INFO BlockManagerMasterEndpoint: Using org.apache.spark.storage.DefaultTopologyMapper for getting topology information
[2025-04-13T19:14:30.115+0000] {spark_submit.py:491} INFO - 25/04/13 19:14:30 INFO BlockManagerMasterEndpoint: BlockManagerMasterEndpoint up
[2025-04-13T19:14:30.122+0000] {spark_submit.py:491} INFO - 25/04/13 19:14:30 INFO SparkEnv: Registering BlockManagerMasterHeartbeat
[2025-04-13T19:14:30.146+0000] {spark_submit.py:491} INFO - 25/04/13 19:14:30 INFO DiskBlockManager: Created local directory at /tmp/blockmgr-6ba6cbf6-227c-4c5f-9687-4ba72bd21f73
[2025-04-13T19:14:30.163+0000] {spark_submit.py:491} INFO - 25/04/13 19:14:30 INFO MemoryStore: MemoryStore started with capacity 434.4 MiB
[2025-04-13T19:14:30.186+0000] {spark_submit.py:491} INFO - 25/04/13 19:14:30 INFO SparkEnv: Registering OutputCommitCoordinator
[2025-04-13T19:14:30.362+0000] {spark_submit.py:491} INFO - 25/04/13 19:14:30 INFO JettyUtils: Start Jetty 0.0.0.0:4040 for SparkUI
[2025-04-13T19:14:30.435+0000] {spark_submit.py:491} INFO - 25/04/13 19:14:30 INFO Utils: Successfully started service 'SparkUI' on port 4040.
[2025-04-13T19:14:30.498+0000] {spark_submit.py:491} INFO - 25/04/13 19:14:30 INFO SparkContext: Added JAR file:///home/airflow/.ivy2/jars/mysql_mysql-connector-java-8.0.28.jar at spark://fd358b7daeb3:35283/jars/mysql_mysql-connector-java-8.0.28.jar with timestamp 1744571669350
[2025-04-13T19:14:30.499+0000] {spark_submit.py:491} INFO - 25/04/13 19:14:30 INFO SparkContext: Added JAR file:///home/airflow/.ivy2/jars/com.google.protobuf_protobuf-java-3.11.4.jar at spark://fd358b7daeb3:35283/jars/com.google.protobuf_protobuf-java-3.11.4.jar with timestamp 1744571669350
[2025-04-13T19:14:30.506+0000] {spark_submit.py:491} INFO - 25/04/13 19:14:30 INFO SparkContext: Added file file:///home/airflow/.ivy2/jars/mysql_mysql-connector-java-8.0.28.jar at spark://fd358b7daeb3:35283/files/mysql_mysql-connector-java-8.0.28.jar with timestamp 1744571669350
[2025-04-13T19:14:30.507+0000] {spark_submit.py:491} INFO - 25/04/13 19:14:30 INFO Utils: Copying /home/airflow/.ivy2/jars/mysql_mysql-connector-java-8.0.28.jar to /tmp/spark-4c4613f3-ee40-4298-ac35-e648196c7f53/userFiles-c479b5bb-8ee2-453d-8b10-3ec4f5b9a486/mysql_mysql-connector-java-8.0.28.jar
[2025-04-13T19:14:30.544+0000] {spark_submit.py:491} INFO - 25/04/13 19:14:30 INFO SparkContext: Added file file:///home/airflow/.ivy2/jars/com.google.protobuf_protobuf-java-3.11.4.jar at spark://fd358b7daeb3:35283/files/com.google.protobuf_protobuf-java-3.11.4.jar with timestamp 1744571669350
[2025-04-13T19:14:30.545+0000] {spark_submit.py:491} INFO - 25/04/13 19:14:30 INFO Utils: Copying /home/airflow/.ivy2/jars/com.google.protobuf_protobuf-java-3.11.4.jar to /tmp/spark-4c4613f3-ee40-4298-ac35-e648196c7f53/userFiles-c479b5bb-8ee2-453d-8b10-3ec4f5b9a486/com.google.protobuf_protobuf-java-3.11.4.jar
[2025-04-13T19:14:30.602+0000] {spark_submit.py:491} INFO - 25/04/13 19:14:30 ERROR SparkContext: Error initializing SparkContext.
[2025-04-13T19:14:30.602+0000] {spark_submit.py:491} INFO - org.apache.spark.SparkException: Could not parse Master URL: 'spark:7077'
[2025-04-13T19:14:30.603+0000] {spark_submit.py:491} INFO - at org.apache.spark.SparkContext$.org$apache$spark$SparkContext$$createTaskScheduler(SparkContext.scala:3194)
[2025-04-13T19:14:30.603+0000] {spark_submit.py:491} INFO - at org.apache.spark.SparkContext.<init>(SparkContext.scala:577)
[2025-04-13T19:14:30.603+0000] {spark_submit.py:491} INFO - at org.apache.spark.api.java.JavaSparkContext.<init>(JavaSparkContext.scala:58)
[2025-04-13T19:14:30.603+0000] {spark_submit.py:491} INFO - at java.base/jdk.internal.reflect.NativeConstructorAccessorImpl.newInstance0(Native Method)
[2025-04-13T19:14:30.603+0000] {spark_submit.py:491} INFO - at java.base/jdk.internal.reflect.NativeConstructorAccessorImpl.newInstance(NativeConstructorAccessorImpl.java:62)
[2025-04-13T19:14:30.603+0000] {spark_submit.py:491} INFO - at java.base/jdk.internal.reflect.DelegatingConstructorAccessorImpl.newInstance(DelegatingConstructorAccessorImpl.java:45)
[2025-04-13T19:14:30.604+0000] {spark_submit.py:491} INFO - at java.base/java.lang.reflect.Constructor.newInstance(Constructor.java:490)
[2025-04-13T19:14:30.604+0000] {spark_submit.py:491} INFO - at py4j.reflection.MethodInvoker.invoke(MethodInvoker.java:247)
[2025-04-13T19:14:30.604+0000] {spark_submit.py:491} INFO - at py4j.reflection.ReflectionEngine.invoke(ReflectionEngine.java:374)
[2025-04-13T19:14:30.604+0000] {spark_submit.py:491} INFO - at py4j.Gateway.invoke(Gateway.java:238)
[2025-04-13T19:14:30.604+0000] {spark_submit.py:491} INFO - at py4j.commands.ConstructorCommand.invokeConstructor(ConstructorCommand.java:80)
[2025-04-13T19:14:30.605+0000] {spark_submit.py:491} INFO - at py4j.commands.ConstructorCommand.execute(ConstructorCommand.java:69)
[2025-04-13T19:14:30.605+0000] {spark_submit.py:491} INFO - at py4j.ClientServerConnection.waitForCommands(ClientServerConnection.java:182)
[2025-04-13T19:14:30.605+0000] {spark_submit.py:491} INFO - at py4j.ClientServerConnection.run(ClientServerConnection.java:106)
[2025-04-13T19:14:30.605+0000] {spark_submit.py:491} INFO - at java.base/java.lang.Thread.run(Thread.java:829)
[2025-04-13T19:14:30.605+0000] {spark_submit.py:491} INFO - 25/04/13 19:14:30 INFO SparkContext: SparkContext is stopping with exitCode 0.
[2025-04-13T19:14:30.629+0000] {spark_submit.py:491} INFO - 25/04/13 19:14:30 INFO SparkUI: Stopped Spark web UI at http://fd358b7daeb3:4040
[2025-04-13T19:14:30.657+0000] {spark_submit.py:491} INFO - 25/04/13 19:14:30 INFO MapOutputTrackerMasterEndpoint: MapOutputTrackerMasterEndpoint stopped!
[2025-04-13T19:14:30.693+0000] {spark_submit.py:491} INFO - 25/04/13 19:14:30 INFO MemoryStore: MemoryStore cleared
[2025-04-13T19:14:30.693+0000] {spark_submit.py:491} INFO - 25/04/13 19:14:30 INFO BlockManager: BlockManager stopped
[2025-04-13T19:14:30.701+0000] {spark_submit.py:491} INFO - 25/04/13 19:14:30 INFO BlockManagerMaster: BlockManagerMaster stopped
[2025-04-13T19:14:30.702+0000] {spark_submit.py:491} INFO - 25/04/13 19:14:30 WARN MetricsSystem: Stopping a MetricsSystem that is not running
[2025-04-13T19:14:30.708+0000] {spark_submit.py:491} INFO - 25/04/13 19:14:30 INFO OutputCommitCoordinator$OutputCommitCoordinatorEndpoint: OutputCommitCoordinator stopped!
[2025-04-13T19:14:30.741+0000] {spark_submit.py:491} INFO - 25/04/13 19:14:30 INFO SparkContext: Successfully stopped SparkContext
[2025-04-13T19:14:30.743+0000] {spark_submit.py:491} INFO - Traceback (most recent call last):
[2025-04-13T19:14:30.744+0000] {spark_submit.py:491} INFO - File "/opt/airflow/dags/spark/daily_aggregation.py", line 41, in <module>
[2025-04-13T19:14:30.744+0000] {spark_submit.py:491} INFO - aggregate_daily_data()
[2025-04-13T19:14:30.744+0000] {spark_submit.py:491} INFO - File "/opt/airflow/dags/spark/daily_aggregation.py", line 6, in aggregate_daily_data
[2025-04-13T19:14:30.745+0000] {spark_submit.py:491} INFO - spark = SparkSession.builder \
[2025-04-13T19:14:30.745+0000] {spark_submit.py:491} INFO - File "/home/airflow/.local/lib/python3.8/site-packages/pyspark/python/lib/pyspark.zip/pyspark/sql/session.py", line 497, in getOrCreate
[2025-04-13T19:14:30.745+0000] {spark_submit.py:491} INFO - File "/home/airflow/.local/lib/python3.8/site-packages/pyspark/python/lib/pyspark.zip/pyspark/context.py", line 515, in getOrCreate
[2025-04-13T19:14:30.745+0000] {spark_submit.py:491} INFO - File "/home/airflow/.local/lib/python3.8/site-packages/pyspark/python/lib/pyspark.zip/pyspark/context.py", line 203, in __init__
[2025-04-13T19:14:30.745+0000] {spark_submit.py:491} INFO - File "/home/airflow/.local/lib/python3.8/site-packages/pyspark/python/lib/pyspark.zip/pyspark/context.py", line 296, in _do_init
[2025-04-13T19:14:30.746+0000] {spark_submit.py:491} INFO - File "/home/airflow/.local/lib/python3.8/site-packages/pyspark/python/lib/pyspark.zip/pyspark/context.py", line 421, in _initialize_context
[2025-04-13T19:14:30.746+0000] {spark_submit.py:491} INFO - File "/home/airflow/.local/lib/python3.8/site-packages/pyspark/python/lib/py4j-0.10.9.7-src.zip/py4j/java_gateway.py", line 1587, in __call__
[2025-04-13T19:14:30.746+0000] {spark_submit.py:491} INFO - File "/home/airflow/.local/lib/python3.8/site-packages/pyspark/python/lib/py4j-0.10.9.7-src.zip/py4j/protocol.py", line 326, in get_return_value
[2025-04-13T19:14:30.746+0000] {spark_submit.py:491} INFO - py4j.protocol.Py4JJavaError: An error occurred while calling None.org.apache.spark.api.java.JavaSparkContext.
[2025-04-13T19:14:30.749+0000] {spark_submit.py:491} INFO - : org.apache.spark.SparkException: Could not parse Master URL: 'spark:7077'
[2025-04-13T19:14:30.749+0000] {spark_submit.py:491} INFO - at org.apache.spark.SparkContext$.org$apache$spark$SparkContext$$createTaskScheduler(SparkContext.scala:3194)
[2025-04-13T19:14:30.750+0000] {spark_submit.py:491} INFO - at org.apache.spark.SparkContext.<init>(SparkContext.scala:577)
[2025-04-13T19:14:30.750+0000] {spark_submit.py:491} INFO - at org.apache.spark.api.java.JavaSparkContext.<init>(JavaSparkContext.scala:58)
[2025-04-13T19:14:30.750+0000] {spark_submit.py:491} INFO - at java.base/jdk.internal.reflect.NativeConstructorAccessorImpl.newInstance0(Native Method)
[2025-04-13T19:14:30.750+0000] {spark_submit.py:491} INFO - at java.base/jdk.internal.reflect.NativeConstructorAccessorImpl.newInstance(NativeConstructorAccessorImpl.java:62)
[2025-04-13T19:14:30.750+0000] {spark_submit.py:491} INFO - at java.base/jdk.internal.reflect.DelegatingConstructorAccessorImpl.newInstance(DelegatingConstructorAccessorImpl.java:45)
[2025-04-13T19:14:30.753+0000] {spark_submit.py:491} INFO - at java.base/java.lang.reflect.Constructor.newInstance(Constructor.java:490)
[2025-04-13T19:14:30.753+0000] {spark_submit.py:491} INFO - at py4j.reflection.MethodInvoker.invoke(MethodInvoker.java:247)
[2025-04-13T19:14:30.753+0000] {spark_submit.py:491} INFO - at py4j.reflection.ReflectionEngine.invoke(ReflectionEngine.java:374)
[2025-04-13T19:14:30.754+0000] {spark_submit.py:491} INFO - at py4j.Gateway.invoke(Gateway.java:238)
[2025-04-13T19:14:30.754+0000] {spark_submit.py:491} INFO - at py4j.commands.ConstructorCommand.invokeConstructor(ConstructorCommand.java:80)
[2025-04-13T19:14:30.754+0000] {spark_submit.py:491} INFO - at py4j.commands.ConstructorCommand.execute(ConstructorCommand.java:69)
[2025-04-13T19:14:30.757+0000] {spark_submit.py:491} INFO - at py4j.ClientServerConnection.waitForCommands(ClientServerConnection.java:182)
[2025-04-13T19:14:30.757+0000] {spark_submit.py:491} INFO - at py4j.ClientServerConnection.run(ClientServerConnection.java:106)
[2025-04-13T19:14:30.758+0000] {spark_submit.py:491} INFO - at java.base/java.lang.Thread.run(Thread.java:829)
[2025-04-13T19:14:30.758+0000] {spark_submit.py:491} INFO - 
[2025-04-13T19:14:30.783+0000] {spark_submit.py:491} INFO - 25/04/13 19:14:30 INFO ShutdownHookManager: Shutdown hook called
[2025-04-13T19:14:30.783+0000] {spark_submit.py:491} INFO - 25/04/13 19:14:30 INFO ShutdownHookManager: Deleting directory /tmp/spark-a51f431a-7872-4fb2-b84b-702b20aa915b
[2025-04-13T19:14:30.808+0000] {spark_submit.py:491} INFO - 25/04/13 19:14:30 INFO ShutdownHookManager: Deleting directory /tmp/spark-4c4613f3-ee40-4298-ac35-e648196c7f53
[2025-04-13T19:14:30.875+0000] {taskinstance.py:1935} ERROR - Task failed with exception
Traceback (most recent call last):
  File "/home/airflow/.local/lib/python3.8/site-packages/airflow/providers/apache/spark/operators/spark_submit.py", line 156, in execute
    self._hook.submit(self._application)
  File "/home/airflow/.local/lib/python3.8/site-packages/airflow/providers/apache/spark/hooks/spark_submit.py", line 422, in submit
    raise AirflowException(
airflow.exceptions.AirflowException: Cannot execute: spark-submit --master spark:7077 --conf spark.driver.memory=1g --conf spark.executor.memory=1g --conf spark.jars.packages=mysql:mysql-connector-java:8.0.28 --name arrow-spark --verbose /opt/airflow/dags/spark/daily_aggregation.py. Error code is: 1.
[2025-04-13T19:14:30.879+0000] {taskinstance.py:1398} INFO - Marking task as UP_FOR_RETRY. dag_id=daily_search_volume_aggregation, task_id=aggregate_search_volume, execution_date=20250413T180100, start_date=20250413T191423, end_date=20250413T191430
[2025-04-13T19:14:30.890+0000] {standard_task_runner.py:104} ERROR - Failed to execute job 8 for task aggregate_search_volume (Cannot execute: spark-submit --master spark:7077 --conf spark.driver.memory=1g --conf spark.executor.memory=1g --conf spark.jars.packages=mysql:mysql-connector-java:8.0.28 --name arrow-spark --verbose /opt/airflow/dags/spark/daily_aggregation.py. Error code is: 1.; 642)
[2025-04-13T19:14:30.933+0000] {local_task_job_runner.py:228} INFO - Task exited with return code 1
[2025-04-13T19:14:30.950+0000] {taskinstance.py:2776} INFO - 0 downstream tasks scheduled from follow-on schedule check
