[2025-04-13T19:01:01.447+0000] {taskinstance.py:1157} INFO - Dependencies all met for dep_context=non-requeueable deps ti=<TaskInstance: daily_search_volume_aggregation.aggregate_search_volume scheduled__2025-04-13T18:01:00+00:00 [queued]>
[2025-04-13T19:01:01.454+0000] {taskinstance.py:1157} INFO - Dependencies all met for dep_context=requeueable deps ti=<TaskInstance: daily_search_volume_aggregation.aggregate_search_volume scheduled__2025-04-13T18:01:00+00:00 [queued]>
[2025-04-13T19:01:01.455+0000] {taskinstance.py:1359} INFO - Starting attempt 1 of 2
[2025-04-13T19:01:01.464+0000] {taskinstance.py:1380} INFO - Executing <Task(SparkSubmitOperator): aggregate_search_volume> on 2025-04-13 18:01:00+00:00
[2025-04-13T19:01:01.467+0000] {standard_task_runner.py:57} INFO - Started process 449 to run task
[2025-04-13T19:01:01.470+0000] {standard_task_runner.py:84} INFO - Running: ['airflow', 'tasks', 'run', 'daily_search_volume_aggregation', 'aggregate_search_volume', 'scheduled__2025-04-13T18:01:00+00:00', '--job-id', '7', '--raw', '--subdir', 'DAGS_FOLDER/daily_search_volume_aggregation.py', '--cfg-path', '/tmp/tmpapc65t3t']
[2025-04-13T19:01:01.472+0000] {standard_task_runner.py:85} INFO - Job 7: Subtask aggregate_search_volume
[2025-04-13T19:01:01.521+0000] {task_command.py:415} INFO - Running <TaskInstance: daily_search_volume_aggregation.aggregate_search_volume scheduled__2025-04-13T18:01:00+00:00 [running]> on host def22a2c4662
[2025-04-13T19:01:01.585+0000] {taskinstance.py:1660} INFO - Exporting env vars: AIRFLOW_CTX_DAG_OWNER='airflow' AIRFLOW_CTX_DAG_ID='daily_search_volume_aggregation' AIRFLOW_CTX_TASK_ID='aggregate_search_volume' AIRFLOW_CTX_EXECUTION_DATE='2025-04-13T18:01:00+00:00' AIRFLOW_CTX_TRY_NUMBER='1' AIRFLOW_CTX_DAG_RUN_ID='scheduled__2025-04-13T18:01:00+00:00'
[2025-04-13T19:01:01.593+0000] {base.py:73} INFO - Using connection ID 'spark_default' for task execution.
[2025-04-13T19:01:01.594+0000] {spark_submit.py:340} INFO - Spark-Submit cmd: spark-submit --master yarn --conf spark.driver.memory=1g --conf spark.executor.memory=1g --conf spark.master=local[*] --name arrow-spark --verbose --queue root.default /opt/airflow/dags/spark/daily_aggregation.py
[2025-04-13T19:01:04.616+0000] {spark_submit.py:491} INFO - Using properties file: null
[2025-04-13T19:01:04.755+0000] {spark_submit.py:491} INFO - Exception in thread "main" org.apache.spark.SparkException: When running with master 'yarn' either HADOOP_CONF_DIR or YARN_CONF_DIR must be set in the environment.
[2025-04-13T19:01:04.756+0000] {spark_submit.py:491} INFO - at org.apache.spark.deploy.SparkSubmitArguments.error(SparkSubmitArguments.scala:650)
[2025-04-13T19:01:04.756+0000] {spark_submit.py:491} INFO - at org.apache.spark.deploy.SparkSubmitArguments.validateSubmitArguments(SparkSubmitArguments.scala:281)
[2025-04-13T19:01:04.756+0000] {spark_submit.py:491} INFO - at org.apache.spark.deploy.SparkSubmitArguments.validateArguments(SparkSubmitArguments.scala:237)
[2025-04-13T19:01:04.756+0000] {spark_submit.py:491} INFO - at org.apache.spark.deploy.SparkSubmitArguments.<init>(SparkSubmitArguments.scala:122)
[2025-04-13T19:01:04.757+0000] {spark_submit.py:491} INFO - at org.apache.spark.deploy.SparkSubmit$$anon$2$$anon$3.<init>(SparkSubmit.scala:1108)
[2025-04-13T19:01:04.757+0000] {spark_submit.py:491} INFO - at org.apache.spark.deploy.SparkSubmit$$anon$2.parseArguments(SparkSubmit.scala:1108)
[2025-04-13T19:01:04.757+0000] {spark_submit.py:491} INFO - at org.apache.spark.deploy.SparkSubmit.doSubmit(SparkSubmit.scala:86)
[2025-04-13T19:01:04.757+0000] {spark_submit.py:491} INFO - at org.apache.spark.deploy.SparkSubmit$$anon$2.doSubmit(SparkSubmit.scala:1125)
[2025-04-13T19:01:04.757+0000] {spark_submit.py:491} INFO - at org.apache.spark.deploy.SparkSubmit$.main(SparkSubmit.scala:1134)
[2025-04-13T19:01:04.758+0000] {spark_submit.py:491} INFO - at org.apache.spark.deploy.SparkSubmit.main(SparkSubmit.scala)
[2025-04-13T19:01:04.794+0000] {taskinstance.py:1935} ERROR - Task failed with exception
Traceback (most recent call last):
  File "/home/airflow/.local/lib/python3.8/site-packages/airflow/providers/apache/spark/operators/spark_submit.py", line 156, in execute
    self._hook.submit(self._application)
  File "/home/airflow/.local/lib/python3.8/site-packages/airflow/providers/apache/spark/hooks/spark_submit.py", line 422, in submit
    raise AirflowException(
airflow.exceptions.AirflowException: Cannot execute: spark-submit --master yarn --conf spark.driver.memory=1g --conf spark.executor.memory=1g --conf spark.master=local[*] --name arrow-spark --verbose --queue root.default /opt/airflow/dags/spark/daily_aggregation.py. Error code is: 1.
[2025-04-13T19:01:04.798+0000] {taskinstance.py:1398} INFO - Marking task as UP_FOR_RETRY. dag_id=daily_search_volume_aggregation, task_id=aggregate_search_volume, execution_date=20250413T180100, start_date=20250413T190101, end_date=20250413T190104
[2025-04-13T19:01:04.807+0000] {standard_task_runner.py:104} ERROR - Failed to execute job 7 for task aggregate_search_volume (Cannot execute: spark-submit --master yarn --conf spark.driver.memory=1g --conf spark.executor.memory=1g --conf spark.master=local[*] --name arrow-spark --verbose --queue root.default /opt/airflow/dags/spark/daily_aggregation.py. Error code is: 1.; 449)
[2025-04-13T19:01:04.824+0000] {local_task_job_runner.py:228} INFO - Task exited with return code 1
[2025-04-13T19:01:04.839+0000] {taskinstance.py:2776} INFO - 0 downstream tasks scheduled from follow-on schedule check
[2025-04-13T19:05:24.015+0000] {taskinstance.py:1157} INFO - Dependencies all met for dep_context=non-requeueable deps ti=<TaskInstance: daily_search_volume_aggregation.aggregate_search_volume scheduled__2025-04-13T18:01:00+00:00 [queued]>
[2025-04-13T19:05:24.026+0000] {taskinstance.py:1157} INFO - Dependencies all met for dep_context=requeueable deps ti=<TaskInstance: daily_search_volume_aggregation.aggregate_search_volume scheduled__2025-04-13T18:01:00+00:00 [queued]>
[2025-04-13T19:05:24.027+0000] {taskinstance.py:1359} INFO - Starting attempt 1 of 2
[2025-04-13T19:05:24.039+0000] {taskinstance.py:1380} INFO - Executing <Task(SparkSubmitOperator): aggregate_search_volume> on 2025-04-13 18:01:00+00:00
[2025-04-13T19:05:24.043+0000] {standard_task_runner.py:57} INFO - Started process 189 to run task
[2025-04-13T19:05:24.049+0000] {standard_task_runner.py:84} INFO - Running: ['airflow', 'tasks', 'run', 'daily_search_volume_aggregation', 'aggregate_search_volume', 'scheduled__2025-04-13T18:01:00+00:00', '--job-id', '2', '--raw', '--subdir', 'DAGS_FOLDER/daily_search_volume_aggregation.py', '--cfg-path', '/tmp/tmpr5joanf5']
[2025-04-13T19:05:24.051+0000] {standard_task_runner.py:85} INFO - Job 2: Subtask aggregate_search_volume
[2025-04-13T19:05:24.110+0000] {task_command.py:415} INFO - Running <TaskInstance: daily_search_volume_aggregation.aggregate_search_volume scheduled__2025-04-13T18:01:00+00:00 [running]> on host 9671fbf3bbf1
[2025-04-13T19:05:24.183+0000] {taskinstance.py:1660} INFO - Exporting env vars: AIRFLOW_CTX_DAG_OWNER='airflow' AIRFLOW_CTX_DAG_ID='daily_search_volume_aggregation' AIRFLOW_CTX_TASK_ID='aggregate_search_volume' AIRFLOW_CTX_EXECUTION_DATE='2025-04-13T18:01:00+00:00' AIRFLOW_CTX_TRY_NUMBER='1' AIRFLOW_CTX_DAG_RUN_ID='scheduled__2025-04-13T18:01:00+00:00'
[2025-04-13T19:05:24.184+0000] {base.py:73} INFO - Using connection ID 'spark_default' for task execution.
[2025-04-13T19:05:24.185+0000] {spark_submit.py:340} INFO - Spark-Submit cmd: spark-submit --master spark:7077 --conf spark.driver.memory=1g --conf spark.executor.memory=1g --conf spark.master=local[*] --name arrow-spark --verbose /opt/airflow/dags/spark/daily_aggregation.py
[2025-04-13T19:05:27.626+0000] {spark_submit.py:491} INFO - Using properties file: null
[2025-04-13T19:05:27.797+0000] {spark_submit.py:491} INFO - Parsed arguments:
[2025-04-13T19:05:27.797+0000] {spark_submit.py:491} INFO - master                  spark:7077
[2025-04-13T19:05:27.798+0000] {spark_submit.py:491} INFO - remote                  null
[2025-04-13T19:05:27.798+0000] {spark_submit.py:491} INFO - deployMode              null
[2025-04-13T19:05:27.798+0000] {spark_submit.py:491} INFO - executorMemory          1g
[2025-04-13T19:05:27.798+0000] {spark_submit.py:491} INFO - executorCores           null
[2025-04-13T19:05:27.798+0000] {spark_submit.py:491} INFO - totalExecutorCores      null
[2025-04-13T19:05:27.799+0000] {spark_submit.py:491} INFO - propertiesFile          null
[2025-04-13T19:05:27.799+0000] {spark_submit.py:491} INFO - driverMemory            1g
[2025-04-13T19:05:27.799+0000] {spark_submit.py:491} INFO - driverCores             null
[2025-04-13T19:05:27.799+0000] {spark_submit.py:491} INFO - driverExtraClassPath    null
[2025-04-13T19:05:27.800+0000] {spark_submit.py:491} INFO - driverExtraLibraryPath  null
[2025-04-13T19:05:27.800+0000] {spark_submit.py:491} INFO - driverExtraJavaOptions  null
[2025-04-13T19:05:27.800+0000] {spark_submit.py:491} INFO - supervise               false
[2025-04-13T19:05:27.800+0000] {spark_submit.py:491} INFO - queue                   null
[2025-04-13T19:05:27.800+0000] {spark_submit.py:491} INFO - numExecutors            null
[2025-04-13T19:05:27.801+0000] {spark_submit.py:491} INFO - files                   null
[2025-04-13T19:05:27.801+0000] {spark_submit.py:491} INFO - pyFiles                 null
[2025-04-13T19:05:27.801+0000] {spark_submit.py:491} INFO - archives                null
[2025-04-13T19:05:27.801+0000] {spark_submit.py:491} INFO - mainClass               null
[2025-04-13T19:05:27.802+0000] {spark_submit.py:491} INFO - primaryResource         file:/opt/airflow/dags/spark/daily_aggregation.py
[2025-04-13T19:05:27.802+0000] {spark_submit.py:491} INFO - name                    arrow-spark
[2025-04-13T19:05:27.802+0000] {spark_submit.py:491} INFO - childArgs               []
[2025-04-13T19:05:27.802+0000] {spark_submit.py:491} INFO - jars                    null
[2025-04-13T19:05:27.802+0000] {spark_submit.py:491} INFO - packages                null
[2025-04-13T19:05:27.802+0000] {spark_submit.py:491} INFO - packagesExclusions      null
[2025-04-13T19:05:27.803+0000] {spark_submit.py:491} INFO - repositories            null
[2025-04-13T19:05:27.803+0000] {spark_submit.py:491} INFO - verbose                 true
[2025-04-13T19:05:27.803+0000] {spark_submit.py:491} INFO - 
[2025-04-13T19:05:27.803+0000] {spark_submit.py:491} INFO - Spark properties used, including those specified through
[2025-04-13T19:05:27.803+0000] {spark_submit.py:491} INFO - --conf and those from the properties file null:
[2025-04-13T19:05:27.804+0000] {spark_submit.py:491} INFO - (spark.driver.memory,1g)
[2025-04-13T19:05:27.804+0000] {spark_submit.py:491} INFO - (spark.executor.memory,1g)
[2025-04-13T19:05:27.804+0000] {spark_submit.py:491} INFO - (spark.master,local[*])
[2025-04-13T19:05:27.804+0000] {spark_submit.py:491} INFO - 
[2025-04-13T19:05:27.804+0000] {spark_submit.py:491} INFO - 
[2025-04-13T19:05:28.547+0000] {spark_submit.py:491} INFO - Main class:
[2025-04-13T19:05:28.548+0000] {spark_submit.py:491} INFO - org.apache.spark.deploy.PythonRunner
[2025-04-13T19:05:28.548+0000] {spark_submit.py:491} INFO - Arguments:
[2025-04-13T19:05:28.548+0000] {spark_submit.py:491} INFO - file:/opt/airflow/dags/spark/daily_aggregation.py
[2025-04-13T19:05:28.548+0000] {spark_submit.py:491} INFO - null
[2025-04-13T19:05:28.553+0000] {spark_submit.py:491} INFO - Spark config:
[2025-04-13T19:05:28.553+0000] {spark_submit.py:491} INFO - (spark.app.name,arrow-spark)
[2025-04-13T19:05:28.553+0000] {spark_submit.py:491} INFO - (spark.app.submitTime,1744571128495)
[2025-04-13T19:05:28.554+0000] {spark_submit.py:491} INFO - (spark.driver.memory,1g)
[2025-04-13T19:05:28.554+0000] {spark_submit.py:491} INFO - (spark.executor.memory,1g)
[2025-04-13T19:05:28.554+0000] {spark_submit.py:491} INFO - (spark.master,spark:7077)
[2025-04-13T19:05:28.554+0000] {spark_submit.py:491} INFO - (spark.submit.deployMode,client)
[2025-04-13T19:05:28.554+0000] {spark_submit.py:491} INFO - (spark.submit.pyFiles,)
[2025-04-13T19:05:28.554+0000] {spark_submit.py:491} INFO - Classpath elements:
[2025-04-13T19:05:28.555+0000] {spark_submit.py:491} INFO - 
[2025-04-13T19:05:28.555+0000] {spark_submit.py:491} INFO - 
[2025-04-13T19:05:28.556+0000] {spark_submit.py:491} INFO - 
[2025-04-13T19:05:29.676+0000] {spark_submit.py:491} INFO - Traceback (most recent call last):
[2025-04-13T19:05:29.676+0000] {spark_submit.py:491} INFO - File "/opt/airflow/dags/spark/daily_aggregation.py", line 2, in <module>
[2025-04-13T19:05:29.677+0000] {spark_submit.py:491} INFO - from pyspark.sql.functions import col, date, hour, abs, row_number
[2025-04-13T19:05:29.677+0000] {spark_submit.py:491} INFO - ImportError: cannot import name 'date' from 'pyspark.sql.functions' (/home/airflow/.local/lib/python3.8/site-packages/pyspark/python/lib/pyspark.zip/pyspark/sql/functions.py)
[2025-04-13T19:05:29.749+0000] {spark_submit.py:491} INFO - 25/04/13 19:05:29 INFO ShutdownHookManager: Shutdown hook called
[2025-04-13T19:05:29.754+0000] {spark_submit.py:491} INFO - 25/04/13 19:05:29 INFO ShutdownHookManager: Deleting directory /tmp/spark-6a6a22b5-b2cb-47a4-8ae1-f607e3bde4d2
[2025-04-13T19:05:29.824+0000] {taskinstance.py:1935} ERROR - Task failed with exception
Traceback (most recent call last):
  File "/home/airflow/.local/lib/python3.8/site-packages/airflow/providers/apache/spark/operators/spark_submit.py", line 156, in execute
    self._hook.submit(self._application)
  File "/home/airflow/.local/lib/python3.8/site-packages/airflow/providers/apache/spark/hooks/spark_submit.py", line 422, in submit
    raise AirflowException(
airflow.exceptions.AirflowException: Cannot execute: spark-submit --master spark:7077 --conf spark.driver.memory=1g --conf spark.executor.memory=1g --conf spark.master=local[*] --name arrow-spark --verbose /opt/airflow/dags/spark/daily_aggregation.py. Error code is: 1.
[2025-04-13T19:05:29.828+0000] {taskinstance.py:1398} INFO - Marking task as UP_FOR_RETRY. dag_id=daily_search_volume_aggregation, task_id=aggregate_search_volume, execution_date=20250413T180100, start_date=20250413T190524, end_date=20250413T190529
[2025-04-13T19:05:29.838+0000] {standard_task_runner.py:104} ERROR - Failed to execute job 2 for task aggregate_search_volume (Cannot execute: spark-submit --master spark:7077 --conf spark.driver.memory=1g --conf spark.executor.memory=1g --conf spark.master=local[*] --name arrow-spark --verbose /opt/airflow/dags/spark/daily_aggregation.py. Error code is: 1.; 189)
[2025-04-13T19:05:29.853+0000] {local_task_job_runner.py:228} INFO - Task exited with return code 1
[2025-04-13T19:05:29.867+0000] {taskinstance.py:2776} INFO - 0 downstream tasks scheduled from follow-on schedule check
[2025-04-13T19:29:26.166+0000] {taskinstance.py:1157} INFO - Dependencies all met for dep_context=non-requeueable deps ti=<TaskInstance: daily_search_volume_aggregation.aggregate_search_volume scheduled__2025-04-13T18:01:00+00:00 [queued]>
[2025-04-13T19:29:26.187+0000] {taskinstance.py:1157} INFO - Dependencies all met for dep_context=requeueable deps ti=<TaskInstance: daily_search_volume_aggregation.aggregate_search_volume scheduled__2025-04-13T18:01:00+00:00 [queued]>
[2025-04-13T19:29:26.188+0000] {taskinstance.py:1359} INFO - Starting attempt 1 of 2
[2025-04-13T19:29:26.206+0000] {taskinstance.py:1380} INFO - Executing <Task(SparkSubmitOperator): aggregate_search_volume> on 2025-04-13 18:01:00+00:00
[2025-04-13T19:29:26.214+0000] {standard_task_runner.py:57} INFO - Started process 266 to run task
[2025-04-13T19:29:26.236+0000] {standard_task_runner.py:84} INFO - Running: ['airflow', 'tasks', 'run', 'daily_search_volume_aggregation', 'aggregate_search_volume', 'scheduled__2025-04-13T18:01:00+00:00', '--job-id', '2', '--raw', '--subdir', 'DAGS_FOLDER/daily_search_volume_aggregation.py', '--cfg-path', '/tmp/tmpgrd6264d']
[2025-04-13T19:29:26.242+0000] {standard_task_runner.py:85} INFO - Job 2: Subtask aggregate_search_volume
[2025-04-13T19:29:26.397+0000] {task_command.py:415} INFO - Running <TaskInstance: daily_search_volume_aggregation.aggregate_search_volume scheduled__2025-04-13T18:01:00+00:00 [running]> on host 2c2c0398a738
[2025-04-13T19:29:26.535+0000] {taskinstance.py:1660} INFO - Exporting env vars: AIRFLOW_CTX_DAG_OWNER='airflow' AIRFLOW_CTX_DAG_ID='daily_search_volume_aggregation' AIRFLOW_CTX_TASK_ID='aggregate_search_volume' AIRFLOW_CTX_EXECUTION_DATE='2025-04-13T18:01:00+00:00' AIRFLOW_CTX_TRY_NUMBER='1' AIRFLOW_CTX_DAG_RUN_ID='scheduled__2025-04-13T18:01:00+00:00'
[2025-04-13T19:29:26.537+0000] {base.py:73} INFO - Using connection ID 'spark_default' for task execution.
[2025-04-13T19:29:26.538+0000] {spark_submit.py:340} INFO - Spark-Submit cmd: spark-submit --master spark:7077 --conf spark.driver.memory=1g --conf spark.executor.memory=1g --conf spark.jars.packages=mysql:mysql-connector-java:8.0.28 --name arrow-spark --verbose /opt/airflow/dags/spark/daily_aggregation.py
[2025-04-13T19:29:29.870+0000] {spark_submit.py:491} INFO - Using properties file: null
[2025-04-13T19:29:30.006+0000] {spark_submit.py:491} INFO - Parsed arguments:
[2025-04-13T19:29:30.006+0000] {spark_submit.py:491} INFO - master                  spark:7077
[2025-04-13T19:29:30.006+0000] {spark_submit.py:491} INFO - remote                  null
[2025-04-13T19:29:30.006+0000] {spark_submit.py:491} INFO - deployMode              null
[2025-04-13T19:29:30.007+0000] {spark_submit.py:491} INFO - executorMemory          1g
[2025-04-13T19:29:30.008+0000] {spark_submit.py:491} INFO - executorCores           null
[2025-04-13T19:29:30.008+0000] {spark_submit.py:491} INFO - totalExecutorCores      null
[2025-04-13T19:29:30.008+0000] {spark_submit.py:491} INFO - propertiesFile          null
[2025-04-13T19:29:30.009+0000] {spark_submit.py:491} INFO - driverMemory            1g
[2025-04-13T19:29:30.009+0000] {spark_submit.py:491} INFO - driverCores             null
[2025-04-13T19:29:30.009+0000] {spark_submit.py:491} INFO - driverExtraClassPath    null
[2025-04-13T19:29:30.009+0000] {spark_submit.py:491} INFO - driverExtraLibraryPath  null
[2025-04-13T19:29:30.009+0000] {spark_submit.py:491} INFO - driverExtraJavaOptions  null
[2025-04-13T19:29:30.010+0000] {spark_submit.py:491} INFO - supervise               false
[2025-04-13T19:29:30.010+0000] {spark_submit.py:491} INFO - queue                   null
[2025-04-13T19:29:30.010+0000] {spark_submit.py:491} INFO - numExecutors            null
[2025-04-13T19:29:30.010+0000] {spark_submit.py:491} INFO - files                   null
[2025-04-13T19:29:30.010+0000] {spark_submit.py:491} INFO - pyFiles                 null
[2025-04-13T19:29:30.010+0000] {spark_submit.py:491} INFO - archives                null
[2025-04-13T19:29:30.011+0000] {spark_submit.py:491} INFO - mainClass               null
[2025-04-13T19:29:30.011+0000] {spark_submit.py:491} INFO - primaryResource         file:/opt/airflow/dags/spark/daily_aggregation.py
[2025-04-13T19:29:30.011+0000] {spark_submit.py:491} INFO - name                    arrow-spark
[2025-04-13T19:29:30.011+0000] {spark_submit.py:491} INFO - childArgs               []
[2025-04-13T19:29:30.011+0000] {spark_submit.py:491} INFO - jars                    null
[2025-04-13T19:29:30.011+0000] {spark_submit.py:491} INFO - packages                mysql:mysql-connector-java:8.0.28
[2025-04-13T19:29:30.012+0000] {spark_submit.py:491} INFO - packagesExclusions      null
[2025-04-13T19:29:30.012+0000] {spark_submit.py:491} INFO - repositories            null
[2025-04-13T19:29:30.012+0000] {spark_submit.py:491} INFO - verbose                 true
[2025-04-13T19:29:30.012+0000] {spark_submit.py:491} INFO - 
[2025-04-13T19:29:30.012+0000] {spark_submit.py:491} INFO - Spark properties used, including those specified through
[2025-04-13T19:29:30.012+0000] {spark_submit.py:491} INFO - --conf and those from the properties file null:
[2025-04-13T19:29:30.013+0000] {spark_submit.py:491} INFO - (spark.driver.memory,1g)
[2025-04-13T19:29:30.013+0000] {spark_submit.py:491} INFO - (spark.executor.memory,1g)
[2025-04-13T19:29:30.013+0000] {spark_submit.py:491} INFO - (spark.jars.packages,mysql:mysql-connector-java:8.0.28)
[2025-04-13T19:29:30.013+0000] {spark_submit.py:491} INFO - 
[2025-04-13T19:29:30.013+0000] {spark_submit.py:491} INFO - 
[2025-04-13T19:29:30.152+0000] {spark_submit.py:491} INFO - :: loading settings :: url = jar:file:/home/airflow/.local/lib/python3.8/site-packages/pyspark/jars/ivy-2.5.1.jar!/org/apache/ivy/core/settings/ivysettings.xml
[2025-04-13T19:29:30.384+0000] {spark_submit.py:491} INFO - Ivy Default Cache set to: /home/airflow/.ivy2/cache
[2025-04-13T19:29:30.384+0000] {spark_submit.py:491} INFO - The jars for the packages stored in: /home/airflow/.ivy2/jars
[2025-04-13T19:29:30.391+0000] {spark_submit.py:491} INFO - mysql#mysql-connector-java added as a dependency
[2025-04-13T19:29:30.393+0000] {spark_submit.py:491} INFO - :: resolving dependencies :: org.apache.spark#spark-submit-parent-ed725e4c-17e8-4a91-88db-814ff93744d4;1.0
[2025-04-13T19:29:30.393+0000] {spark_submit.py:491} INFO - confs: [default]
[2025-04-13T19:29:32.135+0000] {spark_submit.py:491} INFO - found mysql#mysql-connector-java;8.0.28 in central
[2025-04-13T19:29:35.887+0000] {spark_submit.py:491} INFO - found com.google.protobuf#protobuf-java;3.11.4 in central
[2025-04-13T19:29:36.111+0000] {spark_submit.py:491} INFO - downloading https://repo1.maven.org/maven2/mysql/mysql-connector-java/8.0.28/mysql-connector-java-8.0.28.jar ...
[2025-04-13T19:29:38.613+0000] {spark_submit.py:491} INFO - [SUCCESSFUL ] mysql#mysql-connector-java;8.0.28!mysql-connector-java.jar (2701ms)
[2025-04-13T19:29:38.845+0000] {spark_submit.py:491} INFO - downloading https://repo1.maven.org/maven2/com/google/protobuf/protobuf-java/3.11.4/protobuf-java-3.11.4.jar ...
[2025-04-13T19:29:41.043+0000] {spark_submit.py:491} INFO - [SUCCESSFUL ] com.google.protobuf#protobuf-java;3.11.4!protobuf-java.jar(bundle) (2423ms)
[2025-04-13T19:29:41.049+0000] {spark_submit.py:491} INFO - :: resolution report :: resolve 5510ms :: artifacts dl 5146ms
[2025-04-13T19:29:41.049+0000] {spark_submit.py:491} INFO - :: modules in use:
[2025-04-13T19:29:41.050+0000] {spark_submit.py:491} INFO - com.google.protobuf#protobuf-java;3.11.4 from central in [default]
[2025-04-13T19:29:41.050+0000] {spark_submit.py:491} INFO - mysql#mysql-connector-java;8.0.28 from central in [default]
[2025-04-13T19:29:41.050+0000] {spark_submit.py:491} INFO - ---------------------------------------------------------------------
[2025-04-13T19:29:41.051+0000] {spark_submit.py:491} INFO - |                  |            modules            ||   artifacts   |
[2025-04-13T19:29:41.051+0000] {spark_submit.py:491} INFO - |       conf       | number| search|dwnlded|evicted|| number|dwnlded|
[2025-04-13T19:29:41.052+0000] {spark_submit.py:491} INFO - ---------------------------------------------------------------------
[2025-04-13T19:29:41.052+0000] {spark_submit.py:491} INFO - |      default     |   2   |   2   |   2   |   0   ||   2   |   2   |
[2025-04-13T19:29:41.052+0000] {spark_submit.py:491} INFO - ---------------------------------------------------------------------
[2025-04-13T19:29:41.061+0000] {spark_submit.py:491} INFO - :: retrieving :: org.apache.spark#spark-submit-parent-ed725e4c-17e8-4a91-88db-814ff93744d4
[2025-04-13T19:29:41.062+0000] {spark_submit.py:491} INFO - confs: [default]
[2025-04-13T19:29:41.084+0000] {spark_submit.py:491} INFO - 2 artifacts copied, 0 already retrieved (4040kB/23ms)
[2025-04-13T19:29:41.451+0000] {spark_submit.py:491} INFO - 25/04/13 19:29:41 WARN NativeCodeLoader: Unable to load native-hadoop library for your platform... using builtin-java classes where applicable
[2025-04-13T19:29:42.000+0000] {spark_submit.py:491} INFO - Main class:
[2025-04-13T19:29:42.001+0000] {spark_submit.py:491} INFO - org.apache.spark.deploy.PythonRunner
[2025-04-13T19:29:42.001+0000] {spark_submit.py:491} INFO - Arguments:
[2025-04-13T19:29:42.002+0000] {spark_submit.py:491} INFO - file:/opt/airflow/dags/spark/daily_aggregation.py
[2025-04-13T19:29:42.002+0000] {spark_submit.py:491} INFO - file:///home/airflow/.ivy2/jars/mysql_mysql-connector-java-8.0.28.jar,file:///home/airflow/.ivy2/jars/com.google.protobuf_protobuf-java-3.11.4.jar
[2025-04-13T19:29:42.008+0000] {spark_submit.py:491} INFO - Spark config:
[2025-04-13T19:29:42.008+0000] {spark_submit.py:491} INFO - (spark.app.name,arrow-spark)
[2025-04-13T19:29:42.009+0000] {spark_submit.py:491} INFO - (spark.app.submitTime,1744572581911)
[2025-04-13T19:29:42.009+0000] {spark_submit.py:491} INFO - (spark.driver.memory,1g)
[2025-04-13T19:29:42.010+0000] {spark_submit.py:491} INFO - (spark.executor.memory,1g)
[2025-04-13T19:29:42.010+0000] {spark_submit.py:491} INFO - (spark.files,file:///home/airflow/.ivy2/jars/mysql_mysql-connector-java-8.0.28.jar,file:///home/airflow/.ivy2/jars/com.google.protobuf_protobuf-java-3.11.4.jar)
[2025-04-13T19:29:42.011+0000] {spark_submit.py:491} INFO - (spark.jars,file:///home/airflow/.ivy2/jars/mysql_mysql-connector-java-8.0.28.jar,file:///home/airflow/.ivy2/jars/com.google.protobuf_protobuf-java-3.11.4.jar)
[2025-04-13T19:29:42.011+0000] {spark_submit.py:491} INFO - (spark.jars.packages,mysql:mysql-connector-java:8.0.28)
[2025-04-13T19:29:42.011+0000] {spark_submit.py:491} INFO - (spark.master,spark:7077)
[2025-04-13T19:29:42.012+0000] {spark_submit.py:491} INFO - (spark.repl.local.jars,file:///home/airflow/.ivy2/jars/mysql_mysql-connector-java-8.0.28.jar,file:///home/airflow/.ivy2/jars/com.google.protobuf_protobuf-java-3.11.4.jar)
[2025-04-13T19:29:42.012+0000] {spark_submit.py:491} INFO - (spark.submit.deployMode,client)
[2025-04-13T19:29:42.012+0000] {spark_submit.py:491} INFO - (spark.submit.pyFiles,/home/airflow/.ivy2/jars/mysql_mysql-connector-java-8.0.28.jar,/home/airflow/.ivy2/jars/com.google.protobuf_protobuf-java-3.11.4.jar)
[2025-04-13T19:29:42.012+0000] {spark_submit.py:491} INFO - Classpath elements:
[2025-04-13T19:29:42.013+0000] {spark_submit.py:491} INFO - file:///home/airflow/.ivy2/jars/mysql_mysql-connector-java-8.0.28.jar
[2025-04-13T19:29:42.013+0000] {spark_submit.py:491} INFO - file:///home/airflow/.ivy2/jars/com.google.protobuf_protobuf-java-3.11.4.jar
[2025-04-13T19:29:42.013+0000] {spark_submit.py:491} INFO - 
[2025-04-13T19:29:42.014+0000] {spark_submit.py:491} INFO - 
[2025-04-13T19:29:43.341+0000] {spark_submit.py:491} INFO - 25/04/13 19:29:43 INFO SparkContext: Running Spark version 3.5.5
[2025-04-13T19:29:43.342+0000] {spark_submit.py:491} INFO - 25/04/13 19:29:43 INFO SparkContext: OS info Linux, 6.12.5-linuxkit, amd64
[2025-04-13T19:29:43.342+0000] {spark_submit.py:491} INFO - 25/04/13 19:29:43 INFO SparkContext: Java version 11.0.26
[2025-04-13T19:29:43.379+0000] {spark_submit.py:491} INFO - 25/04/13 19:29:43 INFO ResourceUtils: ==============================================================
[2025-04-13T19:29:43.380+0000] {spark_submit.py:491} INFO - 25/04/13 19:29:43 INFO ResourceUtils: No custom resources configured for spark.driver.
[2025-04-13T19:29:43.381+0000] {spark_submit.py:491} INFO - 25/04/13 19:29:43 INFO ResourceUtils: ==============================================================
[2025-04-13T19:29:43.381+0000] {spark_submit.py:491} INFO - 25/04/13 19:29:43 INFO SparkContext: Submitted application: DailySearchVolumeAggregation
[2025-04-13T19:29:43.430+0000] {spark_submit.py:491} INFO - 25/04/13 19:29:43 INFO ResourceProfile: Default ResourceProfile created, executor resources: Map(cores -> name: cores, amount: 1, script: , vendor: , memory -> name: memory, amount: 1024, script: , vendor: , offHeap -> name: offHeap, amount: 0, script: , vendor: ), task resources: Map(cpus -> name: cpus, amount: 1.0)
[2025-04-13T19:29:43.446+0000] {spark_submit.py:491} INFO - 25/04/13 19:29:43 INFO ResourceProfile: Limiting resource is cpu
[2025-04-13T19:29:43.447+0000] {spark_submit.py:491} INFO - 25/04/13 19:29:43 INFO ResourceProfileManager: Added ResourceProfile id: 0
[2025-04-13T19:29:43.525+0000] {spark_submit.py:491} INFO - 25/04/13 19:29:43 INFO SecurityManager: Changing view acls to: airflow
[2025-04-13T19:29:43.526+0000] {spark_submit.py:491} INFO - 25/04/13 19:29:43 INFO SecurityManager: Changing modify acls to: airflow
[2025-04-13T19:29:43.526+0000] {spark_submit.py:491} INFO - 25/04/13 19:29:43 INFO SecurityManager: Changing view acls groups to:
[2025-04-13T19:29:43.527+0000] {spark_submit.py:491} INFO - 25/04/13 19:29:43 INFO SecurityManager: Changing modify acls groups to:
[2025-04-13T19:29:43.527+0000] {spark_submit.py:491} INFO - 25/04/13 19:29:43 INFO SecurityManager: SecurityManager: authentication disabled; ui acls disabled; users with view permissions: airflow; groups with view permissions: EMPTY; users with modify permissions: airflow; groups with modify permissions: EMPTY
[2025-04-13T19:29:43.956+0000] {spark_submit.py:491} INFO - 25/04/13 19:29:43 INFO Utils: Successfully started service 'sparkDriver' on port 35617.
[2025-04-13T19:29:44.006+0000] {spark_submit.py:491} INFO - 25/04/13 19:29:44 INFO SparkEnv: Registering MapOutputTracker
[2025-04-13T19:29:44.060+0000] {spark_submit.py:491} INFO - 25/04/13 19:29:44 INFO SparkEnv: Registering BlockManagerMaster
[2025-04-13T19:29:44.077+0000] {spark_submit.py:491} INFO - 25/04/13 19:29:44 INFO BlockManagerMasterEndpoint: Using org.apache.spark.storage.DefaultTopologyMapper for getting topology information
[2025-04-13T19:29:44.078+0000] {spark_submit.py:491} INFO - 25/04/13 19:29:44 INFO BlockManagerMasterEndpoint: BlockManagerMasterEndpoint up
[2025-04-13T19:29:44.083+0000] {spark_submit.py:491} INFO - 25/04/13 19:29:44 INFO SparkEnv: Registering BlockManagerMasterHeartbeat
[2025-04-13T19:29:44.104+0000] {spark_submit.py:491} INFO - 25/04/13 19:29:44 INFO DiskBlockManager: Created local directory at /tmp/blockmgr-a284d159-aabd-48ed-bcb0-200c6c0d1f9f
[2025-04-13T19:29:44.121+0000] {spark_submit.py:491} INFO - 25/04/13 19:29:44 INFO MemoryStore: MemoryStore started with capacity 434.4 MiB
[2025-04-13T19:29:44.141+0000] {spark_submit.py:491} INFO - 25/04/13 19:29:44 INFO SparkEnv: Registering OutputCommitCoordinator
[2025-04-13T19:29:44.358+0000] {spark_submit.py:491} INFO - 25/04/13 19:29:44 INFO JettyUtils: Start Jetty 0.0.0.0:4040 for SparkUI
[2025-04-13T19:29:44.535+0000] {spark_submit.py:491} INFO - 25/04/13 19:29:44 INFO Utils: Successfully started service 'SparkUI' on port 4040.
[2025-04-13T19:29:44.679+0000] {spark_submit.py:491} INFO - 25/04/13 19:29:44 INFO SparkContext: Added JAR file:///home/airflow/.ivy2/jars/mysql_mysql-connector-java-8.0.28.jar at spark://2c2c0398a738:35617/jars/mysql_mysql-connector-java-8.0.28.jar with timestamp 1744572583323
[2025-04-13T19:29:44.680+0000] {spark_submit.py:491} INFO - 25/04/13 19:29:44 INFO SparkContext: Added JAR file:///home/airflow/.ivy2/jars/com.google.protobuf_protobuf-java-3.11.4.jar at spark://2c2c0398a738:35617/jars/com.google.protobuf_protobuf-java-3.11.4.jar with timestamp 1744572583323
[2025-04-13T19:29:44.695+0000] {spark_submit.py:491} INFO - 25/04/13 19:29:44 INFO SparkContext: Added file file:///home/airflow/.ivy2/jars/mysql_mysql-connector-java-8.0.28.jar at file:///home/airflow/.ivy2/jars/mysql_mysql-connector-java-8.0.28.jar with timestamp 1744572583323
[2025-04-13T19:29:44.706+0000] {spark_submit.py:491} INFO - 25/04/13 19:29:44 INFO Utils: Copying /home/airflow/.ivy2/jars/mysql_mysql-connector-java-8.0.28.jar to /tmp/spark-62d6b828-a806-4eaa-86ce-f762f33d869c/userFiles-461dada2-d12b-401e-9558-12e482262f15/mysql_mysql-connector-java-8.0.28.jar
[2025-04-13T19:29:44.777+0000] {spark_submit.py:491} INFO - 25/04/13 19:29:44 INFO SparkContext: Added file file:///home/airflow/.ivy2/jars/com.google.protobuf_protobuf-java-3.11.4.jar at file:///home/airflow/.ivy2/jars/com.google.protobuf_protobuf-java-3.11.4.jar with timestamp 1744572583323
[2025-04-13T19:29:44.778+0000] {spark_submit.py:491} INFO - 25/04/13 19:29:44 INFO Utils: Copying /home/airflow/.ivy2/jars/com.google.protobuf_protobuf-java-3.11.4.jar to /tmp/spark-62d6b828-a806-4eaa-86ce-f762f33d869c/userFiles-461dada2-d12b-401e-9558-12e482262f15/com.google.protobuf_protobuf-java-3.11.4.jar
[2025-04-13T19:29:44.903+0000] {spark_submit.py:491} INFO - 25/04/13 19:29:44 INFO Executor: Starting executor ID driver on host 2c2c0398a738
[2025-04-13T19:29:44.904+0000] {spark_submit.py:491} INFO - 25/04/13 19:29:44 INFO Executor: OS info Linux, 6.12.5-linuxkit, amd64
[2025-04-13T19:29:44.904+0000] {spark_submit.py:491} INFO - 25/04/13 19:29:44 INFO Executor: Java version 11.0.26
[2025-04-13T19:29:44.946+0000] {spark_submit.py:491} INFO - 25/04/13 19:29:44 INFO Executor: Starting executor with user classpath (userClassPathFirst = false): ''
[2025-04-13T19:29:44.952+0000] {spark_submit.py:491} INFO - 25/04/13 19:29:44 INFO Executor: Created or updated repl class loader org.apache.spark.util.MutableURLClassLoader@4b924eea for default.
[2025-04-13T19:29:44.988+0000] {spark_submit.py:491} INFO - 25/04/13 19:29:44 INFO Executor: Fetching file:///home/airflow/.ivy2/jars/mysql_mysql-connector-java-8.0.28.jar with timestamp 1744572583323
[2025-04-13T19:29:45.011+0000] {spark_submit.py:491} INFO - 25/04/13 19:29:45 INFO Utils: /home/airflow/.ivy2/jars/mysql_mysql-connector-java-8.0.28.jar has been previously copied to /tmp/spark-62d6b828-a806-4eaa-86ce-f762f33d869c/userFiles-461dada2-d12b-401e-9558-12e482262f15/mysql_mysql-connector-java-8.0.28.jar
[2025-04-13T19:29:45.041+0000] {spark_submit.py:491} INFO - 25/04/13 19:29:45 INFO Executor: Fetching file:///home/airflow/.ivy2/jars/com.google.protobuf_protobuf-java-3.11.4.jar with timestamp 1744572583323
[2025-04-13T19:29:45.043+0000] {spark_submit.py:491} INFO - 25/04/13 19:29:45 INFO Utils: /home/airflow/.ivy2/jars/com.google.protobuf_protobuf-java-3.11.4.jar has been previously copied to /tmp/spark-62d6b828-a806-4eaa-86ce-f762f33d869c/userFiles-461dada2-d12b-401e-9558-12e482262f15/com.google.protobuf_protobuf-java-3.11.4.jar
[2025-04-13T19:29:45.074+0000] {spark_submit.py:491} INFO - 25/04/13 19:29:45 INFO Executor: Fetching spark://2c2c0398a738:35617/jars/com.google.protobuf_protobuf-java-3.11.4.jar with timestamp 1744572583323
[2025-04-13T19:29:45.171+0000] {spark_submit.py:491} INFO - 25/04/13 19:29:45 INFO TransportClientFactory: Successfully created connection to 2c2c0398a738/172.18.0.9:35617 after 74 ms (0 ms spent in bootstraps)
[2025-04-13T19:29:45.190+0000] {spark_submit.py:491} INFO - 25/04/13 19:29:45 INFO Utils: Fetching spark://2c2c0398a738:35617/jars/com.google.protobuf_protobuf-java-3.11.4.jar to /tmp/spark-62d6b828-a806-4eaa-86ce-f762f33d869c/userFiles-461dada2-d12b-401e-9558-12e482262f15/fetchFileTemp11570708287086339779.tmp
[2025-04-13T19:29:45.225+0000] {spark_submit.py:491} INFO - 25/04/13 19:29:45 INFO Utils: /tmp/spark-62d6b828-a806-4eaa-86ce-f762f33d869c/userFiles-461dada2-d12b-401e-9558-12e482262f15/fetchFileTemp11570708287086339779.tmp has been previously copied to /tmp/spark-62d6b828-a806-4eaa-86ce-f762f33d869c/userFiles-461dada2-d12b-401e-9558-12e482262f15/com.google.protobuf_protobuf-java-3.11.4.jar
[2025-04-13T19:29:45.253+0000] {spark_submit.py:491} INFO - 25/04/13 19:29:45 INFO Executor: Adding file:/tmp/spark-62d6b828-a806-4eaa-86ce-f762f33d869c/userFiles-461dada2-d12b-401e-9558-12e482262f15/com.google.protobuf_protobuf-java-3.11.4.jar to class loader default
[2025-04-13T19:29:45.254+0000] {spark_submit.py:491} INFO - 25/04/13 19:29:45 INFO Executor: Fetching spark://2c2c0398a738:35617/jars/mysql_mysql-connector-java-8.0.28.jar with timestamp 1744572583323
[2025-04-13T19:29:45.255+0000] {spark_submit.py:491} INFO - 25/04/13 19:29:45 INFO Utils: Fetching spark://2c2c0398a738:35617/jars/mysql_mysql-connector-java-8.0.28.jar to /tmp/spark-62d6b828-a806-4eaa-86ce-f762f33d869c/userFiles-461dada2-d12b-401e-9558-12e482262f15/fetchFileTemp16829036775134887227.tmp
[2025-04-13T19:29:45.282+0000] {spark_submit.py:491} INFO - 25/04/13 19:29:45 INFO Utils: /tmp/spark-62d6b828-a806-4eaa-86ce-f762f33d869c/userFiles-461dada2-d12b-401e-9558-12e482262f15/fetchFileTemp16829036775134887227.tmp has been previously copied to /tmp/spark-62d6b828-a806-4eaa-86ce-f762f33d869c/userFiles-461dada2-d12b-401e-9558-12e482262f15/mysql_mysql-connector-java-8.0.28.jar
[2025-04-13T19:29:45.310+0000] {spark_submit.py:491} INFO - 25/04/13 19:29:45 INFO Executor: Adding file:/tmp/spark-62d6b828-a806-4eaa-86ce-f762f33d869c/userFiles-461dada2-d12b-401e-9558-12e482262f15/mysql_mysql-connector-java-8.0.28.jar to class loader default
[2025-04-13T19:29:45.332+0000] {spark_submit.py:491} INFO - 25/04/13 19:29:45 INFO Utils: Successfully started service 'org.apache.spark.network.netty.NettyBlockTransferService' on port 45233.
[2025-04-13T19:29:45.332+0000] {spark_submit.py:491} INFO - 25/04/13 19:29:45 INFO NettyBlockTransferService: Server created on 2c2c0398a738:45233
[2025-04-13T19:29:45.335+0000] {spark_submit.py:491} INFO - 25/04/13 19:29:45 INFO BlockManager: Using org.apache.spark.storage.RandomBlockReplicationPolicy for block replication policy
[2025-04-13T19:29:45.342+0000] {spark_submit.py:491} INFO - 25/04/13 19:29:45 INFO BlockManagerMaster: Registering BlockManager BlockManagerId(driver, 2c2c0398a738, 45233, None)
[2025-04-13T19:29:45.345+0000] {spark_submit.py:491} INFO - 25/04/13 19:29:45 INFO BlockManagerMasterEndpoint: Registering block manager 2c2c0398a738:45233 with 434.4 MiB RAM, BlockManagerId(driver, 2c2c0398a738, 45233, None)
[2025-04-13T19:29:45.349+0000] {spark_submit.py:491} INFO - 25/04/13 19:29:45 INFO BlockManagerMaster: Registered BlockManager BlockManagerId(driver, 2c2c0398a738, 45233, None)
[2025-04-13T19:29:45.350+0000] {spark_submit.py:491} INFO - 25/04/13 19:29:45 INFO BlockManager: Initialized BlockManager: BlockManagerId(driver, 2c2c0398a738, 45233, None)
[2025-04-13T19:29:45.959+0000] {spark_submit.py:491} INFO - 25/04/13 19:29:45 INFO SharedState: Setting hive.metastore.warehouse.dir ('null') to the value of spark.sql.warehouse.dir.
[2025-04-13T19:29:45.967+0000] {spark_submit.py:491} INFO - 25/04/13 19:29:45 INFO SharedState: Warehouse path is 'file:/opt/airflow/spark-warehouse'.
[2025-04-13T19:29:51.674+0000] {spark_submit.py:491} INFO - 25/04/13 19:29:51 INFO CodeGenerator: Code generated in 314.424584 ms
[2025-04-13T19:29:51.971+0000] {spark_submit.py:491} INFO - 25/04/13 19:29:51 INFO DAGScheduler: Registering RDD 3 (save at NativeMethodAccessorImpl.java:0) as input to shuffle 0
[2025-04-13T19:29:51.978+0000] {spark_submit.py:491} INFO - 25/04/13 19:29:51 INFO DAGScheduler: Got map stage job 0 (save at NativeMethodAccessorImpl.java:0) with 1 output partitions
[2025-04-13T19:29:51.979+0000] {spark_submit.py:491} INFO - 25/04/13 19:29:51 INFO DAGScheduler: Final stage: ShuffleMapStage 0 (save at NativeMethodAccessorImpl.java:0)
[2025-04-13T19:29:51.980+0000] {spark_submit.py:491} INFO - 25/04/13 19:29:51 INFO DAGScheduler: Parents of final stage: List()
[2025-04-13T19:29:51.983+0000] {spark_submit.py:491} INFO - 25/04/13 19:29:51 INFO DAGScheduler: Missing parents: List()
[2025-04-13T19:29:51.989+0000] {spark_submit.py:491} INFO - 25/04/13 19:29:51 INFO DAGScheduler: Submitting ShuffleMapStage 0 (MapPartitionsRDD[3] at save at NativeMethodAccessorImpl.java:0), which has no missing parents
[2025-04-13T19:29:52.182+0000] {spark_submit.py:491} INFO - 25/04/13 19:29:52 INFO MemoryStore: Block broadcast_0 stored as values in memory (estimated size 32.2 KiB, free 434.4 MiB)
[2025-04-13T19:29:52.220+0000] {spark_submit.py:491} INFO - 25/04/13 19:29:52 INFO MemoryStore: Block broadcast_0_piece0 stored as bytes in memory (estimated size 15.2 KiB, free 434.4 MiB)
[2025-04-13T19:29:52.222+0000] {spark_submit.py:491} INFO - 25/04/13 19:29:52 INFO BlockManagerInfo: Added broadcast_0_piece0 in memory on 2c2c0398a738:45233 (size: 15.2 KiB, free: 434.4 MiB)
[2025-04-13T19:29:52.225+0000] {spark_submit.py:491} INFO - 25/04/13 19:29:52 INFO SparkContext: Created broadcast 0 from broadcast at DAGScheduler.scala:1585
[2025-04-13T19:29:52.244+0000] {spark_submit.py:491} INFO - 25/04/13 19:29:52 INFO DAGScheduler: Submitting 1 missing tasks from ShuffleMapStage 0 (MapPartitionsRDD[3] at save at NativeMethodAccessorImpl.java:0) (first 15 tasks are for partitions Vector(0))
[2025-04-13T19:29:52.245+0000] {spark_submit.py:491} INFO - 25/04/13 19:29:52 INFO TaskSchedulerImpl: Adding task set 0.0 with 1 tasks resource profile 0
[2025-04-13T19:29:52.291+0000] {spark_submit.py:491} INFO - 25/04/13 19:29:52 INFO TaskSetManager: Starting task 0.0 in stage 0.0 (TID 0) (2c2c0398a738, executor driver, partition 0, PROCESS_LOCAL, 9329 bytes)
[2025-04-13T19:29:52.312+0000] {spark_submit.py:491} INFO - 25/04/13 19:29:52 INFO Executor: Running task 0.0 in stage 0.0 (TID 0)
[2025-04-13T19:29:53.304+0000] {spark_submit.py:491} INFO - 25/04/13 19:29:53 INFO CodeGenerator: Code generated in 93.693584 ms
[2025-04-13T19:29:53.394+0000] {spark_submit.py:491} INFO - 25/04/13 19:29:53 INFO CodeGenerator: Code generated in 55.190541 ms
[2025-04-13T19:29:53.458+0000] {spark_submit.py:491} INFO - 25/04/13 19:29:53 INFO CodeGenerator: Code generated in 48.744125 ms
[2025-04-13T19:29:53.499+0000] {spark_submit.py:491} INFO - 25/04/13 19:29:53 INFO CodeGenerator: Code generated in 18.090916 ms
[2025-04-13T19:29:54.968+0000] {spark_submit.py:491} INFO - 25/04/13 19:29:54 INFO JDBCRDD: closed connection
[2025-04-13T19:29:55.204+0000] {spark_submit.py:491} INFO - 25/04/13 19:29:55 INFO CodeGenerator: Code generated in 53.690541 ms
[2025-04-13T19:29:55.611+0000] {spark_submit.py:491} INFO - 25/04/13 19:29:55 INFO Executor: Finished task 0.0 in stage 0.0 (TID 0). 2341 bytes result sent to driver
[2025-04-13T19:29:55.636+0000] {spark_submit.py:491} INFO - 25/04/13 19:29:55 INFO TaskSetManager: Finished task 0.0 in stage 0.0 (TID 0) in 3358 ms on 2c2c0398a738 (executor driver) (1/1)
[2025-04-13T19:29:55.637+0000] {spark_submit.py:491} INFO - 25/04/13 19:29:55 INFO TaskSchedulerImpl: Removed TaskSet 0.0, whose tasks have all completed, from pool
[2025-04-13T19:29:55.649+0000] {spark_submit.py:491} INFO - 25/04/13 19:29:55 INFO DAGScheduler: ShuffleMapStage 0 (save at NativeMethodAccessorImpl.java:0) finished in 3.641 s
[2025-04-13T19:29:55.651+0000] {spark_submit.py:491} INFO - 25/04/13 19:29:55 INFO DAGScheduler: looking for newly runnable stages
[2025-04-13T19:29:55.652+0000] {spark_submit.py:491} INFO - 25/04/13 19:29:55 INFO DAGScheduler: running: Set()
[2025-04-13T19:29:55.652+0000] {spark_submit.py:491} INFO - 25/04/13 19:29:55 INFO DAGScheduler: waiting: Set()
[2025-04-13T19:29:55.653+0000] {spark_submit.py:491} INFO - 25/04/13 19:29:55 INFO DAGScheduler: failed: Set()
[2025-04-13T19:29:55.715+0000] {spark_submit.py:491} INFO - 25/04/13 19:29:55 INFO ShufflePartitionsUtil: For shuffle(0), advisory target size: 67108864, actual target size 1048576, minimum partition size: 1048576
[2025-04-13T19:29:55.821+0000] {spark_submit.py:491} INFO - 25/04/13 19:29:55 INFO CodeGenerator: Code generated in 41.290625 ms
[2025-04-13T19:29:55.853+0000] {spark_submit.py:491} INFO - 25/04/13 19:29:55 INFO CodeGenerator: Code generated in 20.263791 ms
[2025-04-13T19:29:56.024+0000] {spark_submit.py:491} INFO - 25/04/13 19:29:56 INFO SparkContext: Starting job: save at NativeMethodAccessorImpl.java:0
[2025-04-13T19:29:56.029+0000] {spark_submit.py:491} INFO - 25/04/13 19:29:56 INFO DAGScheduler: Got job 1 (save at NativeMethodAccessorImpl.java:0) with 1 output partitions
[2025-04-13T19:29:56.029+0000] {spark_submit.py:491} INFO - 25/04/13 19:29:56 INFO DAGScheduler: Final stage: ResultStage 2 (save at NativeMethodAccessorImpl.java:0)
[2025-04-13T19:29:56.030+0000] {spark_submit.py:491} INFO - 25/04/13 19:29:56 INFO DAGScheduler: Parents of final stage: List(ShuffleMapStage 1)
[2025-04-13T19:29:56.032+0000] {spark_submit.py:491} INFO - 25/04/13 19:29:56 INFO DAGScheduler: Missing parents: List()
[2025-04-13T19:29:56.037+0000] {spark_submit.py:491} INFO - 25/04/13 19:29:56 INFO DAGScheduler: Submitting ResultStage 2 (MapPartitionsRDD[11] at save at NativeMethodAccessorImpl.java:0), which has no missing parents
[2025-04-13T19:29:56.092+0000] {spark_submit.py:491} INFO - 25/04/13 19:29:56 INFO MemoryStore: Block broadcast_1 stored as values in memory (estimated size 49.8 KiB, free 434.3 MiB)
[2025-04-13T19:29:56.095+0000] {spark_submit.py:491} INFO - 25/04/13 19:29:56 INFO MemoryStore: Block broadcast_1_piece0 stored as bytes in memory (estimated size 22.6 KiB, free 434.3 MiB)
[2025-04-13T19:29:56.095+0000] {spark_submit.py:491} INFO - 25/04/13 19:29:56 INFO BlockManagerInfo: Added broadcast_1_piece0 in memory on 2c2c0398a738:45233 (size: 22.6 KiB, free: 434.4 MiB)
[2025-04-13T19:29:56.096+0000] {spark_submit.py:491} INFO - 25/04/13 19:29:56 INFO SparkContext: Created broadcast 1 from broadcast at DAGScheduler.scala:1585
[2025-04-13T19:29:56.100+0000] {spark_submit.py:491} INFO - 25/04/13 19:29:56 INFO DAGScheduler: Submitting 1 missing tasks from ResultStage 2 (MapPartitionsRDD[11] at save at NativeMethodAccessorImpl.java:0) (first 15 tasks are for partitions Vector(0))
[2025-04-13T19:29:56.100+0000] {spark_submit.py:491} INFO - 25/04/13 19:29:56 INFO TaskSchedulerImpl: Adding task set 2.0 with 1 tasks resource profile 0
[2025-04-13T19:29:56.111+0000] {spark_submit.py:491} INFO - 25/04/13 19:29:56 INFO TaskSetManager: Starting task 0.0 in stage 2.0 (TID 1) (2c2c0398a738, executor driver, partition 0, NODE_LOCAL, 9494 bytes)
[2025-04-13T19:29:56.115+0000] {spark_submit.py:491} INFO - 25/04/13 19:29:56 INFO Executor: Running task 0.0 in stage 2.0 (TID 1)
[2025-04-13T19:29:56.259+0000] {spark_submit.py:491} INFO - 25/04/13 19:29:56 INFO ShuffleBlockFetcherIterator: Getting 1 (504.0 KiB) non-empty blocks including 1 (504.0 KiB) local and 0 (0.0 B) host-local and 0 (0.0 B) push-merged-local and 0 (0.0 B) remote blocks
[2025-04-13T19:29:56.261+0000] {spark_submit.py:491} INFO - 25/04/13 19:29:56 INFO ShuffleBlockFetcherIterator: Started 0 remote fetches in 10 ms
[2025-04-13T19:29:56.310+0000] {spark_submit.py:491} INFO - 25/04/13 19:29:56 INFO CodeGenerator: Code generated in 40.798417 ms
[2025-04-13T19:29:56.437+0000] {spark_submit.py:491} INFO - 25/04/13 19:29:56 INFO CodeGenerator: Code generated in 36.713208 ms
[2025-04-13T19:29:56.463+0000] {spark_submit.py:491} INFO - 25/04/13 19:29:56 INFO CodeGenerator: Code generated in 11.272375 ms
[2025-04-13T19:29:56.489+0000] {spark_submit.py:491} INFO - 25/04/13 19:29:56 INFO CodeGenerator: Code generated in 17.888083 ms
[2025-04-13T19:29:56.548+0000] {spark_submit.py:491} INFO - 25/04/13 19:29:56 INFO CodeGenerator: Code generated in 42.724375 ms
[2025-04-13T19:29:56.637+0000] {spark_submit.py:491} INFO - 25/04/13 19:29:56 INFO CodeGenerator: Code generated in 71.616125 ms
[2025-04-13T19:29:56.755+0000] {spark_submit.py:491} INFO - 25/04/13 19:29:56 INFO CodeGenerator: Code generated in 75.217208 ms
[2025-04-13T19:29:58.829+0000] {spark_submit.py:491} INFO - 25/04/13 19:29:58 INFO Executor: Finished task 0.0 in stage 2.0 (TID 1). 4601 bytes result sent to driver
[2025-04-13T19:29:58.845+0000] {spark_submit.py:491} INFO - 25/04/13 19:29:58 INFO TaskSetManager: Finished task 0.0 in stage 2.0 (TID 1) in 2735 ms on 2c2c0398a738 (executor driver) (1/1)
[2025-04-13T19:29:58.845+0000] {spark_submit.py:491} INFO - 25/04/13 19:29:58 INFO TaskSchedulerImpl: Removed TaskSet 2.0, whose tasks have all completed, from pool
[2025-04-13T19:29:58.850+0000] {spark_submit.py:491} INFO - 25/04/13 19:29:58 INFO DAGScheduler: ResultStage 2 (save at NativeMethodAccessorImpl.java:0) finished in 2.786 s
[2025-04-13T19:29:58.853+0000] {spark_submit.py:491} INFO - 25/04/13 19:29:58 INFO DAGScheduler: Job 1 is finished. Cancelling potential speculative or zombie tasks for this job
[2025-04-13T19:29:58.854+0000] {spark_submit.py:491} INFO - 25/04/13 19:29:58 INFO TaskSchedulerImpl: Killing all running tasks in stage 2: Stage finished
[2025-04-13T19:29:58.856+0000] {spark_submit.py:491} INFO - 25/04/13 19:29:58 INFO DAGScheduler: Job 1 finished: save at NativeMethodAccessorImpl.java:0, took 2.831822 s
[2025-04-13T19:29:58.977+0000] {spark_submit.py:491} INFO - 25/04/13 19:29:58 INFO SparkContext: Invoking stop() from shutdown hook
[2025-04-13T19:29:58.977+0000] {spark_submit.py:491} INFO - 25/04/13 19:29:58 INFO SparkContext: SparkContext is stopping with exitCode 0.
[2025-04-13T19:29:58.992+0000] {spark_submit.py:491} INFO - 25/04/13 19:29:58 INFO SparkUI: Stopped Spark web UI at http://2c2c0398a738:4040
[2025-04-13T19:29:59.008+0000] {spark_submit.py:491} INFO - 25/04/13 19:29:59 INFO MapOutputTrackerMasterEndpoint: MapOutputTrackerMasterEndpoint stopped!
[2025-04-13T19:29:59.056+0000] {spark_submit.py:491} INFO - 25/04/13 19:29:59 INFO MemoryStore: MemoryStore cleared
[2025-04-13T19:29:59.057+0000] {spark_submit.py:491} INFO - 25/04/13 19:29:59 INFO BlockManager: BlockManager stopped
[2025-04-13T19:29:59.063+0000] {spark_submit.py:491} INFO - 25/04/13 19:29:59 INFO BlockManagerMaster: BlockManagerMaster stopped
[2025-04-13T19:29:59.065+0000] {spark_submit.py:491} INFO - 25/04/13 19:29:59 INFO OutputCommitCoordinator$OutputCommitCoordinatorEndpoint: OutputCommitCoordinator stopped!
[2025-04-13T19:29:59.104+0000] {spark_submit.py:491} INFO - 25/04/13 19:29:59 INFO SparkContext: Successfully stopped SparkContext
[2025-04-13T19:29:59.105+0000] {spark_submit.py:491} INFO - 25/04/13 19:29:59 INFO ShutdownHookManager: Shutdown hook called
[2025-04-13T19:29:59.105+0000] {spark_submit.py:491} INFO - 25/04/13 19:29:59 INFO ShutdownHookManager: Deleting directory /tmp/spark-a5ab073a-03fd-4429-a912-9fc209d317fb
[2025-04-13T19:29:59.133+0000] {spark_submit.py:491} INFO - 25/04/13 19:29:59 INFO ShutdownHookManager: Deleting directory /tmp/spark-62d6b828-a806-4eaa-86ce-f762f33d869c
[2025-04-13T19:29:59.164+0000] {spark_submit.py:491} INFO - 25/04/13 19:29:59 INFO ShutdownHookManager: Deleting directory /tmp/spark-62d6b828-a806-4eaa-86ce-f762f33d869c/pyspark-15cafa4b-592c-4491-bd26-7847ec360a83
[2025-04-13T19:29:59.272+0000] {taskinstance.py:1398} INFO - Marking task as SUCCESS. dag_id=daily_search_volume_aggregation, task_id=aggregate_search_volume, execution_date=20250413T180100, start_date=20250413T192926, end_date=20250413T192959
[2025-04-13T19:29:59.324+0000] {local_task_job_runner.py:228} INFO - Task exited with return code 0
[2025-04-13T19:29:59.344+0000] {taskinstance.py:2776} INFO - 0 downstream tasks scheduled from follow-on schedule check
[2025-04-13T19:32:53.138+0000] {taskinstance.py:1157} INFO - Dependencies all met for dep_context=non-requeueable deps ti=<TaskInstance: daily_search_volume_aggregation.aggregate_search_volume scheduled__2025-04-13T18:01:00+00:00 [queued]>
[2025-04-13T19:32:53.146+0000] {taskinstance.py:1157} INFO - Dependencies all met for dep_context=requeueable deps ti=<TaskInstance: daily_search_volume_aggregation.aggregate_search_volume scheduled__2025-04-13T18:01:00+00:00 [queued]>
[2025-04-13T19:32:53.147+0000] {taskinstance.py:1359} INFO - Starting attempt 1 of 2
[2025-04-13T19:32:53.157+0000] {taskinstance.py:1380} INFO - Executing <Task(SparkSubmitOperator): aggregate_search_volume> on 2025-04-13 18:01:00+00:00
[2025-04-13T19:32:53.162+0000] {standard_task_runner.py:57} INFO - Started process 194 to run task
[2025-04-13T19:32:53.165+0000] {standard_task_runner.py:84} INFO - Running: ['airflow', 'tasks', 'run', 'daily_search_volume_aggregation', 'aggregate_search_volume', 'scheduled__2025-04-13T18:01:00+00:00', '--job-id', '2', '--raw', '--subdir', 'DAGS_FOLDER/daily_search_volume_aggregation.py', '--cfg-path', '/tmp/tmpdbtuxpus']
[2025-04-13T19:32:53.168+0000] {standard_task_runner.py:85} INFO - Job 2: Subtask aggregate_search_volume
[2025-04-13T19:32:53.229+0000] {task_command.py:415} INFO - Running <TaskInstance: daily_search_volume_aggregation.aggregate_search_volume scheduled__2025-04-13T18:01:00+00:00 [running]> on host a62d865c5b9f
[2025-04-13T19:32:53.307+0000] {taskinstance.py:1660} INFO - Exporting env vars: AIRFLOW_CTX_DAG_OWNER='airflow' AIRFLOW_CTX_DAG_ID='daily_search_volume_aggregation' AIRFLOW_CTX_TASK_ID='aggregate_search_volume' AIRFLOW_CTX_EXECUTION_DATE='2025-04-13T18:01:00+00:00' AIRFLOW_CTX_TRY_NUMBER='1' AIRFLOW_CTX_DAG_RUN_ID='scheduled__2025-04-13T18:01:00+00:00'
[2025-04-13T19:32:53.309+0000] {base.py:73} INFO - Using connection ID 'spark_default' for task execution.
[2025-04-13T19:32:53.310+0000] {spark_submit.py:340} INFO - Spark-Submit cmd: spark-submit --master spark:7077 --conf spark.driver.memory=1g --conf spark.executor.memory=1g --conf spark.jars.packages=mysql:mysql-connector-java:8.0.28 --name arrow-spark --verbose /opt/airflow/dags/spark/daily_aggregation.py
[2025-04-13T19:32:56.964+0000] {spark_submit.py:491} INFO - Using properties file: null
[2025-04-13T19:32:57.120+0000] {spark_submit.py:491} INFO - Parsed arguments:
[2025-04-13T19:32:57.121+0000] {spark_submit.py:491} INFO - master                  spark:7077
[2025-04-13T19:32:57.122+0000] {spark_submit.py:491} INFO - remote                  null
[2025-04-13T19:32:57.122+0000] {spark_submit.py:491} INFO - deployMode              null
[2025-04-13T19:32:57.124+0000] {spark_submit.py:491} INFO - executorMemory          1g
[2025-04-13T19:32:57.124+0000] {spark_submit.py:491} INFO - executorCores           null
[2025-04-13T19:32:57.124+0000] {spark_submit.py:491} INFO - totalExecutorCores      null
[2025-04-13T19:32:57.124+0000] {spark_submit.py:491} INFO - propertiesFile          null
[2025-04-13T19:32:57.125+0000] {spark_submit.py:491} INFO - driverMemory            1g
[2025-04-13T19:32:57.125+0000] {spark_submit.py:491} INFO - driverCores             null
[2025-04-13T19:32:57.125+0000] {spark_submit.py:491} INFO - driverExtraClassPath    null
[2025-04-13T19:32:57.125+0000] {spark_submit.py:491} INFO - driverExtraLibraryPath  null
[2025-04-13T19:32:57.125+0000] {spark_submit.py:491} INFO - driverExtraJavaOptions  null
[2025-04-13T19:32:57.126+0000] {spark_submit.py:491} INFO - supervise               false
[2025-04-13T19:32:57.126+0000] {spark_submit.py:491} INFO - queue                   null
[2025-04-13T19:32:57.126+0000] {spark_submit.py:491} INFO - numExecutors            null
[2025-04-13T19:32:57.126+0000] {spark_submit.py:491} INFO - files                   null
[2025-04-13T19:32:57.126+0000] {spark_submit.py:491} INFO - pyFiles                 null
[2025-04-13T19:32:57.126+0000] {spark_submit.py:491} INFO - archives                null
[2025-04-13T19:32:57.127+0000] {spark_submit.py:491} INFO - mainClass               null
[2025-04-13T19:32:57.127+0000] {spark_submit.py:491} INFO - primaryResource         file:/opt/airflow/dags/spark/daily_aggregation.py
[2025-04-13T19:32:57.127+0000] {spark_submit.py:491} INFO - name                    arrow-spark
[2025-04-13T19:32:57.127+0000] {spark_submit.py:491} INFO - childArgs               []
[2025-04-13T19:32:57.127+0000] {spark_submit.py:491} INFO - jars                    null
[2025-04-13T19:32:57.127+0000] {spark_submit.py:491} INFO - packages                mysql:mysql-connector-java:8.0.28
[2025-04-13T19:32:57.128+0000] {spark_submit.py:491} INFO - packagesExclusions      null
[2025-04-13T19:32:57.128+0000] {spark_submit.py:491} INFO - repositories            null
[2025-04-13T19:32:57.128+0000] {spark_submit.py:491} INFO - verbose                 true
[2025-04-13T19:32:57.128+0000] {spark_submit.py:491} INFO - 
[2025-04-13T19:32:57.128+0000] {spark_submit.py:491} INFO - Spark properties used, including those specified through
[2025-04-13T19:32:57.129+0000] {spark_submit.py:491} INFO - --conf and those from the properties file null:
[2025-04-13T19:32:57.129+0000] {spark_submit.py:491} INFO - (spark.driver.memory,1g)
[2025-04-13T19:32:57.129+0000] {spark_submit.py:491} INFO - (spark.executor.memory,1g)
[2025-04-13T19:32:57.129+0000] {spark_submit.py:491} INFO - (spark.jars.packages,mysql:mysql-connector-java:8.0.28)
[2025-04-13T19:32:57.129+0000] {spark_submit.py:491} INFO - 
[2025-04-13T19:32:57.129+0000] {spark_submit.py:491} INFO - 
[2025-04-13T19:32:57.276+0000] {spark_submit.py:491} INFO - :: loading settings :: url = jar:file:/home/airflow/.local/lib/python3.8/site-packages/pyspark/jars/ivy-2.5.1.jar!/org/apache/ivy/core/settings/ivysettings.xml
[2025-04-13T19:32:57.520+0000] {spark_submit.py:491} INFO - Ivy Default Cache set to: /home/airflow/.ivy2/cache
[2025-04-13T19:32:57.521+0000] {spark_submit.py:491} INFO - The jars for the packages stored in: /home/airflow/.ivy2/jars
[2025-04-13T19:32:57.527+0000] {spark_submit.py:491} INFO - mysql#mysql-connector-java added as a dependency
[2025-04-13T19:32:57.528+0000] {spark_submit.py:491} INFO - :: resolving dependencies :: org.apache.spark#spark-submit-parent-625388d1-ab65-4787-964a-9dc6c1622c2c;1.0
[2025-04-13T19:32:57.528+0000] {spark_submit.py:491} INFO - confs: [default]
[2025-04-13T19:32:59.325+0000] {spark_submit.py:491} INFO - found mysql#mysql-connector-java;8.0.28 in central
[2025-04-13T19:33:02.848+0000] {spark_submit.py:491} INFO - found com.google.protobuf#protobuf-java;3.11.4 in central
[2025-04-13T19:33:03.097+0000] {spark_submit.py:491} INFO - downloading https://repo1.maven.org/maven2/mysql/mysql-connector-java/8.0.28/mysql-connector-java-8.0.28.jar ...
[2025-04-13T19:33:05.466+0000] {spark_submit.py:491} INFO - [SUCCESSFUL ] mysql#mysql-connector-java;8.0.28!mysql-connector-java.jar (2586ms)
[2025-04-13T19:33:05.694+0000] {spark_submit.py:491} INFO - downloading https://repo1.maven.org/maven2/com/google/protobuf/protobuf-java/3.11.4/protobuf-java-3.11.4.jar ...
[2025-04-13T19:33:07.234+0000] {spark_submit.py:491} INFO - [SUCCESSFUL ] com.google.protobuf#protobuf-java;3.11.4!protobuf-java.jar(bundle) (1755ms)
[2025-04-13T19:33:07.242+0000] {spark_submit.py:491} INFO - :: resolution report :: resolve 5344ms :: artifacts dl 4369ms
[2025-04-13T19:33:07.242+0000] {spark_submit.py:491} INFO - :: modules in use:
[2025-04-13T19:33:07.243+0000] {spark_submit.py:491} INFO - com.google.protobuf#protobuf-java;3.11.4 from central in [default]
[2025-04-13T19:33:07.243+0000] {spark_submit.py:491} INFO - mysql#mysql-connector-java;8.0.28 from central in [default]
[2025-04-13T19:33:07.244+0000] {spark_submit.py:491} INFO - ---------------------------------------------------------------------
[2025-04-13T19:33:07.244+0000] {spark_submit.py:491} INFO - |                  |            modules            ||   artifacts   |
[2025-04-13T19:33:07.244+0000] {spark_submit.py:491} INFO - |       conf       | number| search|dwnlded|evicted|| number|dwnlded|
[2025-04-13T19:33:07.245+0000] {spark_submit.py:491} INFO - ---------------------------------------------------------------------
[2025-04-13T19:33:07.245+0000] {spark_submit.py:491} INFO - |      default     |   2   |   2   |   2   |   0   ||   2   |   2   |
[2025-04-13T19:33:07.245+0000] {spark_submit.py:491} INFO - ---------------------------------------------------------------------
[2025-04-13T19:33:07.254+0000] {spark_submit.py:491} INFO - :: retrieving :: org.apache.spark#spark-submit-parent-625388d1-ab65-4787-964a-9dc6c1622c2c
[2025-04-13T19:33:07.256+0000] {spark_submit.py:491} INFO - confs: [default]
[2025-04-13T19:33:07.281+0000] {spark_submit.py:491} INFO - 2 artifacts copied, 0 already retrieved (4040kB/27ms)
[2025-04-13T19:33:07.598+0000] {spark_submit.py:491} INFO - 25/04/13 19:33:07 WARN NativeCodeLoader: Unable to load native-hadoop library for your platform... using builtin-java classes where applicable
[2025-04-13T19:33:07.948+0000] {spark_submit.py:491} INFO - Main class:
[2025-04-13T19:33:07.948+0000] {spark_submit.py:491} INFO - org.apache.spark.deploy.PythonRunner
[2025-04-13T19:33:07.949+0000] {spark_submit.py:491} INFO - Arguments:
[2025-04-13T19:33:07.949+0000] {spark_submit.py:491} INFO - file:/opt/airflow/dags/spark/daily_aggregation.py
[2025-04-13T19:33:07.949+0000] {spark_submit.py:491} INFO - file:///home/airflow/.ivy2/jars/mysql_mysql-connector-java-8.0.28.jar,file:///home/airflow/.ivy2/jars/com.google.protobuf_protobuf-java-3.11.4.jar
[2025-04-13T19:33:07.953+0000] {spark_submit.py:491} INFO - Spark config:
[2025-04-13T19:33:07.954+0000] {spark_submit.py:491} INFO - (spark.app.name,arrow-spark)
[2025-04-13T19:33:07.954+0000] {spark_submit.py:491} INFO - (spark.app.submitTime,1744572787902)
[2025-04-13T19:33:07.954+0000] {spark_submit.py:491} INFO - (spark.driver.memory,1g)
[2025-04-13T19:33:07.955+0000] {spark_submit.py:491} INFO - (spark.executor.memory,1g)
[2025-04-13T19:33:07.955+0000] {spark_submit.py:491} INFO - (spark.files,file:///home/airflow/.ivy2/jars/mysql_mysql-connector-java-8.0.28.jar,file:///home/airflow/.ivy2/jars/com.google.protobuf_protobuf-java-3.11.4.jar)
[2025-04-13T19:33:07.955+0000] {spark_submit.py:491} INFO - (spark.jars,file:///home/airflow/.ivy2/jars/mysql_mysql-connector-java-8.0.28.jar,file:///home/airflow/.ivy2/jars/com.google.protobuf_protobuf-java-3.11.4.jar)
[2025-04-13T19:33:07.955+0000] {spark_submit.py:491} INFO - (spark.jars.packages,mysql:mysql-connector-java:8.0.28)
[2025-04-13T19:33:07.955+0000] {spark_submit.py:491} INFO - (spark.master,spark:7077)
[2025-04-13T19:33:07.956+0000] {spark_submit.py:491} INFO - (spark.repl.local.jars,file:///home/airflow/.ivy2/jars/mysql_mysql-connector-java-8.0.28.jar,file:///home/airflow/.ivy2/jars/com.google.protobuf_protobuf-java-3.11.4.jar)
[2025-04-13T19:33:07.956+0000] {spark_submit.py:491} INFO - (spark.submit.deployMode,client)
[2025-04-13T19:33:07.956+0000] {spark_submit.py:491} INFO - (spark.submit.pyFiles,/home/airflow/.ivy2/jars/mysql_mysql-connector-java-8.0.28.jar,/home/airflow/.ivy2/jars/com.google.protobuf_protobuf-java-3.11.4.jar)
[2025-04-13T19:33:07.956+0000] {spark_submit.py:491} INFO - Classpath elements:
[2025-04-13T19:33:07.956+0000] {spark_submit.py:491} INFO - file:///home/airflow/.ivy2/jars/mysql_mysql-connector-java-8.0.28.jar
[2025-04-13T19:33:07.956+0000] {spark_submit.py:491} INFO - file:///home/airflow/.ivy2/jars/com.google.protobuf_protobuf-java-3.11.4.jar
[2025-04-13T19:33:07.957+0000] {spark_submit.py:491} INFO - 
[2025-04-13T19:33:07.957+0000] {spark_submit.py:491} INFO - 
[2025-04-13T19:33:09.136+0000] {spark_submit.py:491} INFO - 25/04/13 19:33:09 INFO SparkContext: Running Spark version 3.5.5
[2025-04-13T19:33:09.137+0000] {spark_submit.py:491} INFO - 25/04/13 19:33:09 INFO SparkContext: OS info Linux, 6.12.5-linuxkit, amd64
[2025-04-13T19:33:09.138+0000] {spark_submit.py:491} INFO - 25/04/13 19:33:09 INFO SparkContext: Java version 11.0.26
[2025-04-13T19:33:09.169+0000] {spark_submit.py:491} INFO - 25/04/13 19:33:09 INFO ResourceUtils: ==============================================================
[2025-04-13T19:33:09.170+0000] {spark_submit.py:491} INFO - 25/04/13 19:33:09 INFO ResourceUtils: No custom resources configured for spark.driver.
[2025-04-13T19:33:09.170+0000] {spark_submit.py:491} INFO - 25/04/13 19:33:09 INFO ResourceUtils: ==============================================================
[2025-04-13T19:33:09.171+0000] {spark_submit.py:491} INFO - 25/04/13 19:33:09 INFO SparkContext: Submitted application: DailySearchVolumeAggregation
[2025-04-13T19:33:09.203+0000] {spark_submit.py:491} INFO - 25/04/13 19:33:09 INFO ResourceProfile: Default ResourceProfile created, executor resources: Map(cores -> name: cores, amount: 1, script: , vendor: , memory -> name: memory, amount: 1024, script: , vendor: , offHeap -> name: offHeap, amount: 0, script: , vendor: ), task resources: Map(cpus -> name: cpus, amount: 1.0)
[2025-04-13T19:33:09.215+0000] {spark_submit.py:491} INFO - 25/04/13 19:33:09 INFO ResourceProfile: Limiting resource is cpu
[2025-04-13T19:33:09.215+0000] {spark_submit.py:491} INFO - 25/04/13 19:33:09 INFO ResourceProfileManager: Added ResourceProfile id: 0
[2025-04-13T19:33:09.278+0000] {spark_submit.py:491} INFO - 25/04/13 19:33:09 INFO SecurityManager: Changing view acls to: airflow
[2025-04-13T19:33:09.278+0000] {spark_submit.py:491} INFO - 25/04/13 19:33:09 INFO SecurityManager: Changing modify acls to: airflow
[2025-04-13T19:33:09.278+0000] {spark_submit.py:491} INFO - 25/04/13 19:33:09 INFO SecurityManager: Changing view acls groups to:
[2025-04-13T19:33:09.279+0000] {spark_submit.py:491} INFO - 25/04/13 19:33:09 INFO SecurityManager: Changing modify acls groups to:
[2025-04-13T19:33:09.279+0000] {spark_submit.py:491} INFO - 25/04/13 19:33:09 INFO SecurityManager: SecurityManager: authentication disabled; ui acls disabled; users with view permissions: airflow; groups with view permissions: EMPTY; users with modify permissions: airflow; groups with modify permissions: EMPTY
[2025-04-13T19:33:09.580+0000] {spark_submit.py:491} INFO - 25/04/13 19:33:09 INFO Utils: Successfully started service 'sparkDriver' on port 44291.
[2025-04-13T19:33:09.624+0000] {spark_submit.py:491} INFO - 25/04/13 19:33:09 INFO SparkEnv: Registering MapOutputTracker
[2025-04-13T19:33:09.671+0000] {spark_submit.py:491} INFO - 25/04/13 19:33:09 INFO SparkEnv: Registering BlockManagerMaster
[2025-04-13T19:33:09.691+0000] {spark_submit.py:491} INFO - 25/04/13 19:33:09 INFO BlockManagerMasterEndpoint: Using org.apache.spark.storage.DefaultTopologyMapper for getting topology information
[2025-04-13T19:33:09.692+0000] {spark_submit.py:491} INFO - 25/04/13 19:33:09 INFO BlockManagerMasterEndpoint: BlockManagerMasterEndpoint up
[2025-04-13T19:33:09.700+0000] {spark_submit.py:491} INFO - 25/04/13 19:33:09 INFO SparkEnv: Registering BlockManagerMasterHeartbeat
[2025-04-13T19:33:09.723+0000] {spark_submit.py:491} INFO - 25/04/13 19:33:09 INFO DiskBlockManager: Created local directory at /tmp/blockmgr-e1438c7c-1846-4c79-8db5-0be4875bf3ef
[2025-04-13T19:33:09.741+0000] {spark_submit.py:491} INFO - 25/04/13 19:33:09 INFO MemoryStore: MemoryStore started with capacity 434.4 MiB
[2025-04-13T19:33:09.762+0000] {spark_submit.py:491} INFO - 25/04/13 19:33:09 INFO SparkEnv: Registering OutputCommitCoordinator
[2025-04-13T19:33:09.937+0000] {spark_submit.py:491} INFO - 25/04/13 19:33:09 INFO JettyUtils: Start Jetty 0.0.0.0:4040 for SparkUI
[2025-04-13T19:33:10.015+0000] {spark_submit.py:491} INFO - 25/04/13 19:33:10 INFO Utils: Successfully started service 'SparkUI' on port 4040.
[2025-04-13T19:33:10.073+0000] {spark_submit.py:491} INFO - 25/04/13 19:33:10 INFO SparkContext: Added JAR file:///home/airflow/.ivy2/jars/mysql_mysql-connector-java-8.0.28.jar at spark://a62d865c5b9f:44291/jars/mysql_mysql-connector-java-8.0.28.jar with timestamp 1744572789124
[2025-04-13T19:33:10.075+0000] {spark_submit.py:491} INFO - 25/04/13 19:33:10 INFO SparkContext: Added JAR file:///home/airflow/.ivy2/jars/com.google.protobuf_protobuf-java-3.11.4.jar at spark://a62d865c5b9f:44291/jars/com.google.protobuf_protobuf-java-3.11.4.jar with timestamp 1744572789124
[2025-04-13T19:33:10.081+0000] {spark_submit.py:491} INFO - 25/04/13 19:33:10 INFO SparkContext: Added file file:///home/airflow/.ivy2/jars/mysql_mysql-connector-java-8.0.28.jar at file:///home/airflow/.ivy2/jars/mysql_mysql-connector-java-8.0.28.jar with timestamp 1744572789124
[2025-04-13T19:33:10.082+0000] {spark_submit.py:491} INFO - 25/04/13 19:33:10 INFO Utils: Copying /home/airflow/.ivy2/jars/mysql_mysql-connector-java-8.0.28.jar to /tmp/spark-165eca5c-2e55-4e45-bb76-56622aa9604b/userFiles-34248eb4-c55d-4fe4-8a22-3b0232ff38a6/mysql_mysql-connector-java-8.0.28.jar
[2025-04-13T19:33:10.117+0000] {spark_submit.py:491} INFO - 25/04/13 19:33:10 INFO SparkContext: Added file file:///home/airflow/.ivy2/jars/com.google.protobuf_protobuf-java-3.11.4.jar at file:///home/airflow/.ivy2/jars/com.google.protobuf_protobuf-java-3.11.4.jar with timestamp 1744572789124
[2025-04-13T19:33:10.118+0000] {spark_submit.py:491} INFO - 25/04/13 19:33:10 INFO Utils: Copying /home/airflow/.ivy2/jars/com.google.protobuf_protobuf-java-3.11.4.jar to /tmp/spark-165eca5c-2e55-4e45-bb76-56622aa9604b/userFiles-34248eb4-c55d-4fe4-8a22-3b0232ff38a6/com.google.protobuf_protobuf-java-3.11.4.jar
[2025-04-13T19:33:10.230+0000] {spark_submit.py:491} INFO - 25/04/13 19:33:10 INFO Executor: Starting executor ID driver on host a62d865c5b9f
[2025-04-13T19:33:10.231+0000] {spark_submit.py:491} INFO - 25/04/13 19:33:10 INFO Executor: OS info Linux, 6.12.5-linuxkit, amd64
[2025-04-13T19:33:10.231+0000] {spark_submit.py:491} INFO - 25/04/13 19:33:10 INFO Executor: Java version 11.0.26
[2025-04-13T19:33:10.245+0000] {spark_submit.py:491} INFO - 25/04/13 19:33:10 INFO Executor: Starting executor with user classpath (userClassPathFirst = false): ''
[2025-04-13T19:33:10.251+0000] {spark_submit.py:491} INFO - 25/04/13 19:33:10 INFO Executor: Created or updated repl class loader org.apache.spark.util.MutableURLClassLoader@641947b8 for default.
[2025-04-13T19:33:10.264+0000] {spark_submit.py:491} INFO - 25/04/13 19:33:10 INFO Executor: Fetching file:///home/airflow/.ivy2/jars/mysql_mysql-connector-java-8.0.28.jar with timestamp 1744572789124
[2025-04-13T19:33:10.302+0000] {spark_submit.py:491} INFO - 25/04/13 19:33:10 INFO Utils: /home/airflow/.ivy2/jars/mysql_mysql-connector-java-8.0.28.jar has been previously copied to /tmp/spark-165eca5c-2e55-4e45-bb76-56622aa9604b/userFiles-34248eb4-c55d-4fe4-8a22-3b0232ff38a6/mysql_mysql-connector-java-8.0.28.jar
[2025-04-13T19:33:10.328+0000] {spark_submit.py:491} INFO - 25/04/13 19:33:10 INFO Executor: Fetching file:///home/airflow/.ivy2/jars/com.google.protobuf_protobuf-java-3.11.4.jar with timestamp 1744572789124
[2025-04-13T19:33:10.332+0000] {spark_submit.py:491} INFO - 25/04/13 19:33:10 INFO Utils: /home/airflow/.ivy2/jars/com.google.protobuf_protobuf-java-3.11.4.jar has been previously copied to /tmp/spark-165eca5c-2e55-4e45-bb76-56622aa9604b/userFiles-34248eb4-c55d-4fe4-8a22-3b0232ff38a6/com.google.protobuf_protobuf-java-3.11.4.jar
[2025-04-13T19:33:10.358+0000] {spark_submit.py:491} INFO - 25/04/13 19:33:10 INFO Executor: Fetching spark://a62d865c5b9f:44291/jars/mysql_mysql-connector-java-8.0.28.jar with timestamp 1744572789124
[2025-04-13T19:33:10.406+0000] {spark_submit.py:491} INFO - 25/04/13 19:33:10 INFO TransportClientFactory: Successfully created connection to a62d865c5b9f/172.18.0.9:44291 after 34 ms (0 ms spent in bootstraps)
[2025-04-13T19:33:10.425+0000] {spark_submit.py:491} INFO - 25/04/13 19:33:10 INFO Utils: Fetching spark://a62d865c5b9f:44291/jars/mysql_mysql-connector-java-8.0.28.jar to /tmp/spark-165eca5c-2e55-4e45-bb76-56622aa9604b/userFiles-34248eb4-c55d-4fe4-8a22-3b0232ff38a6/fetchFileTemp13851682917857014596.tmp
[2025-04-13T19:33:10.469+0000] {spark_submit.py:491} INFO - 25/04/13 19:33:10 INFO Utils: /tmp/spark-165eca5c-2e55-4e45-bb76-56622aa9604b/userFiles-34248eb4-c55d-4fe4-8a22-3b0232ff38a6/fetchFileTemp13851682917857014596.tmp has been previously copied to /tmp/spark-165eca5c-2e55-4e45-bb76-56622aa9604b/userFiles-34248eb4-c55d-4fe4-8a22-3b0232ff38a6/mysql_mysql-connector-java-8.0.28.jar
[2025-04-13T19:33:10.495+0000] {spark_submit.py:491} INFO - 25/04/13 19:33:10 INFO Executor: Adding file:/tmp/spark-165eca5c-2e55-4e45-bb76-56622aa9604b/userFiles-34248eb4-c55d-4fe4-8a22-3b0232ff38a6/mysql_mysql-connector-java-8.0.28.jar to class loader default
[2025-04-13T19:33:10.496+0000] {spark_submit.py:491} INFO - 25/04/13 19:33:10 INFO Executor: Fetching spark://a62d865c5b9f:44291/jars/com.google.protobuf_protobuf-java-3.11.4.jar with timestamp 1744572789124
[2025-04-13T19:33:10.497+0000] {spark_submit.py:491} INFO - 25/04/13 19:33:10 INFO Utils: Fetching spark://a62d865c5b9f:44291/jars/com.google.protobuf_protobuf-java-3.11.4.jar to /tmp/spark-165eca5c-2e55-4e45-bb76-56622aa9604b/userFiles-34248eb4-c55d-4fe4-8a22-3b0232ff38a6/fetchFileTemp3533543342620236755.tmp
[2025-04-13T19:33:10.512+0000] {spark_submit.py:491} INFO - 25/04/13 19:33:10 INFO Utils: /tmp/spark-165eca5c-2e55-4e45-bb76-56622aa9604b/userFiles-34248eb4-c55d-4fe4-8a22-3b0232ff38a6/fetchFileTemp3533543342620236755.tmp has been previously copied to /tmp/spark-165eca5c-2e55-4e45-bb76-56622aa9604b/userFiles-34248eb4-c55d-4fe4-8a22-3b0232ff38a6/com.google.protobuf_protobuf-java-3.11.4.jar
[2025-04-13T19:33:10.538+0000] {spark_submit.py:491} INFO - 25/04/13 19:33:10 INFO Executor: Adding file:/tmp/spark-165eca5c-2e55-4e45-bb76-56622aa9604b/userFiles-34248eb4-c55d-4fe4-8a22-3b0232ff38a6/com.google.protobuf_protobuf-java-3.11.4.jar to class loader default
[2025-04-13T19:33:10.551+0000] {spark_submit.py:491} INFO - 25/04/13 19:33:10 INFO Utils: Successfully started service 'org.apache.spark.network.netty.NettyBlockTransferService' on port 41963.
[2025-04-13T19:33:10.552+0000] {spark_submit.py:491} INFO - 25/04/13 19:33:10 INFO NettyBlockTransferService: Server created on a62d865c5b9f:41963
[2025-04-13T19:33:10.554+0000] {spark_submit.py:491} INFO - 25/04/13 19:33:10 INFO BlockManager: Using org.apache.spark.storage.RandomBlockReplicationPolicy for block replication policy
[2025-04-13T19:33:10.559+0000] {spark_submit.py:491} INFO - 25/04/13 19:33:10 INFO BlockManagerMaster: Registering BlockManager BlockManagerId(driver, a62d865c5b9f, 41963, None)
[2025-04-13T19:33:10.563+0000] {spark_submit.py:491} INFO - 25/04/13 19:33:10 INFO BlockManagerMasterEndpoint: Registering block manager a62d865c5b9f:41963 with 434.4 MiB RAM, BlockManagerId(driver, a62d865c5b9f, 41963, None)
[2025-04-13T19:33:10.566+0000] {spark_submit.py:491} INFO - 25/04/13 19:33:10 INFO BlockManagerMaster: Registered BlockManager BlockManagerId(driver, a62d865c5b9f, 41963, None)
[2025-04-13T19:33:10.567+0000] {spark_submit.py:491} INFO - 25/04/13 19:33:10 INFO BlockManager: Initialized BlockManager: BlockManagerId(driver, a62d865c5b9f, 41963, None)
[2025-04-13T19:33:11.159+0000] {spark_submit.py:491} INFO - 25/04/13 19:33:11 INFO SharedState: Setting hive.metastore.warehouse.dir ('null') to the value of spark.sql.warehouse.dir.
[2025-04-13T19:33:11.167+0000] {spark_submit.py:491} INFO - 25/04/13 19:33:11 INFO SharedState: Warehouse path is 'file:/opt/airflow/spark-warehouse'.
[2025-04-13T19:33:15.146+0000] {spark_submit.py:491} INFO - 25/04/13 19:33:15 INFO CodeGenerator: Code generated in 258.764791 ms
[2025-04-13T19:33:15.384+0000] {spark_submit.py:491} INFO - 25/04/13 19:33:15 INFO DAGScheduler: Registering RDD 3 (save at NativeMethodAccessorImpl.java:0) as input to shuffle 0
[2025-04-13T19:33:15.390+0000] {spark_submit.py:491} INFO - 25/04/13 19:33:15 INFO DAGScheduler: Got map stage job 0 (save at NativeMethodAccessorImpl.java:0) with 1 output partitions
[2025-04-13T19:33:15.391+0000] {spark_submit.py:491} INFO - 25/04/13 19:33:15 INFO DAGScheduler: Final stage: ShuffleMapStage 0 (save at NativeMethodAccessorImpl.java:0)
[2025-04-13T19:33:15.391+0000] {spark_submit.py:491} INFO - 25/04/13 19:33:15 INFO DAGScheduler: Parents of final stage: List()
[2025-04-13T19:33:15.395+0000] {spark_submit.py:491} INFO - 25/04/13 19:33:15 INFO DAGScheduler: Missing parents: List()
[2025-04-13T19:33:15.399+0000] {spark_submit.py:491} INFO - 25/04/13 19:33:15 INFO DAGScheduler: Submitting ShuffleMapStage 0 (MapPartitionsRDD[3] at save at NativeMethodAccessorImpl.java:0), which has no missing parents
[2025-04-13T19:33:15.574+0000] {spark_submit.py:491} INFO - 25/04/13 19:33:15 INFO MemoryStore: Block broadcast_0 stored as values in memory (estimated size 32.2 KiB, free 434.4 MiB)
[2025-04-13T19:33:15.613+0000] {spark_submit.py:491} INFO - 25/04/13 19:33:15 INFO MemoryStore: Block broadcast_0_piece0 stored as bytes in memory (estimated size 15.2 KiB, free 434.4 MiB)
[2025-04-13T19:33:15.615+0000] {spark_submit.py:491} INFO - 25/04/13 19:33:15 INFO BlockManagerInfo: Added broadcast_0_piece0 in memory on a62d865c5b9f:41963 (size: 15.2 KiB, free: 434.4 MiB)
[2025-04-13T19:33:15.619+0000] {spark_submit.py:491} INFO - 25/04/13 19:33:15 INFO SparkContext: Created broadcast 0 from broadcast at DAGScheduler.scala:1585
[2025-04-13T19:33:15.640+0000] {spark_submit.py:491} INFO - 25/04/13 19:33:15 INFO DAGScheduler: Submitting 1 missing tasks from ShuffleMapStage 0 (MapPartitionsRDD[3] at save at NativeMethodAccessorImpl.java:0) (first 15 tasks are for partitions Vector(0))
[2025-04-13T19:33:15.642+0000] {spark_submit.py:491} INFO - 25/04/13 19:33:15 INFO TaskSchedulerImpl: Adding task set 0.0 with 1 tasks resource profile 0
[2025-04-13T19:33:15.687+0000] {spark_submit.py:491} INFO - 25/04/13 19:33:15 INFO TaskSetManager: Starting task 0.0 in stage 0.0 (TID 0) (a62d865c5b9f, executor driver, partition 0, PROCESS_LOCAL, 9329 bytes)
[2025-04-13T19:33:15.711+0000] {spark_submit.py:491} INFO - 25/04/13 19:33:15 INFO Executor: Running task 0.0 in stage 0.0 (TID 0)
[2025-04-13T19:33:16.780+0000] {spark_submit.py:491} INFO - 25/04/13 19:33:16 INFO CodeGenerator: Code generated in 90.009333 ms
[2025-04-13T19:33:16.863+0000] {spark_submit.py:491} INFO - 25/04/13 19:33:16 INFO CodeGenerator: Code generated in 50.587292 ms
[2025-04-13T19:33:16.911+0000] {spark_submit.py:491} INFO - 25/04/13 19:33:16 INFO CodeGenerator: Code generated in 33.17825 ms
[2025-04-13T19:33:16.967+0000] {spark_submit.py:491} INFO - 25/04/13 19:33:16 INFO CodeGenerator: Code generated in 31.393333 ms
[2025-04-13T19:33:18.304+0000] {spark_submit.py:491} INFO - 25/04/13 19:33:18 INFO JDBCRDD: closed connection
[2025-04-13T19:33:18.554+0000] {spark_submit.py:491} INFO - 25/04/13 19:33:18 INFO CodeGenerator: Code generated in 52.572917 ms
[2025-04-13T19:33:18.834+0000] {spark_submit.py:491} INFO - 25/04/13 19:33:18 INFO Executor: Finished task 0.0 in stage 0.0 (TID 0). 2341 bytes result sent to driver
[2025-04-13T19:33:18.853+0000] {spark_submit.py:491} INFO - 25/04/13 19:33:18 INFO TaskSetManager: Finished task 0.0 in stage 0.0 (TID 0) in 3177 ms on a62d865c5b9f (executor driver) (1/1)
[2025-04-13T19:33:18.855+0000] {spark_submit.py:491} INFO - 25/04/13 19:33:18 INFO TaskSchedulerImpl: Removed TaskSet 0.0, whose tasks have all completed, from pool
[2025-04-13T19:33:18.864+0000] {spark_submit.py:491} INFO - 25/04/13 19:33:18 INFO DAGScheduler: ShuffleMapStage 0 (save at NativeMethodAccessorImpl.java:0) finished in 3.453 s
[2025-04-13T19:33:18.865+0000] {spark_submit.py:491} INFO - 25/04/13 19:33:18 INFO DAGScheduler: looking for newly runnable stages
[2025-04-13T19:33:18.866+0000] {spark_submit.py:491} INFO - 25/04/13 19:33:18 INFO DAGScheduler: running: Set()
[2025-04-13T19:33:18.866+0000] {spark_submit.py:491} INFO - 25/04/13 19:33:18 INFO DAGScheduler: waiting: Set()
[2025-04-13T19:33:18.866+0000] {spark_submit.py:491} INFO - 25/04/13 19:33:18 INFO DAGScheduler: failed: Set()
[2025-04-13T19:33:18.920+0000] {spark_submit.py:491} INFO - 25/04/13 19:33:18 INFO ShufflePartitionsUtil: For shuffle(0), advisory target size: 67108864, actual target size 1048576, minimum partition size: 1048576
[2025-04-13T19:33:19.012+0000] {spark_submit.py:491} INFO - 25/04/13 19:33:19 INFO CodeGenerator: Code generated in 24.911 ms
[2025-04-13T19:33:19.037+0000] {spark_submit.py:491} INFO - 25/04/13 19:33:19 INFO CodeGenerator: Code generated in 17.582083 ms
[2025-04-13T19:33:19.212+0000] {spark_submit.py:491} INFO - 25/04/13 19:33:19 INFO SparkContext: Starting job: save at NativeMethodAccessorImpl.java:0
[2025-04-13T19:33:19.219+0000] {spark_submit.py:491} INFO - 25/04/13 19:33:19 INFO DAGScheduler: Got job 1 (save at NativeMethodAccessorImpl.java:0) with 1 output partitions
[2025-04-13T19:33:19.220+0000] {spark_submit.py:491} INFO - 25/04/13 19:33:19 INFO DAGScheduler: Final stage: ResultStage 2 (save at NativeMethodAccessorImpl.java:0)
[2025-04-13T19:33:19.220+0000] {spark_submit.py:491} INFO - 25/04/13 19:33:19 INFO DAGScheduler: Parents of final stage: List(ShuffleMapStage 1)
[2025-04-13T19:33:19.222+0000] {spark_submit.py:491} INFO - 25/04/13 19:33:19 INFO DAGScheduler: Missing parents: List()
[2025-04-13T19:33:19.226+0000] {spark_submit.py:491} INFO - 25/04/13 19:33:19 INFO DAGScheduler: Submitting ResultStage 2 (MapPartitionsRDD[11] at save at NativeMethodAccessorImpl.java:0), which has no missing parents
[2025-04-13T19:33:19.286+0000] {spark_submit.py:491} INFO - 25/04/13 19:33:19 INFO MemoryStore: Block broadcast_1 stored as values in memory (estimated size 49.8 KiB, free 434.3 MiB)
[2025-04-13T19:33:19.293+0000] {spark_submit.py:491} INFO - 25/04/13 19:33:19 INFO MemoryStore: Block broadcast_1_piece0 stored as bytes in memory (estimated size 22.6 KiB, free 434.3 MiB)
[2025-04-13T19:33:19.294+0000] {spark_submit.py:491} INFO - 25/04/13 19:33:19 INFO BlockManagerInfo: Added broadcast_1_piece0 in memory on a62d865c5b9f:41963 (size: 22.6 KiB, free: 434.4 MiB)
[2025-04-13T19:33:19.295+0000] {spark_submit.py:491} INFO - 25/04/13 19:33:19 INFO SparkContext: Created broadcast 1 from broadcast at DAGScheduler.scala:1585
[2025-04-13T19:33:19.298+0000] {spark_submit.py:491} INFO - 25/04/13 19:33:19 INFO DAGScheduler: Submitting 1 missing tasks from ResultStage 2 (MapPartitionsRDD[11] at save at NativeMethodAccessorImpl.java:0) (first 15 tasks are for partitions Vector(0))
[2025-04-13T19:33:19.298+0000] {spark_submit.py:491} INFO - 25/04/13 19:33:19 INFO TaskSchedulerImpl: Adding task set 2.0 with 1 tasks resource profile 0
[2025-04-13T19:33:19.315+0000] {spark_submit.py:491} INFO - 25/04/13 19:33:19 INFO TaskSetManager: Starting task 0.0 in stage 2.0 (TID 1) (a62d865c5b9f, executor driver, partition 0, NODE_LOCAL, 9494 bytes)
[2025-04-13T19:33:19.318+0000] {spark_submit.py:491} INFO - 25/04/13 19:33:19 INFO Executor: Running task 0.0 in stage 2.0 (TID 1)
[2025-04-13T19:33:19.464+0000] {spark_submit.py:491} INFO - 25/04/13 19:33:19 INFO ShuffleBlockFetcherIterator: Getting 1 (504.1 KiB) non-empty blocks including 1 (504.1 KiB) local and 0 (0.0 B) host-local and 0 (0.0 B) push-merged-local and 0 (0.0 B) remote blocks
[2025-04-13T19:33:19.466+0000] {spark_submit.py:491} INFO - 25/04/13 19:33:19 INFO ShuffleBlockFetcherIterator: Started 0 remote fetches in 11 ms
[2025-04-13T19:33:19.516+0000] {spark_submit.py:491} INFO - 25/04/13 19:33:19 INFO CodeGenerator: Code generated in 42.1615 ms
[2025-04-13T19:33:19.730+0000] {spark_submit.py:491} INFO - 25/04/13 19:33:19 INFO CodeGenerator: Code generated in 55.779792 ms
[2025-04-13T19:33:19.787+0000] {spark_submit.py:491} INFO - 25/04/13 19:33:19 INFO CodeGenerator: Code generated in 24.441125 ms
[2025-04-13T19:33:19.815+0000] {spark_submit.py:491} INFO - 25/04/13 19:33:19 INFO CodeGenerator: Code generated in 19.357708 ms
[2025-04-13T19:33:19.836+0000] {spark_submit.py:491} INFO - 25/04/13 19:33:19 INFO CodeGenerator: Code generated in 18.191125 ms
[2025-04-13T19:33:19.865+0000] {spark_submit.py:491} INFO - 25/04/13 19:33:19 INFO CodeGenerator: Code generated in 27.030334 ms
[2025-04-13T19:33:19.971+0000] {spark_submit.py:491} INFO - 25/04/13 19:33:19 INFO CodeGenerator: Code generated in 83.958792 ms
[2025-04-13T19:33:22.381+0000] {spark_submit.py:491} INFO - 25/04/13 19:33:22 INFO Executor: Finished task 0.0 in stage 2.0 (TID 1). 4601 bytes result sent to driver
[2025-04-13T19:33:22.395+0000] {spark_submit.py:491} INFO - 25/04/13 19:33:22 INFO TaskSetManager: Finished task 0.0 in stage 2.0 (TID 1) in 3084 ms on a62d865c5b9f (executor driver) (1/1)
[2025-04-13T19:33:22.396+0000] {spark_submit.py:491} INFO - 25/04/13 19:33:22 INFO TaskSchedulerImpl: Removed TaskSet 2.0, whose tasks have all completed, from pool
[2025-04-13T19:33:22.402+0000] {spark_submit.py:491} INFO - 25/04/13 19:33:22 INFO DAGScheduler: ResultStage 2 (save at NativeMethodAccessorImpl.java:0) finished in 3.145 s
[2025-04-13T19:33:22.406+0000] {spark_submit.py:491} INFO - 25/04/13 19:33:22 INFO DAGScheduler: Job 1 is finished. Cancelling potential speculative or zombie tasks for this job
[2025-04-13T19:33:22.406+0000] {spark_submit.py:491} INFO - 25/04/13 19:33:22 INFO TaskSchedulerImpl: Killing all running tasks in stage 2: Stage finished
[2025-04-13T19:33:22.408+0000] {spark_submit.py:491} INFO - 25/04/13 19:33:22 INFO DAGScheduler: Job 1 finished: save at NativeMethodAccessorImpl.java:0, took 3.195380 s
[2025-04-13T19:33:22.514+0000] {spark_submit.py:491} INFO - 25/04/13 19:33:22 INFO SparkContext: Invoking stop() from shutdown hook
[2025-04-13T19:33:22.514+0000] {spark_submit.py:491} INFO - 25/04/13 19:33:22 INFO SparkContext: SparkContext is stopping with exitCode 0.
[2025-04-13T19:33:22.531+0000] {spark_submit.py:491} INFO - 25/04/13 19:33:22 INFO SparkUI: Stopped Spark web UI at http://a62d865c5b9f:4040
[2025-04-13T19:33:22.545+0000] {spark_submit.py:491} INFO - 25/04/13 19:33:22 INFO MapOutputTrackerMasterEndpoint: MapOutputTrackerMasterEndpoint stopped!
[2025-04-13T19:33:22.594+0000] {spark_submit.py:491} INFO - 25/04/13 19:33:22 INFO MemoryStore: MemoryStore cleared
[2025-04-13T19:33:22.594+0000] {spark_submit.py:491} INFO - 25/04/13 19:33:22 INFO BlockManager: BlockManager stopped
[2025-04-13T19:33:22.600+0000] {spark_submit.py:491} INFO - 25/04/13 19:33:22 INFO BlockManagerMaster: BlockManagerMaster stopped
[2025-04-13T19:33:22.602+0000] {spark_submit.py:491} INFO - 25/04/13 19:33:22 INFO OutputCommitCoordinator$OutputCommitCoordinatorEndpoint: OutputCommitCoordinator stopped!
[2025-04-13T19:33:22.645+0000] {spark_submit.py:491} INFO - 25/04/13 19:33:22 INFO SparkContext: Successfully stopped SparkContext
[2025-04-13T19:33:22.645+0000] {spark_submit.py:491} INFO - 25/04/13 19:33:22 INFO ShutdownHookManager: Shutdown hook called
[2025-04-13T19:33:22.645+0000] {spark_submit.py:491} INFO - 25/04/13 19:33:22 INFO ShutdownHookManager: Deleting directory /tmp/spark-165eca5c-2e55-4e45-bb76-56622aa9604b
[2025-04-13T19:33:22.682+0000] {spark_submit.py:491} INFO - 25/04/13 19:33:22 INFO ShutdownHookManager: Deleting directory /tmp/spark-165eca5c-2e55-4e45-bb76-56622aa9604b/pyspark-7194c5ad-435c-4206-8e30-b62fb6a84d69
[2025-04-13T19:33:22.733+0000] {spark_submit.py:491} INFO - 25/04/13 19:33:22 INFO ShutdownHookManager: Deleting directory /tmp/spark-a133c2ce-8e8e-4ebf-a40c-d296890926bc
[2025-04-13T19:33:22.852+0000] {taskinstance.py:1398} INFO - Marking task as SUCCESS. dag_id=daily_search_volume_aggregation, task_id=aggregate_search_volume, execution_date=20250413T180100, start_date=20250413T193253, end_date=20250413T193322
[2025-04-13T19:33:22.899+0000] {local_task_job_runner.py:228} INFO - Task exited with return code 0
[2025-04-13T19:33:22.918+0000] {taskinstance.py:2776} INFO - 0 downstream tasks scheduled from follow-on schedule check
